{"total": {"lines":{"total":534,"covered":0,"skipped":0,"pct":0},"statements":{"total":549,"covered":0,"skipped":0,"pct":0},"functions":{"total":76,"covered":0,"skipped":0,"pct":0},"branches":{"total":298,"covered":0,"skipped":0,"pct":0},"branchesTrue":{"total":0,"covered":0,"skipped":0,"pct":100}}
,"/Users/tebogoseopa/University-Research-Collaboration-Platform/src/server.js": {"lines":{"total":143,"covered":0,"skipped":0,"pct":0},"functions":{"total":16,"covered":0,"skipped":0,"pct":0},"statements":{"total":152,"covered":0,"skipped":0,"pct":0},"branches":{"total":82,"covered":0,"skipped":0,"pct":0}}
,"/Users/tebogoseopa/University-Research-Collaboration-Platform/src/public/js/auth.js": {"lines":{"total":76,"covered":0,"skipped":0,"pct":0},"functions":{"total":16,"covered":0,"skipped":0,"pct":0},"statements":{"total":78,"covered":0,"skipped":0,"pct":0},"branches":{"total":60,"covered":0,"skipped":0,"pct":0}}
,"/Users/tebogoseopa/University-Research-Collaboration-Platform/src/public/js/login.js": {"lines":{"total":82,"covered":0,"skipped":0,"pct":0},"functions":{"total":7,"covered":0,"skipped":0,"pct":0},"statements":{"total":82,"covered":0,"skipped":0,"pct":0},"branches":{"total":42,"covered":0,"skipped":0,"pct":0}}
,"/Users/tebogoseopa/University-Research-Collaboration-Platform/src/public/js/main.js": {"lines":{"total":49,"covered":0,"skipped":0,"pct":0},"functions":{"total":12,"covered":0,"skipped":0,"pct":0},"statements":{"total":51,"covered":0,"skipped":0,"pct":0},"branches":{"total":16,"covered":0,"skipped":0,"pct":0}}
,"/Users/tebogoseopa/University-Research-Collaboration-Platform/src/public/js/signup.js": {"lines":{"total":184,"covered":0,"skipped":0,"pct":0},"functions":{"total":25,"covered":0,"skipped":0,"pct":0},"statements":{"total":186,"covered":0,"skipped":0,"pct":0},"branches":{"total":98,"covered":0,"skipped":0,"pct":0}}
}
