{"/Users/tebogoseopa/University-Research-Collaboration-Platform/src/public/js/auth.js": {"path":"/Users/tebogoseopa/University-Research-Collaboration-Platform/src/public/js/auth.js","statementMap":{"0":{"start":{"line":3,"column":0},"end":{"line":183,"column":3}},"1":{"start":{"line":5,"column":15},"end":{"line":58,"column":3}},"2":{"start":{"line":8,"column":10},"end":{"line":8,"column":63}},"3":{"start":{"line":13,"column":27},"end":{"line":13,"column":63}},"4":{"start":{"line":14,"column":10},"end":{"line":14,"column":56}},"5":{"start":{"line":19,"column":23},"end":{"line":19,"column":44}},"6":{"start":{"line":20,"column":10},"end":{"line":20,"column":51}},"7":{"start":{"line":25,"column":10},"end":{"line":56,"column":11}},"8":{"start":{"line":26,"column":31},"end":{"line":31,"column":16}},"9":{"start":{"line":33,"column":14},"end":{"line":33,"column":54}},"10":{"start":{"line":34,"column":14},"end":{"line":34,"column":58}},"11":{"start":{"line":37,"column":14},"end":{"line":39,"column":15}},"12":{"start":{"line":38,"column":18},"end":{"line":38,"column":80}},"13":{"start":{"line":42,"column":34},"end":{"line":42,"column":58}},"14":{"start":{"line":43,"column":37},"end":{"line":43,"column":76}},"15":{"start":{"line":45,"column":14},"end":{"line":50,"column":15}},"16":{"start":{"line":45,"column":46},"end":{"line":45,"column":72}},"17":{"start":{"line":46,"column":18},"end":{"line":46,"column":45}},"18":{"start":{"line":49,"column":18},"end":{"line":49,"column":43}},"19":{"start":{"line":52,"column":14},"end":{"line":52,"column":52}},"20":{"start":{"line":53,"column":14},"end":{"line":55,"column":15}},"21":{"start":{"line":54,"column":18},"end":{"line":54,"column":72}},"22":{"start":{"line":62,"column":26},"end":{"line":62,"column":90}},"23":{"start":{"line":64,"column":6},"end":{"line":95,"column":7}},"24":{"start":{"line":65,"column":27},"end":{"line":65,"column":48}},"25":{"start":{"line":66,"column":23},"end":{"line":66,"column":61}},"26":{"start":{"line":67,"column":23},"end":{"line":67,"column":57}},"27":{"start":{"line":68,"column":30},"end":{"line":68,"column":94}},"28":{"start":{"line":70,"column":10},"end":{"line":70,"column":64}},"29":{"start":{"line":72,"column":10},"end":{"line":79,"column":13}},"30":{"start":{"line":73,"column":14},"end":{"line":78,"column":16}},"31":{"start":{"line":82,"column":10},"end":{"line":84,"column":13}},"32":{"start":{"line":83,"column":14},"end":{"line":83,"column":57}},"33":{"start":{"line":87,"column":10},"end":{"line":87,"column":37}},"34":{"start":{"line":89,"column":10},"end":{"line":94,"column":13}},"35":{"start":{"line":90,"column":14},"end":{"line":93,"column":16}},"36":{"start":{"line":100,"column":6},"end":{"line":100,"column":56}},"37":{"start":{"line":103,"column":33},"end":{"line":103,"column":78}},"38":{"start":{"line":104,"column":31},"end":{"line":104,"column":74}},"39":{"start":{"line":105,"column":28},"end":{"line":105,"column":68}},"40":{"start":{"line":107,"column":6},"end":{"line":109,"column":9}},"41":{"start":{"line":108,"column":10},"end":{"line":108,"column":65}},"42":{"start":{"line":111,"column":6},"end":{"line":113,"column":9}},"43":{"start":{"line":112,"column":10},"end":{"line":112,"column":63}},"44":{"start":{"line":115,"column":6},"end":{"line":117,"column":9}},"45":{"start":{"line":116,"column":10},"end":{"line":116,"column":60}},"46":{"start":{"line":121,"column":2},"end":{"line":121,"column":18}},"47":{"start":{"line":124,"column":20},"end":{"line":124,"column":63}},"48":{"start":{"line":125,"column":2},"end":{"line":129,"column":3}},"49":{"start":{"line":126,"column":6},"end":{"line":128,"column":7}},"50":{"start":{"line":127,"column":10},"end":{"line":127,"column":80}},"51":{"start":{"line":132,"column":2},"end":{"line":145,"column":3}},"52":{"start":{"line":133,"column":6},"end":{"line":135,"column":7}},"53":{"start":{"line":134,"column":10},"end":{"line":134,"column":90}},"54":{"start":{"line":138,"column":24},"end":{"line":138,"column":60}},"55":{"start":{"line":139,"column":6},"end":{"line":144,"column":7}},"56":{"start":{"line":140,"column":10},"end":{"line":140,"column":46}},"57":{"start":{"line":141,"column":10},"end":{"line":143,"column":19}},"58":{"start":{"line":142,"column":14},"end":{"line":142,"column":53}},"59":{"start":{"line":148,"column":2},"end":{"line":153,"column":3}},"60":{"start":{"line":149,"column":27},"end":{"line":149,"column":49}},"61":{"start":{"line":150,"column":6},"end":{"line":152,"column":7}},"62":{"start":{"line":151,"column":10},"end":{"line":151,"column":63}},"63":{"start":{"line":156,"column":2},"end":{"line":158,"column":3}},"64":{"start":{"line":157,"column":6},"end":{"line":157,"column":27}},"65":{"start":{"line":162,"column":6},"end":{"line":162,"column":37}},"66":{"start":{"line":162,"column":30},"end":{"line":162,"column":37}},"67":{"start":{"line":164,"column":23},"end":{"line":164,"column":44}},"68":{"start":{"line":165,"column":19},"end":{"line":165,"column":47}},"69":{"start":{"line":166,"column":19},"end":{"line":166,"column":57}},"70":{"start":{"line":167,"column":29},"end":{"line":167,"column":71}},"71":{"start":{"line":168,"column":29},"end":{"line":168,"column":71}},"72":{"start":{"line":170,"column":6},"end":{"line":170,"column":76}},"73":{"start":{"line":172,"column":6},"end":{"line":174,"column":7}},"74":{"start":{"line":173,"column":10},"end":{"line":173,"column":99}},"75":{"start":{"line":176,"column":6},"end":{"line":178,"column":7}},"76":{"start":{"line":177,"column":10},"end":{"line":177,"column":64}},"77":{"start":{"line":182,"column":2},"end":{"line":182,"column":21}}},"fnMap":{"0":{"name":"(anonymous_0)","decl":{"start":{"line":3,"column":46},"end":{"line":3,"column":47}},"loc":{"start":{"line":3,"column":57},"end":{"line":183,"column":1}},"line":3},"1":{"name":"(anonymous_1)","decl":{"start":{"line":7,"column":18},"end":{"line":7,"column":19}},"loc":{"start":{"line":7,"column":29},"end":{"line":9,"column":7}},"line":7},"2":{"name":"(anonymous_2)","decl":{"start":{"line":12,"column":22},"end":{"line":12,"column":23}},"loc":{"start":{"line":12,"column":33},"end":{"line":15,"column":7}},"line":12},"3":{"name":"(anonymous_3)","decl":{"start":{"line":18,"column":19},"end":{"line":18,"column":20}},"loc":{"start":{"line":18,"column":30},"end":{"line":21,"column":7}},"line":18},"4":{"name":"(anonymous_4)","decl":{"start":{"line":24,"column":14},"end":{"line":24,"column":15}},"loc":{"start":{"line":24,"column":31},"end":{"line":57,"column":7}},"line":24},"5":{"name":"(anonymous_5)","decl":{"start":{"line":45,"column":38},"end":{"line":45,"column":39}},"loc":{"start":{"line":45,"column":46},"end":{"line":45,"column":72}},"line":45},"6":{"name":"updateLoginUI","decl":{"start":{"line":61,"column":11},"end":{"line":61,"column":24}},"loc":{"start":{"line":61,"column":27},"end":{"line":96,"column":3}},"line":61},"7":{"name":"(anonymous_7)","decl":{"start":{"line":72,"column":30},"end":{"line":72,"column":31}},"loc":{"start":{"line":72,"column":43},"end":{"line":79,"column":11}},"line":72},"8":{"name":"(anonymous_8)","decl":{"start":{"line":82,"column":59},"end":{"line":82,"column":60}},"loc":{"start":{"line":82,"column":66},"end":{"line":84,"column":11}},"line":82},"9":{"name":"(anonymous_9)","decl":{"start":{"line":89,"column":30},"end":{"line":89,"column":31}},"loc":{"start":{"line":89,"column":43},"end":{"line":94,"column":11}},"line":89},"10":{"name":"updateRoleSpecificUI","decl":{"start":{"line":99,"column":11},"end":{"line":99,"column":31}},"loc":{"start":{"line":99,"column":38},"end":{"line":118,"column":3}},"line":99},"11":{"name":"(anonymous_11)","decl":{"start":{"line":107,"column":33},"end":{"line":107,"column":34}},"loc":{"start":{"line":107,"column":39},"end":{"line":109,"column":7}},"line":107},"12":{"name":"(anonymous_12)","decl":{"start":{"line":111,"column":31},"end":{"line":111,"column":32}},"loc":{"start":{"line":111,"column":37},"end":{"line":113,"column":7}},"line":111},"13":{"name":"(anonymous_13)","decl":{"start":{"line":115,"column":28},"end":{"line":115,"column":29}},"loc":{"start":{"line":115,"column":34},"end":{"line":117,"column":7}},"line":115},"14":{"name":"(anonymous_14)","decl":{"start":{"line":141,"column":21},"end":{"line":141,"column":22}},"loc":{"start":{"line":141,"column":27},"end":{"line":143,"column":11}},"line":141},"15":{"name":"customizeDashboard","decl":{"start":{"line":161,"column":11},"end":{"line":161,"column":29}},"loc":{"start":{"line":161,"column":32},"end":{"line":179,"column":3}},"line":161}},"branchMap":{"0":{"loc":{"start":{"line":5,"column":15},"end":{"line":58,"column":3}},"type":"binary-expr","locations":[{"start":{"line":5,"column":15},"end":{"line":5,"column":33}},{"start":{"line":5,"column":37},"end":{"line":58,"column":3}}],"line":5},"1":{"loc":{"start":{"line":14,"column":17},"end":{"line":14,"column":55}},"type":"cond-expr","locations":[{"start":{"line":14,"column":28},"end":{"line":14,"column":48}},{"start":{"line":14,"column":51},"end":{"line":14,"column":55}}],"line":14},"2":{"loc":{"start":{"line":20,"column":17},"end":{"line":20,"column":50}},"type":"binary-expr","locations":[{"start":{"line":20,"column":17},"end":{"line":20,"column":42}},{"start":{"line":20,"column":46},"end":{"line":20,"column":50}}],"line":20},"3":{"loc":{"start":{"line":37,"column":14},"end":{"line":39,"column":15}},"type":"if","locations":[{"start":{"line":37,"column":14},"end":{"line":39,"column":15}},{"start":{},"end":{}}],"line":37},"4":{"loc":{"start":{"line":45,"column":14},"end":{"line":50,"column":15}},"type":"if","locations":[{"start":{"line":45,"column":14},"end":{"line":50,"column":15}},{"start":{"line":47,"column":21},"end":{"line":50,"column":15}}],"line":45},"5":{"loc":{"start":{"line":53,"column":14},"end":{"line":55,"column":15}},"type":"if","locations":[{"start":{"line":53,"column":14},"end":{"line":55,"column":15}},{"start":{},"end":{}}],"line":53},"6":{"loc":{"start":{"line":64,"column":6},"end":{"line":95,"column":7}},"type":"if","locations":[{"start":{"line":64,"column":6},"end":{"line":95,"column":7}},{"start":{"line":88,"column":13},"end":{"line":95,"column":7}}],"line":64},"7":{"loc":{"start":{"line":66,"column":23},"end":{"line":66,"column":61}},"type":"binary-expr","locations":[{"start":{"line":66,"column":23},"end":{"line":66,"column":51}},{"start":{"line":66,"column":55},"end":{"line":66,"column":61}}],"line":66},"8":{"loc":{"start":{"line":67,"column":23},"end":{"line":67,"column":57}},"type":"binary-expr","locations":[{"start":{"line":67,"column":23},"end":{"line":67,"column":51}},{"start":{"line":67,"column":55},"end":{"line":67,"column":57}}],"line":67},"9":{"loc":{"start":{"line":68,"column":30},"end":{"line":68,"column":94}},"type":"cond-expr","locations":[{"start":{"line":68,"column":37},"end":{"line":68,"column":89}},{"start":{"line":68,"column":92},"end":{"line":68,"column":94}}],"line":68},"10":{"loc":{"start":{"line":108,"column":29},"end":{"line":108,"column":64}},"type":"cond-expr","locations":[{"start":{"line":108,"column":53},"end":{"line":108,"column":55}},{"start":{"line":108,"column":58},"end":{"line":108,"column":64}}],"line":108},"11":{"loc":{"start":{"line":112,"column":29},"end":{"line":112,"column":62}},"type":"cond-expr","locations":[{"start":{"line":112,"column":51},"end":{"line":112,"column":53}},{"start":{"line":112,"column":56},"end":{"line":112,"column":62}}],"line":112},"12":{"loc":{"start":{"line":116,"column":29},"end":{"line":116,"column":59}},"type":"cond-expr","locations":[{"start":{"line":116,"column":48},"end":{"line":116,"column":50}},{"start":{"line":116,"column":53},"end":{"line":116,"column":59}}],"line":116},"13":{"loc":{"start":{"line":125,"column":2},"end":{"line":129,"column":3}},"type":"if","locations":[{"start":{"line":125,"column":2},"end":{"line":129,"column":3}},{"start":{},"end":{}}],"line":125},"14":{"loc":{"start":{"line":125,"column":6},"end":{"line":125,"column":78}},"type":"binary-expr","locations":[{"start":{"line":125,"column":6},"end":{"line":125,"column":33}},{"start":{"line":125,"column":37},"end":{"line":125,"column":78}}],"line":125},"15":{"loc":{"start":{"line":126,"column":6},"end":{"line":128,"column":7}},"type":"if","locations":[{"start":{"line":126,"column":6},"end":{"line":128,"column":7}},{"start":{},"end":{}}],"line":126},"16":{"loc":{"start":{"line":132,"column":2},"end":{"line":145,"column":3}},"type":"if","locations":[{"start":{"line":132,"column":2},"end":{"line":145,"column":3}},{"start":{},"end":{}}],"line":132},"17":{"loc":{"start":{"line":132,"column":6},"end":{"line":132,"column":71}},"type":"binary-expr","locations":[{"start":{"line":132,"column":6},"end":{"line":132,"column":31}},{"start":{"line":132,"column":35},"end":{"line":132,"column":71}}],"line":132},"18":{"loc":{"start":{"line":133,"column":6},"end":{"line":135,"column":7}},"type":"if","locations":[{"start":{"line":133,"column":6},"end":{"line":135,"column":7}},{"start":{},"end":{}}],"line":133},"19":{"loc":{"start":{"line":139,"column":6},"end":{"line":144,"column":7}},"type":"if","locations":[{"start":{"line":139,"column":6},"end":{"line":144,"column":7}},{"start":{},"end":{}}],"line":139},"20":{"loc":{"start":{"line":148,"column":2},"end":{"line":153,"column":3}},"type":"if","locations":[{"start":{"line":148,"column":2},"end":{"line":153,"column":3}},{"start":{},"end":{}}],"line":148},"21":{"loc":{"start":{"line":148,"column":6},"end":{"line":148,"column":75}},"type":"binary-expr","locations":[{"start":{"line":148,"column":6},"end":{"line":148,"column":49}},{"start":{"line":148,"column":53},"end":{"line":148,"column":75}}],"line":148},"22":{"loc":{"start":{"line":150,"column":6},"end":{"line":152,"column":7}},"type":"if","locations":[{"start":{"line":150,"column":6},"end":{"line":152,"column":7}},{"start":{},"end":{}}],"line":150},"23":{"loc":{"start":{"line":156,"column":2},"end":{"line":158,"column":3}},"type":"if","locations":[{"start":{"line":156,"column":2},"end":{"line":158,"column":3}},{"start":{},"end":{}}],"line":156},"24":{"loc":{"start":{"line":162,"column":6},"end":{"line":162,"column":37}},"type":"if","locations":[{"start":{"line":162,"column":6},"end":{"line":162,"column":37}},{"start":{},"end":{}}],"line":162},"25":{"loc":{"start":{"line":166,"column":19},"end":{"line":166,"column":57}},"type":"binary-expr","locations":[{"start":{"line":166,"column":19},"end":{"line":166,"column":47}},{"start":{"line":166,"column":51},"end":{"line":166,"column":57}}],"line":166},"26":{"loc":{"start":{"line":172,"column":6},"end":{"line":174,"column":7}},"type":"if","locations":[{"start":{"line":172,"column":6},"end":{"line":174,"column":7}},{"start":{},"end":{}}],"line":172},"27":{"loc":{"start":{"line":172,"column":10},"end":{"line":172,"column":32}},"type":"binary-expr","locations":[{"start":{"line":172,"column":10},"end":{"line":172,"column":24}},{"start":{"line":172,"column":28},"end":{"line":172,"column":32}}],"line":172},"28":{"loc":{"start":{"line":176,"column":6},"end":{"line":178,"column":7}},"type":"if","locations":[{"start":{"line":176,"column":6},"end":{"line":178,"column":7}},{"start":{},"end":{}}],"line":176},"29":{"loc":{"start":{"line":176,"column":10},"end":{"line":176,"column":36}},"type":"binary-expr","locations":[{"start":{"line":176,"column":10},"end":{"line":176,"column":24}},{"start":{"line":176,"column":28},"end":{"line":176,"column":36}}],"line":176}},"s":{"0":0,"1":0,"2":0,"3":0,"4":0,"5":0,"6":0,"7":0,"8":0,"9":0,"10":0,"11":0,"12":0,"13":0,"14":0,"15":0,"16":0,"17":0,"18":0,"19":0,"20":0,"21":0,"22":0,"23":0,"24":0,"25":0,"26":0,"27":0,"28":0,"29":0,"30":0,"31":0,"32":0,"33":0,"34":0,"35":0,"36":0,"37":0,"38":0,"39":0,"40":0,"41":0,"42":0,"43":0,"44":0,"45":0,"46":0,"47":0,"48":0,"49":0,"50":0,"51":0,"52":0,"53":0,"54":0,"55":0,"56":0,"57":0,"58":0,"59":0,"60":0,"61":0,"62":0,"63":0,"64":0,"65":0,"66":0,"67":0,"68":0,"69":0,"70":0,"71":0,"72":0,"73":0,"74":0,"75":0,"76":0,"77":0},"f":{"0":0,"1":0,"2":0,"3":0,"4":0,"5":0,"6":0,"7":0,"8":0,"9":0,"10":0,"11":0,"12":0,"13":0,"14":0,"15":0},"b":{"0":[0,0],"1":[0,0],"2":[0,0],"3":[0,0],"4":[0,0],"5":[0,0],"6":[0,0],"7":[0,0],"8":[0,0],"9":[0,0],"10":[0,0],"11":[0,0],"12":[0,0],"13":[0,0],"14":[0,0],"15":[0,0],"16":[0,0],"17":[0,0],"18":[0,0],"19":[0,0],"20":[0,0],"21":[0,0],"22":[0,0],"23":[0,0],"24":[0,0],"25":[0,0],"26":[0,0],"27":[0,0],"28":[0,0],"29":[0,0]}}
,"/Users/tebogoseopa/University-Research-Collaboration-Platform/src/public/js/login.js": {"path":"/Users/tebogoseopa/University-Research-Collaboration-Platform/src/public/js/login.js","statementMap":{"0":{"start":{"line":2,"column":18},"end":{"line":2,"column":54}},"1":{"start":{"line":3,"column":19},"end":{"line":3,"column":51}},"2":{"start":{"line":4,"column":22},"end":{"line":4,"column":57}},"3":{"start":{"line":5,"column":29},"end":{"line":5,"column":82}},"4":{"start":{"line":6,"column":19},"end":{"line":6,"column":56}},"5":{"start":{"line":7,"column":29},"end":{"line":7,"column":33}},"6":{"start":{"line":10,"column":0},"end":{"line":36,"column":3}},"7":{"start":{"line":12,"column":20},"end":{"line":12,"column":63}},"8":{"start":{"line":14,"column":2},"end":{"line":19,"column":3}},"9":{"start":{"line":15,"column":4},"end":{"line":18,"column":5}},"10":{"start":{"line":16,"column":6},"end":{"line":16,"column":114}},"11":{"start":{"line":17,"column":6},"end":{"line":17,"column":59}},"12":{"start":{"line":22,"column":2},"end":{"line":35,"column":3}},"13":{"start":{"line":23,"column":4},"end":{"line":26,"column":5}},"14":{"start":{"line":24,"column":6},"end":{"line":24,"column":83}},"15":{"start":{"line":25,"column":6},"end":{"line":25,"column":59}},"16":{"start":{"line":29,"column":4},"end":{"line":34,"column":5}},"17":{"start":{"line":30,"column":6},"end":{"line":30,"column":42}},"18":{"start":{"line":31,"column":6},"end":{"line":33,"column":15}},"19":{"start":{"line":32,"column":8},"end":{"line":32,"column":47}},"20":{"start":{"line":39,"column":0},"end":{"line":51,"column":1}},"21":{"start":{"line":40,"column":2},"end":{"line":50,"column":5}},"22":{"start":{"line":41,"column":17},"end":{"line":41,"column":56}},"23":{"start":{"line":43,"column":4},"end":{"line":49,"column":5}},"24":{"start":{"line":44,"column":6},"end":{"line":44,"column":34}},"25":{"start":{"line":45,"column":6},"end":{"line":45,"column":55}},"26":{"start":{"line":47,"column":6},"end":{"line":47,"column":38}},"27":{"start":{"line":48,"column":6},"end":{"line":48,"column":55}},"28":{"start":{"line":56,"column":2},"end":{"line":58,"column":3}},"29":{"start":{"line":57,"column":4},"end":{"line":57,"column":36}},"30":{"start":{"line":61,"column":2},"end":{"line":61,"column":57}},"31":{"start":{"line":62,"column":2},"end":{"line":62,"column":59}},"32":{"start":{"line":63,"column":2},"end":{"line":65,"column":4}},"33":{"start":{"line":68,"column":2},"end":{"line":68,"column":85}},"34":{"start":{"line":71,"column":2},"end":{"line":105,"column":5}},"35":{"start":{"line":72,"column":4},"end":{"line":72,"column":23}},"36":{"start":{"line":74,"column":4},"end":{"line":104,"column":5}},"37":{"start":{"line":76,"column":6},"end":{"line":76,"column":71}},"38":{"start":{"line":78,"column":23},"end":{"line":84,"column":8}},"39":{"start":{"line":86,"column":19},"end":{"line":86,"column":40}},"40":{"start":{"line":88,"column":6},"end":{"line":90,"column":7}},"41":{"start":{"line":89,"column":8},"end":{"line":89,"column":79}},"42":{"start":{"line":92,"column":6},"end":{"line":92,"column":85}},"43":{"start":{"line":93,"column":6},"end":{"line":93,"column":59}},"44":{"start":{"line":96,"column":6},"end":{"line":96,"column":70}},"45":{"start":{"line":98,"column":6},"end":{"line":98,"column":57}},"46":{"start":{"line":99,"column":6},"end":{"line":99,"column":45}},"47":{"start":{"line":100,"column":6},"end":{"line":100,"column":57}},"48":{"start":{"line":103,"column":6},"end":{"line":103,"column":70}},"49":{"start":{"line":115,"column":25},"end":{"line":115,"column":43}},"50":{"start":{"line":117,"column":2},"end":{"line":124,"column":3}},"51":{"start":{"line":119,"column":6},"end":{"line":119,"column":43}},"52":{"start":{"line":121,"column":6},"end":{"line":121,"column":46}},"53":{"start":{"line":123,"column":6},"end":{"line":123,"column":48}},"54":{"start":{"line":128,"column":0},"end":{"line":206,"column":1}},"55":{"start":{"line":129,"column":2},"end":{"line":205,"column":5}},"56":{"start":{"line":130,"column":4},"end":{"line":130,"column":23}},"57":{"start":{"line":133,"column":4},"end":{"line":137,"column":5}},"58":{"start":{"line":134,"column":6},"end":{"line":134,"column":70}},"59":{"start":{"line":135,"column":6},"end":{"line":135,"column":57}},"60":{"start":{"line":136,"column":6},"end":{"line":136,"column":13}},"61":{"start":{"line":140,"column":25},"end":{"line":140,"column":73}},"62":{"start":{"line":141,"column":31},"end":{"line":141,"column":55}},"63":{"start":{"line":142,"column":4},"end":{"line":142,"column":33}},"64":{"start":{"line":143,"column":4},"end":{"line":143,"column":47}},"65":{"start":{"line":144,"column":4},"end":{"line":144,"column":32}},"66":{"start":{"line":145,"column":4},"end":{"line":145,"column":49}},"67":{"start":{"line":148,"column":4},"end":{"line":151,"column":5}},"68":{"start":{"line":149,"column":6},"end":{"line":149,"column":38}},"69":{"start":{"line":150,"column":6},"end":{"line":150,"column":36}},"70":{"start":{"line":153,"column":4},"end":{"line":204,"column":5}},"71":{"start":{"line":155,"column":23},"end":{"line":164,"column":8}},"72":{"start":{"line":166,"column":19},"end":{"line":166,"column":40}},"73":{"start":{"line":168,"column":6},"end":{"line":175,"column":7}},"74":{"start":{"line":170,"column":8},"end":{"line":173,"column":9}},"75":{"start":{"line":172,"column":10},"end":{"line":172,"column":45}},"76":{"start":{"line":174,"column":8},"end":{"line":174,"column":56}},"77":{"start":{"line":178,"column":6},"end":{"line":178,"column":70}},"78":{"start":{"line":181,"column":6},"end":{"line":181,"column":66}},"79":{"start":{"line":182,"column":6},"end":{"line":182,"column":59}},"80":{"start":{"line":186,"column":23},"end":{"line":186,"column":69}},"81":{"start":{"line":189,"column":27},"end":{"line":189,"column":58}},"82":{"start":{"line":192,"column":6},"end":{"line":194,"column":15}},"83":{"start":{"line":193,"column":8},"end":{"line":193,"column":44}},"84":{"start":{"line":197,"column":6},"end":{"line":197,"column":43}},"85":{"start":{"line":198,"column":6},"end":{"line":198,"column":81}},"86":{"start":{"line":199,"column":6},"end":{"line":199,"column":57}},"87":{"start":{"line":202,"column":6},"end":{"line":202,"column":36}},"88":{"start":{"line":203,"column":6},"end":{"line":203,"column":52}}},"fnMap":{"0":{"name":"(anonymous_0)","decl":{"start":{"line":10,"column":46},"end":{"line":10,"column":47}},"loc":{"start":{"line":10,"column":52},"end":{"line":36,"column":1}},"line":10},"1":{"name":"(anonymous_1)","decl":{"start":{"line":31,"column":17},"end":{"line":31,"column":18}},"loc":{"start":{"line":31,"column":23},"end":{"line":33,"column":7}},"line":31},"2":{"name":"(anonymous_2)","decl":{"start":{"line":40,"column":49},"end":{"line":40,"column":50}},"loc":{"start":{"line":40,"column":55},"end":{"line":50,"column":3}},"line":40},"3":{"name":"createResendLink","decl":{"start":{"line":54,"column":9},"end":{"line":54,"column":25}},"loc":{"start":{"line":54,"column":33},"end":{"line":106,"column":1}},"line":54},"4":{"name":"(anonymous_4)","decl":{"start":{"line":71,"column":66},"end":{"line":71,"column":67}},"loc":{"start":{"line":71,"column":79},"end":{"line":105,"column":3}},"line":71},"5":{"name":"getDashboardUrlByRole","decl":{"start":{"line":113,"column":9},"end":{"line":113,"column":30}},"loc":{"start":{"line":113,"column":37},"end":{"line":125,"column":1}},"line":113},"6":{"name":"(anonymous_6)","decl":{"start":{"line":129,"column":39},"end":{"line":129,"column":40}},"loc":{"start":{"line":129,"column":52},"end":{"line":205,"column":3}},"line":129},"7":{"name":"(anonymous_7)","decl":{"start":{"line":192,"column":17},"end":{"line":192,"column":18}},"loc":{"start":{"line":192,"column":23},"end":{"line":194,"column":7}},"line":192}},"branchMap":{"0":{"loc":{"start":{"line":14,"column":2},"end":{"line":19,"column":3}},"type":"if","locations":[{"start":{"line":14,"column":2},"end":{"line":19,"column":3}},{"start":{},"end":{}}],"line":14},"1":{"loc":{"start":{"line":15,"column":4},"end":{"line":18,"column":5}},"type":"if","locations":[{"start":{"line":15,"column":4},"end":{"line":18,"column":5}},{"start":{},"end":{}}],"line":15},"2":{"loc":{"start":{"line":22,"column":2},"end":{"line":35,"column":3}},"type":"if","locations":[{"start":{"line":22,"column":2},"end":{"line":35,"column":3}},{"start":{},"end":{}}],"line":22},"3":{"loc":{"start":{"line":22,"column":6},"end":{"line":22,"column":71}},"type":"binary-expr","locations":[{"start":{"line":22,"column":6},"end":{"line":22,"column":31}},{"start":{"line":22,"column":35},"end":{"line":22,"column":71}}],"line":22},"4":{"loc":{"start":{"line":23,"column":4},"end":{"line":26,"column":5}},"type":"if","locations":[{"start":{"line":23,"column":4},"end":{"line":26,"column":5}},{"start":{},"end":{}}],"line":23},"5":{"loc":{"start":{"line":29,"column":4},"end":{"line":34,"column":5}},"type":"if","locations":[{"start":{"line":29,"column":4},"end":{"line":34,"column":5}},{"start":{},"end":{}}],"line":29},"6":{"loc":{"start":{"line":39,"column":0},"end":{"line":51,"column":1}},"type":"if","locations":[{"start":{"line":39,"column":0},"end":{"line":51,"column":1}},{"start":{},"end":{}}],"line":39},"7":{"loc":{"start":{"line":43,"column":4},"end":{"line":49,"column":5}},"type":"if","locations":[{"start":{"line":43,"column":4},"end":{"line":49,"column":5}},{"start":{"line":46,"column":11},"end":{"line":49,"column":5}}],"line":43},"8":{"loc":{"start":{"line":56,"column":2},"end":{"line":58,"column":3}},"type":"if","locations":[{"start":{"line":56,"column":2},"end":{"line":58,"column":3}},{"start":{},"end":{}}],"line":56},"9":{"loc":{"start":{"line":88,"column":6},"end":{"line":90,"column":7}},"type":"if","locations":[{"start":{"line":88,"column":6},"end":{"line":90,"column":7}},{"start":{},"end":{}}],"line":88},"10":{"loc":{"start":{"line":89,"column":24},"end":{"line":89,"column":77}},"type":"binary-expr","locations":[{"start":{"line":89,"column":24},"end":{"line":89,"column":36}},{"start":{"line":89,"column":40},"end":{"line":89,"column":77}}],"line":89},"11":{"loc":{"start":{"line":117,"column":2},"end":{"line":124,"column":3}},"type":"switch","locations":[{"start":{"line":118,"column":4},"end":{"line":119,"column":43}},{"start":{"line":120,"column":4},"end":{"line":121,"column":46}},{"start":{"line":122,"column":4},"end":{"line":123,"column":48}}],"line":117},"12":{"loc":{"start":{"line":128,"column":0},"end":{"line":206,"column":1}},"type":"if","locations":[{"start":{"line":128,"column":0},"end":{"line":206,"column":1}},{"start":{},"end":{}}],"line":128},"13":{"loc":{"start":{"line":133,"column":4},"end":{"line":137,"column":5}},"type":"if","locations":[{"start":{"line":133,"column":4},"end":{"line":137,"column":5}},{"start":{},"end":{}}],"line":133},"14":{"loc":{"start":{"line":133,"column":8},"end":{"line":133,"column":49}},"type":"binary-expr","locations":[{"start":{"line":133,"column":8},"end":{"line":133,"column":25}},{"start":{"line":133,"column":29},"end":{"line":133,"column":49}}],"line":133},"15":{"loc":{"start":{"line":148,"column":4},"end":{"line":151,"column":5}},"type":"if","locations":[{"start":{"line":148,"column":4},"end":{"line":151,"column":5}},{"start":{},"end":{}}],"line":148},"16":{"loc":{"start":{"line":168,"column":6},"end":{"line":175,"column":7}},"type":"if","locations":[{"start":{"line":168,"column":6},"end":{"line":175,"column":7}},{"start":{},"end":{}}],"line":168},"17":{"loc":{"start":{"line":170,"column":8},"end":{"line":173,"column":9}},"type":"if","locations":[{"start":{"line":170,"column":8},"end":{"line":173,"column":9}},{"start":{},"end":{}}],"line":170},"18":{"loc":{"start":{"line":170,"column":12},"end":{"line":170,"column":67}},"type":"binary-expr","locations":[{"start":{"line":170,"column":12},"end":{"line":170,"column":35}},{"start":{"line":170,"column":39},"end":{"line":170,"column":67}}],"line":170},"19":{"loc":{"start":{"line":174,"column":24},"end":{"line":174,"column":54}},"type":"binary-expr","locations":[{"start":{"line":174,"column":24},"end":{"line":174,"column":36}},{"start":{"line":174,"column":40},"end":{"line":174,"column":54}}],"line":174},"20":{"loc":{"start":{"line":186,"column":23},"end":{"line":186,"column":69}},"type":"binary-expr","locations":[{"start":{"line":186,"column":23},"end":{"line":186,"column":53}},{"start":{"line":186,"column":57},"end":{"line":186,"column":69}}],"line":186},"21":{"loc":{"start":{"line":198,"column":31},"end":{"line":198,"column":80}},"type":"binary-expr","locations":[{"start":{"line":198,"column":31},"end":{"line":198,"column":44}},{"start":{"line":198,"column":48},"end":{"line":198,"column":80}}],"line":198}},"s":{"0":0,"1":0,"2":0,"3":0,"4":0,"5":0,"6":0,"7":0,"8":0,"9":0,"10":0,"11":0,"12":0,"13":0,"14":0,"15":0,"16":0,"17":0,"18":0,"19":0,"20":0,"21":0,"22":0,"23":0,"24":0,"25":0,"26":0,"27":0,"28":0,"29":0,"30":0,"31":0,"32":0,"33":0,"34":0,"35":0,"36":0,"37":0,"38":0,"39":0,"40":0,"41":0,"42":0,"43":0,"44":0,"45":0,"46":0,"47":0,"48":0,"49":0,"50":0,"51":0,"52":0,"53":0,"54":0,"55":0,"56":0,"57":0,"58":0,"59":0,"60":0,"61":0,"62":0,"63":0,"64":0,"65":0,"66":0,"67":0,"68":0,"69":0,"70":0,"71":0,"72":0,"73":0,"74":0,"75":0,"76":0,"77":0,"78":0,"79":0,"80":0,"81":0,"82":0,"83":0,"84":0,"85":0,"86":0,"87":0,"88":0},"f":{"0":0,"1":0,"2":0,"3":0,"4":0,"5":0,"6":0,"7":0},"b":{"0":[0,0],"1":[0,0],"2":[0,0],"3":[0,0],"4":[0,0],"5":[0,0],"6":[0,0],"7":[0,0],"8":[0,0],"9":[0,0],"10":[0,0],"11":[0,0,0],"12":[0,0],"13":[0,0],"14":[0,0],"15":[0,0],"16":[0,0],"17":[0,0],"18":[0,0],"19":[0,0],"20":[0,0],"21":[0,0]}}
,"/Users/tebogoseopa/University-Research-Collaboration-Platform/src/public/js/main.js": {"path":"/Users/tebogoseopa/University-Research-Collaboration-Platform/src/public/js/main.js","statementMap":{"0":{"start":{"line":2,"column":0},"end":{"line":112,"column":3}},"1":{"start":{"line":4,"column":29},"end":{"line":4,"column":74}},"2":{"start":{"line":5,"column":4},"end":{"line":10,"column":5}},"3":{"start":{"line":6,"column":8},"end":{"line":9,"column":11}},"4":{"start":{"line":7,"column":29},"end":{"line":7,"column":65}},"5":{"start":{"line":8,"column":12},"end":{"line":8,"column":46}},"6":{"start":{"line":13,"column":29},"end":{"line":13,"column":76}},"7":{"start":{"line":15,"column":4},"end":{"line":48,"column":5}},"8":{"start":{"line":16,"column":25},"end":{"line":23,"column":30}},"9":{"start":{"line":17,"column":12},"end":{"line":22,"column":15}},"10":{"start":{"line":18,"column":16},"end":{"line":21,"column":17}},"11":{"start":{"line":19,"column":20},"end":{"line":19,"column":58}},"12":{"start":{"line":20,"column":20},"end":{"line":20,"column":53}},"13":{"start":{"line":26,"column":37},"end":{"line":34,"column":9}},"14":{"start":{"line":27,"column":12},"end":{"line":33,"column":13}},"15":{"start":{"line":29,"column":16},"end":{"line":32,"column":19}},"16":{"start":{"line":30,"column":20},"end":{"line":30,"column":48}},"17":{"start":{"line":31,"column":20},"end":{"line":31,"column":43}},"18":{"start":{"line":36,"column":8},"end":{"line":42,"column":11}},"19":{"start":{"line":37,"column":12},"end":{"line":37,"column":33}},"20":{"start":{"line":39,"column":12},"end":{"line":41,"column":14}},"21":{"start":{"line":45,"column":8},"end":{"line":47,"column":11}},"22":{"start":{"line":46,"column":12},"end":{"line":46,"column":40}},"23":{"start":{"line":51,"column":28},"end":{"line":51,"column":73}},"24":{"start":{"line":52,"column":27},"end":{"line":52,"column":70}},"25":{"start":{"line":53,"column":22},"end":{"line":53,"column":59}},"26":{"start":{"line":56,"column":4},"end":{"line":56,"column":22}},"27":{"start":{"line":59,"column":4},"end":{"line":59,"column":55}},"28":{"start":{"line":62,"column":4},"end":{"line":69,"column":5}},"29":{"start":{"line":63,"column":8},"end":{"line":68,"column":11}},"30":{"start":{"line":64,"column":12},"end":{"line":67,"column":13}},"31":{"start":{"line":65,"column":16},"end":{"line":65,"column":50}},"32":{"start":{"line":66,"column":16},"end":{"line":66,"column":56}},"33":{"start":{"line":72,"column":4},"end":{"line":79,"column":5}},"34":{"start":{"line":73,"column":8},"end":{"line":78,"column":11}},"35":{"start":{"line":74,"column":12},"end":{"line":77,"column":13}},"36":{"start":{"line":75,"column":16},"end":{"line":75,"column":53}},"37":{"start":{"line":76,"column":16},"end":{"line":76,"column":50}},"38":{"start":{"line":82,"column":27},"end":{"line":82,"column":75}},"39":{"start":{"line":83,"column":4},"end":{"line":90,"column":7}},"40":{"start":{"line":84,"column":8},"end":{"line":89,"column":11}},"41":{"start":{"line":85,"column":12},"end":{"line":88,"column":13}},"42":{"start":{"line":86,"column":16},"end":{"line":86,"column":53}},"43":{"start":{"line":87,"column":16},"end":{"line":87,"column":50}},"44":{"start":{"line":93,"column":33},"end":{"line":93,"column":78}},"45":{"start":{"line":94,"column":8},"end":{"line":94,"column":38}},"46":{"start":{"line":94,"column":31},"end":{"line":94,"column":38}},"47":{"start":{"line":96,"column":25},"end":{"line":96,"column":61}},"48":{"start":{"line":97,"column":23},"end":{"line":97,"column":56}},"49":{"start":{"line":98,"column":28},"end":{"line":98,"column":75}},"50":{"start":{"line":101,"column":8},"end":{"line":110,"column":9}},"51":{"start":{"line":102,"column":12},"end":{"line":102,"column":53}},"52":{"start":{"line":103,"column":12},"end":{"line":103,"column":66}},"53":{"start":{"line":103,"column":26},"end":{"line":103,"column":66}},"54":{"start":{"line":104,"column":12},"end":{"line":104,"column":72}},"55":{"start":{"line":104,"column":29},"end":{"line":104,"column":72}},"56":{"start":{"line":107,"column":12},"end":{"line":107,"column":52}},"57":{"start":{"line":108,"column":12},"end":{"line":108,"column":69}},"58":{"start":{"line":108,"column":26},"end":{"line":108,"column":69}},"59":{"start":{"line":109,"column":12},"end":{"line":109,"column":75}},"60":{"start":{"line":109,"column":29},"end":{"line":109,"column":75}}},"fnMap":{"0":{"name":"(anonymous_0)","decl":{"start":{"line":2,"column":46},"end":{"line":2,"column":47}},"loc":{"start":{"line":2,"column":57},"end":{"line":112,"column":1}},"line":2},"1":{"name":"(anonymous_1)","decl":{"start":{"line":6,"column":51},"end":{"line":6,"column":52}},"loc":{"start":{"line":6,"column":62},"end":{"line":9,"column":9}},"line":6},"2":{"name":"(anonymous_2)","decl":{"start":{"line":16,"column":50},"end":{"line":16,"column":51}},"loc":{"start":{"line":16,"column":63},"end":{"line":23,"column":9}},"line":16},"3":{"name":"(anonymous_3)","decl":{"start":{"line":17,"column":28},"end":{"line":17,"column":29}},"loc":{"start":{"line":17,"column":37},"end":{"line":22,"column":13}},"line":17},"4":{"name":"(anonymous_4)","decl":{"start":{"line":26,"column":37},"end":{"line":26,"column":38}},"loc":{"start":{"line":26,"column":62},"end":{"line":34,"column":9}},"line":26},"5":{"name":"(anonymous_5)","decl":{"start":{"line":29,"column":41},"end":{"line":29,"column":42}},"loc":{"start":{"line":29,"column":47},"end":{"line":32,"column":17}},"line":29},"6":{"name":"(anonymous_6)","decl":{"start":{"line":36,"column":33},"end":{"line":36,"column":34}},"loc":{"start":{"line":36,"column":39},"end":{"line":42,"column":9}},"line":36},"7":{"name":"(anonymous_7)","decl":{"start":{"line":45,"column":33},"end":{"line":45,"column":34}},"loc":{"start":{"line":45,"column":39},"end":{"line":47,"column":9}},"line":45},"8":{"name":"(anonymous_8)","decl":{"start":{"line":63,"column":50},"end":{"line":63,"column":51}},"loc":{"start":{"line":63,"column":61},"end":{"line":68,"column":9}},"line":63},"9":{"name":"(anonymous_9)","decl":{"start":{"line":73,"column":49},"end":{"line":73,"column":50}},"loc":{"start":{"line":73,"column":60},"end":{"line":78,"column":9}},"line":73},"10":{"name":"(anonymous_10)","decl":{"start":{"line":83,"column":27},"end":{"line":83,"column":28}},"loc":{"start":{"line":83,"column":35},"end":{"line":90,"column":5}},"line":83},"11":{"name":"(anonymous_11)","decl":{"start":{"line":84,"column":39},"end":{"line":84,"column":40}},"loc":{"start":{"line":84,"column":50},"end":{"line":89,"column":9}},"line":84},"12":{"name":"checkMobileView","decl":{"start":{"line":92,"column":13},"end":{"line":92,"column":28}},"loc":{"start":{"line":92,"column":31},"end":{"line":111,"column":5}},"line":92}},"branchMap":{"0":{"loc":{"start":{"line":5,"column":4},"end":{"line":10,"column":5}},"type":"if","locations":[{"start":{"line":5,"column":4},"end":{"line":10,"column":5}},{"start":{},"end":{}}],"line":5},"1":{"loc":{"start":{"line":15,"column":4},"end":{"line":48,"column":5}},"type":"if","locations":[{"start":{"line":15,"column":4},"end":{"line":48,"column":5}},{"start":{"line":43,"column":11},"end":{"line":48,"column":5}}],"line":15},"2":{"loc":{"start":{"line":18,"column":16},"end":{"line":21,"column":17}},"type":"if","locations":[{"start":{"line":18,"column":16},"end":{"line":21,"column":17}},{"start":{},"end":{}}],"line":18},"3":{"loc":{"start":{"line":27,"column":12},"end":{"line":33,"column":13}},"type":"if","locations":[{"start":{"line":27,"column":12},"end":{"line":33,"column":13}},{"start":{},"end":{}}],"line":27},"4":{"loc":{"start":{"line":62,"column":4},"end":{"line":69,"column":5}},"type":"if","locations":[{"start":{"line":62,"column":4},"end":{"line":69,"column":5}},{"start":{},"end":{}}],"line":62},"5":{"loc":{"start":{"line":64,"column":12},"end":{"line":67,"column":13}},"type":"if","locations":[{"start":{"line":64,"column":12},"end":{"line":67,"column":13}},{"start":{},"end":{}}],"line":64},"6":{"loc":{"start":{"line":72,"column":4},"end":{"line":79,"column":5}},"type":"if","locations":[{"start":{"line":72,"column":4},"end":{"line":79,"column":5}},{"start":{},"end":{}}],"line":72},"7":{"loc":{"start":{"line":74,"column":12},"end":{"line":77,"column":13}},"type":"if","locations":[{"start":{"line":74,"column":12},"end":{"line":77,"column":13}},{"start":{},"end":{}}],"line":74},"8":{"loc":{"start":{"line":85,"column":12},"end":{"line":88,"column":13}},"type":"if","locations":[{"start":{"line":85,"column":12},"end":{"line":88,"column":13}},{"start":{},"end":{}}],"line":85},"9":{"loc":{"start":{"line":94,"column":8},"end":{"line":94,"column":38}},"type":"if","locations":[{"start":{"line":94,"column":8},"end":{"line":94,"column":38}},{"start":{},"end":{}}],"line":94},"10":{"loc":{"start":{"line":101,"column":8},"end":{"line":110,"column":9}},"type":"if","locations":[{"start":{"line":101,"column":8},"end":{"line":110,"column":9}},{"start":{"line":105,"column":15},"end":{"line":110,"column":9}}],"line":101},"11":{"loc":{"start":{"line":103,"column":12},"end":{"line":103,"column":66}},"type":"if","locations":[{"start":{"line":103,"column":12},"end":{"line":103,"column":66}},{"start":{},"end":{}}],"line":103},"12":{"loc":{"start":{"line":104,"column":12},"end":{"line":104,"column":72}},"type":"if","locations":[{"start":{"line":104,"column":12},"end":{"line":104,"column":72}},{"start":{},"end":{}}],"line":104},"13":{"loc":{"start":{"line":108,"column":12},"end":{"line":108,"column":69}},"type":"if","locations":[{"start":{"line":108,"column":12},"end":{"line":108,"column":69}},{"start":{},"end":{}}],"line":108},"14":{"loc":{"start":{"line":109,"column":12},"end":{"line":109,"column":75}},"type":"if","locations":[{"start":{"line":109,"column":12},"end":{"line":109,"column":75}},{"start":{},"end":{}}],"line":109}},"s":{"0":0,"1":0,"2":0,"3":0,"4":0,"5":0,"6":0,"7":0,"8":0,"9":0,"10":0,"11":0,"12":0,"13":0,"14":0,"15":0,"16":0,"17":0,"18":0,"19":0,"20":0,"21":0,"22":0,"23":0,"24":0,"25":0,"26":0,"27":0,"28":0,"29":0,"30":0,"31":0,"32":0,"33":0,"34":0,"35":0,"36":0,"37":0,"38":0,"39":0,"40":0,"41":0,"42":0,"43":0,"44":0,"45":0,"46":0,"47":0,"48":0,"49":0,"50":0,"51":0,"52":0,"53":0,"54":0,"55":0,"56":0,"57":0,"58":0,"59":0,"60":0},"f":{"0":0,"1":0,"2":0,"3":0,"4":0,"5":0,"6":0,"7":0,"8":0,"9":0,"10":0,"11":0,"12":0},"b":{"0":[0,0],"1":[0,0],"2":[0,0],"3":[0,0],"4":[0,0],"5":[0,0],"6":[0,0],"7":[0,0],"8":[0,0],"9":[0,0],"10":[0,0],"11":[0,0],"12":[0,0],"13":[0,0],"14":[0,0]}}
,"/Users/tebogoseopa/University-Research-Collaboration-Platform/src/public/js/signup.js": {"path":"/Users/tebogoseopa/University-Research-Collaboration-Platform/src/public/js/signup.js","statementMap":{"0":{"start":{"line":1,"column":0},"end":{"line":348,"column":3}},"1":{"start":{"line":2,"column":17},"end":{"line":2,"column":54}},"2":{"start":{"line":3,"column":18},"end":{"line":3,"column":57}},"3":{"start":{"line":4,"column":24},"end":{"line":4,"column":62}},"4":{"start":{"line":5,"column":24},"end":{"line":5,"column":62}},"5":{"start":{"line":6,"column":23},"end":{"line":6,"column":70}},"6":{"start":{"line":7,"column":27},"end":{"line":7,"column":72}},"7":{"start":{"line":8,"column":23},"end":{"line":8,"column":60}},"8":{"start":{"line":9,"column":28},"end":{"line":9,"column":84}},"9":{"start":{"line":12,"column":4},"end":{"line":25,"column":7}},"10":{"start":{"line":13,"column":8},"end":{"line":24,"column":11}},"11":{"start":{"line":14,"column":26},"end":{"line":14,"column":53}},"12":{"start":{"line":15,"column":25},"end":{"line":15,"column":48}},"13":{"start":{"line":17,"column":12},"end":{"line":23,"column":13}},"14":{"start":{"line":18,"column":16},"end":{"line":18,"column":36}},"15":{"start":{"line":19,"column":16},"end":{"line":19,"column":65}},"16":{"start":{"line":21,"column":16},"end":{"line":21,"column":40}},"17":{"start":{"line":22,"column":16},"end":{"line":22,"column":65}},"18":{"start":{"line":28,"column":21},"end":{"line":28,"column":56}},"19":{"start":{"line":29,"column":22},"end":{"line":29,"column":55}},"20":{"start":{"line":30,"column":25},"end":{"line":30,"column":61}},"21":{"start":{"line":31,"column":25},"end":{"line":31,"column":61}},"22":{"start":{"line":32,"column":22},"end":{"line":32,"column":55}},"23":{"start":{"line":33,"column":23},"end":{"line":33,"column":57}},"24":{"start":{"line":35,"column":4},"end":{"line":74,"column":5}},"25":{"start":{"line":36,"column":8},"end":{"line":73,"column":11}},"26":{"start":{"line":37,"column":26},"end":{"line":37,"column":36}},"27":{"start":{"line":40,"column":12},"end":{"line":44,"column":13}},"28":{"start":{"line":41,"column":16},"end":{"line":41,"column":49}},"29":{"start":{"line":43,"column":16},"end":{"line":43,"column":52}},"30":{"start":{"line":47,"column":12},"end":{"line":51,"column":13}},"31":{"start":{"line":48,"column":16},"end":{"line":48,"column":52}},"32":{"start":{"line":50,"column":16},"end":{"line":50,"column":55}},"33":{"start":{"line":54,"column":12},"end":{"line":58,"column":13}},"34":{"start":{"line":55,"column":16},"end":{"line":55,"column":52}},"35":{"start":{"line":57,"column":16},"end":{"line":57,"column":55}},"36":{"start":{"line":61,"column":12},"end":{"line":65,"column":13}},"37":{"start":{"line":62,"column":16},"end":{"line":62,"column":49}},"38":{"start":{"line":64,"column":16},"end":{"line":64,"column":52}},"39":{"start":{"line":68,"column":12},"end":{"line":72,"column":13}},"40":{"start":{"line":69,"column":16},"end":{"line":69,"column":50}},"41":{"start":{"line":71,"column":16},"end":{"line":71,"column":53}},"42":{"start":{"line":77,"column":4},"end":{"line":106,"column":5}},"43":{"start":{"line":78,"column":8},"end":{"line":80,"column":11}},"44":{"start":{"line":79,"column":12},"end":{"line":79,"column":67}},"45":{"start":{"line":83,"column":33},"end":{"line":83,"column":92}},"46":{"start":{"line":84,"column":12},"end":{"line":84,"column":38}},"47":{"start":{"line":84,"column":31},"end":{"line":84,"column":38}},"48":{"start":{"line":86,"column":12},"end":{"line":101,"column":15}},"49":{"start":{"line":87,"column":30},"end":{"line":87,"column":59}},"50":{"start":{"line":88,"column":16},"end":{"line":100,"column":17}},"51":{"start":{"line":89,"column":20},"end":{"line":89,"column":50}},"52":{"start":{"line":90,"column":35},"end":{"line":90,"column":84}},"53":{"start":{"line":91,"column":20},"end":{"line":91,"column":67}},"54":{"start":{"line":91,"column":44},"end":{"line":91,"column":65}},"55":{"start":{"line":93,"column":20},"end":{"line":93,"column":49}},"56":{"start":{"line":94,"column":35},"end":{"line":94,"column":84}},"57":{"start":{"line":95,"column":20},"end":{"line":99,"column":23}},"58":{"start":{"line":96,"column":24},"end":{"line":96,"column":47}},"59":{"start":{"line":105,"column":8},"end":{"line":105,"column":31}},"60":{"start":{"line":109,"column":4},"end":{"line":162,"column":7}},"61":{"start":{"line":110,"column":8},"end":{"line":161,"column":11}},"62":{"start":{"line":112,"column":32},"end":{"line":112,"column":58}},"63":{"start":{"line":113,"column":37},"end":{"line":113,"column":75}},"64":{"start":{"line":116,"column":27},"end":{"line":116,"column":112}},"65":{"start":{"line":117,"column":26},"end":{"line":117,"column":30}},"66":{"start":{"line":119,"column":12},"end":{"line":126,"column":15}},"67":{"start":{"line":120,"column":16},"end":{"line":125,"column":17}},"68":{"start":{"line":121,"column":20},"end":{"line":121,"column":36}},"69":{"start":{"line":122,"column":20},"end":{"line":122,"column":63}},"70":{"start":{"line":124,"column":20},"end":{"line":124,"column":38}},"71":{"start":{"line":129,"column":31},"end":{"line":129,"column":66}},"72":{"start":{"line":130,"column":12},"end":{"line":136,"column":13}},"73":{"start":{"line":131,"column":35},"end":{"line":131,"column":63}},"74":{"start":{"line":132,"column":16},"end":{"line":135,"column":17}},"75":{"start":{"line":133,"column":20},"end":{"line":133,"column":36}},"76":{"start":{"line":134,"column":20},"end":{"line":134,"column":80}},"77":{"start":{"line":139,"column":34},"end":{"line":139,"column":72}},"78":{"start":{"line":140,"column":41},"end":{"line":140,"column":86}},"79":{"start":{"line":141,"column":12},"end":{"line":146,"column":13}},"80":{"start":{"line":142,"column":16},"end":{"line":145,"column":17}},"81":{"start":{"line":143,"column":20},"end":{"line":143,"column":36}},"82":{"start":{"line":144,"column":20},"end":{"line":144,"column":78}},"83":{"start":{"line":148,"column":12},"end":{"line":150,"column":13}},"84":{"start":{"line":149,"column":16},"end":{"line":149,"column":23}},"85":{"start":{"line":153,"column":12},"end":{"line":153,"column":51}},"86":{"start":{"line":156,"column":29},"end":{"line":156,"column":56}},"87":{"start":{"line":157,"column":12},"end":{"line":157,"column":45}},"88":{"start":{"line":160,"column":12},"end":{"line":160,"column":34}},"89":{"start":{"line":164,"column":4},"end":{"line":180,"column":7}},"90":{"start":{"line":165,"column":8},"end":{"line":179,"column":11}},"91":{"start":{"line":167,"column":32},"end":{"line":167,"column":58}},"92":{"start":{"line":168,"column":37},"end":{"line":168,"column":75}},"93":{"start":{"line":171,"column":12},"end":{"line":171,"column":51}},"94":{"start":{"line":174,"column":29},"end":{"line":174,"column":56}},"95":{"start":{"line":175,"column":12},"end":{"line":175,"column":45}},"96":{"start":{"line":178,"column":12},"end":{"line":178,"column":34}},"97":{"start":{"line":183,"column":4},"end":{"line":315,"column":5}},"98":{"start":{"line":184,"column":8},"end":{"line":314,"column":11}},"99":{"start":{"line":185,"column":12},"end":{"line":185,"column":31}},"100":{"start":{"line":188,"column":31},"end":{"line":188,"column":74}},"101":{"start":{"line":189,"column":27},"end":{"line":189,"column":111}},"102":{"start":{"line":190,"column":26},"end":{"line":190,"column":30}},"103":{"start":{"line":192,"column":12},"end":{"line":199,"column":15}},"104":{"start":{"line":193,"column":16},"end":{"line":198,"column":17}},"105":{"start":{"line":194,"column":20},"end":{"line":194,"column":36}},"106":{"start":{"line":195,"column":20},"end":{"line":195,"column":63}},"107":{"start":{"line":197,"column":20},"end":{"line":197,"column":38}},"108":{"start":{"line":202,"column":31},"end":{"line":202,"column":68}},"109":{"start":{"line":203,"column":12},"end":{"line":208,"column":13}},"110":{"start":{"line":204,"column":16},"end":{"line":204,"column":32}},"111":{"start":{"line":205,"column":16},"end":{"line":205,"column":84}},"112":{"start":{"line":206,"column":19},"end":{"line":208,"column":13}},"113":{"start":{"line":207,"column":16},"end":{"line":207,"column":39}},"114":{"start":{"line":210,"column":12},"end":{"line":212,"column":13}},"115":{"start":{"line":211,"column":16},"end":{"line":211,"column":23}},"116":{"start":{"line":215,"column":33},"end":{"line":215,"column":70}},"117":{"start":{"line":216,"column":12},"end":{"line":219,"column":13}},"118":{"start":{"line":217,"column":16},"end":{"line":217,"column":45}},"119":{"start":{"line":218,"column":16},"end":{"line":218,"column":54}},"120":{"start":{"line":222,"column":12},"end":{"line":226,"column":13}},"121":{"start":{"line":223,"column":16},"end":{"line":223,"column":44}},"122":{"start":{"line":224,"column":16},"end":{"line":224,"column":61}},"123":{"start":{"line":225,"column":16},"end":{"line":225,"column":50}},"124":{"start":{"line":230,"column":29},"end":{"line":230,"column":47}},"125":{"start":{"line":231,"column":32},"end":{"line":231,"column":34}},"126":{"start":{"line":232,"column":12},"end":{"line":235,"column":15}},"127":{"start":{"line":234,"column":16},"end":{"line":234,"column":41}},"128":{"start":{"line":239,"column":31},"end":{"line":239,"column":68}},"129":{"start":{"line":240,"column":33},"end":{"line":240,"column":72}},"130":{"start":{"line":241,"column":12},"end":{"line":243,"column":13}},"131":{"start":{"line":242,"column":16},"end":{"line":242,"column":58}},"132":{"start":{"line":244,"column":12},"end":{"line":246,"column":13}},"133":{"start":{"line":245,"column":16},"end":{"line":245,"column":62}},"134":{"start":{"line":249,"column":12},"end":{"line":249,"column":62}},"135":{"start":{"line":252,"column":12},"end":{"line":313,"column":15}},"136":{"start":{"line":259,"column":30},"end":{"line":259,"column":45}},"137":{"start":{"line":261,"column":16},"end":{"line":297,"column":17}},"138":{"start":{"line":263,"column":20},"end":{"line":267,"column":21}},"139":{"start":{"line":264,"column":24},"end":{"line":264,"column":62}},"140":{"start":{"line":265,"column":24},"end":{"line":265,"column":77}},"141":{"start":{"line":266,"column":24},"end":{"line":266,"column":59}},"142":{"start":{"line":270,"column":20},"end":{"line":270,"column":33}},"143":{"start":{"line":273,"column":20},"end":{"line":275,"column":29}},"144":{"start":{"line":274,"column":24},"end":{"line":274,"column":60}},"145":{"start":{"line":276,"column":23},"end":{"line":297,"column":17}},"146":{"start":{"line":278,"column":20},"end":{"line":283,"column":23}},"147":{"start":{"line":279,"column":38},"end":{"line":279,"column":66}},"148":{"start":{"line":280,"column":24},"end":{"line":282,"column":25}},"149":{"start":{"line":281,"column":28},"end":{"line":281,"column":63}},"150":{"start":{"line":285,"column":20},"end":{"line":289,"column":21}},"151":{"start":{"line":286,"column":24},"end":{"line":286,"column":100}},"152":{"start":{"line":287,"column":24},"end":{"line":287,"column":75}},"153":{"start":{"line":288,"column":24},"end":{"line":288,"column":59}},"154":{"start":{"line":290,"column":23},"end":{"line":297,"column":17}},"155":{"start":{"line":292,"column":20},"end":{"line":296,"column":21}},"156":{"start":{"line":293,"column":24},"end":{"line":293,"column":62}},"157":{"start":{"line":294,"column":24},"end":{"line":294,"column":75}},"158":{"start":{"line":295,"column":24},"end":{"line":295,"column":59}},"159":{"start":{"line":300,"column":16},"end":{"line":300,"column":54}},"160":{"start":{"line":301,"column":16},"end":{"line":305,"column":17}},"161":{"start":{"line":302,"column":20},"end":{"line":302,"column":104}},"162":{"start":{"line":303,"column":20},"end":{"line":303,"column":71}},"163":{"start":{"line":304,"column":20},"end":{"line":304,"column":55}},"164":{"start":{"line":309,"column":16},"end":{"line":312,"column":17}},"165":{"start":{"line":310,"column":20},"end":{"line":310,"column":50}},"166":{"start":{"line":311,"column":20},"end":{"line":311,"column":61}},"167":{"start":{"line":319,"column":29},"end":{"line":319,"column":108}},"168":{"start":{"line":320,"column":8},"end":{"line":323,"column":9}},"169":{"start":{"line":321,"column":12},"end":{"line":321,"column":47}},"170":{"start":{"line":322,"column":12},"end":{"line":322,"column":49}},"171":{"start":{"line":324,"column":8},"end":{"line":324,"column":37}},"172":{"start":{"line":326,"column":26},"end":{"line":326,"column":54}},"173":{"start":{"line":327,"column":8},"end":{"line":330,"column":9}},"174":{"start":{"line":328,"column":12},"end":{"line":328,"column":58}},"175":{"start":{"line":329,"column":12},"end":{"line":329,"column":48}},"176":{"start":{"line":334,"column":29},"end":{"line":334,"column":108}},"177":{"start":{"line":335,"column":8},"end":{"line":338,"column":9}},"178":{"start":{"line":336,"column":12},"end":{"line":336,"column":42}},"179":{"start":{"line":337,"column":12},"end":{"line":337,"column":48}},"180":{"start":{"line":339,"column":8},"end":{"line":339,"column":40}},"181":{"start":{"line":340,"column":8},"end":{"line":340,"column":37}},"182":{"start":{"line":342,"column":26},"end":{"line":342,"column":54}},"183":{"start":{"line":343,"column":8},"end":{"line":346,"column":9}},"184":{"start":{"line":344,"column":12},"end":{"line":344,"column":58}},"185":{"start":{"line":345,"column":12},"end":{"line":345,"column":48}}},"fnMap":{"0":{"name":"(anonymous_0)","decl":{"start":{"line":1,"column":46},"end":{"line":1,"column":47}},"loc":{"start":{"line":1,"column":57},"end":{"line":348,"column":1}},"line":1},"1":{"name":"(anonymous_1)","decl":{"start":{"line":12,"column":28},"end":{"line":12,"column":29}},"loc":{"start":{"line":12,"column":38},"end":{"line":25,"column":5}},"line":12},"2":{"name":"(anonymous_2)","decl":{"start":{"line":13,"column":41},"end":{"line":13,"column":42}},"loc":{"start":{"line":13,"column":52},"end":{"line":24,"column":9}},"line":13},"3":{"name":"(anonymous_3)","decl":{"start":{"line":36,"column":43},"end":{"line":36,"column":44}},"loc":{"start":{"line":36,"column":54},"end":{"line":73,"column":9}},"line":36},"4":{"name":"(anonymous_4)","decl":{"start":{"line":78,"column":27},"end":{"line":78,"column":28}},"loc":{"start":{"line":78,"column":36},"end":{"line":80,"column":9}},"line":78},"5":{"name":"updateResearchFields","decl":{"start":{"line":82,"column":17},"end":{"line":82,"column":37}},"loc":{"start":{"line":82,"column":40},"end":{"line":102,"column":9}},"line":82},"6":{"name":"(anonymous_6)","decl":{"start":{"line":86,"column":35},"end":{"line":86,"column":36}},"loc":{"start":{"line":86,"column":44},"end":{"line":101,"column":13}},"line":86},"7":{"name":"(anonymous_7)","decl":{"start":{"line":91,"column":35},"end":{"line":91,"column":36}},"loc":{"start":{"line":91,"column":44},"end":{"line":91,"column":65}},"line":91},"8":{"name":"(anonymous_8)","decl":{"start":{"line":95,"column":35},"end":{"line":95,"column":36}},"loc":{"start":{"line":95,"column":44},"end":{"line":99,"column":21}},"line":95},"9":{"name":"(anonymous_9)","decl":{"start":{"line":109,"column":24},"end":{"line":109,"column":25}},"loc":{"start":{"line":109,"column":34},"end":{"line":162,"column":5}},"line":109},"10":{"name":"(anonymous_10)","decl":{"start":{"line":110,"column":41},"end":{"line":110,"column":42}},"loc":{"start":{"line":110,"column":52},"end":{"line":161,"column":9}},"line":110},"11":{"name":"(anonymous_11)","decl":{"start":{"line":119,"column":27},"end":{"line":119,"column":28}},"loc":{"start":{"line":119,"column":36},"end":{"line":126,"column":13}},"line":119},"12":{"name":"(anonymous_12)","decl":{"start":{"line":164,"column":24},"end":{"line":164,"column":25}},"loc":{"start":{"line":164,"column":34},"end":{"line":180,"column":5}},"line":164},"13":{"name":"(anonymous_13)","decl":{"start":{"line":165,"column":41},"end":{"line":165,"column":42}},"loc":{"start":{"line":165,"column":52},"end":{"line":179,"column":9}},"line":165},"14":{"name":"(anonymous_14)","decl":{"start":{"line":184,"column":40},"end":{"line":184,"column":41}},"loc":{"start":{"line":184,"column":52},"end":{"line":314,"column":9}},"line":184},"15":{"name":"(anonymous_15)","decl":{"start":{"line":192,"column":27},"end":{"line":192,"column":28}},"loc":{"start":{"line":192,"column":36},"end":{"line":199,"column":13}},"line":192},"16":{"name":"(anonymous_16)","decl":{"start":{"line":232,"column":29},"end":{"line":232,"column":30}},"loc":{"start":{"line":232,"column":45},"end":{"line":235,"column":13}},"line":232},"17":{"name":"(anonymous_17)","decl":{"start":{"line":259,"column":18},"end":{"line":259,"column":19}},"loc":{"start":{"line":259,"column":30},"end":{"line":259,"column":45}},"line":259},"18":{"name":"(anonymous_18)","decl":{"start":{"line":260,"column":18},"end":{"line":260,"column":19}},"loc":{"start":{"line":260,"column":26},"end":{"line":298,"column":13}},"line":260},"19":{"name":"(anonymous_19)","decl":{"start":{"line":273,"column":31},"end":{"line":273,"column":32}},"loc":{"start":{"line":273,"column":37},"end":{"line":275,"column":21}},"line":273},"20":{"name":"(anonymous_20)","decl":{"start":{"line":278,"column":53},"end":{"line":278,"column":54}},"loc":{"start":{"line":278,"column":60},"end":{"line":283,"column":21}},"line":278},"21":{"name":"(anonymous_21)","decl":{"start":{"line":299,"column":19},"end":{"line":299,"column":20}},"loc":{"start":{"line":299,"column":28},"end":{"line":306,"column":13}},"line":299},"22":{"name":"(anonymous_22)","decl":{"start":{"line":307,"column":21},"end":{"line":307,"column":22}},"loc":{"start":{"line":307,"column":27},"end":{"line":313,"column":13}},"line":307},"23":{"name":"showError","decl":{"start":{"line":318,"column":13},"end":{"line":318,"column":22}},"loc":{"start":{"line":318,"column":39},"end":{"line":331,"column":5}},"line":318},"24":{"name":"clearError","decl":{"start":{"line":333,"column":13},"end":{"line":333,"column":23}},"loc":{"start":{"line":333,"column":31},"end":{"line":347,"column":5}},"line":333}},"branchMap":{"0":{"loc":{"start":{"line":17,"column":12},"end":{"line":23,"column":13}},"type":"if","locations":[{"start":{"line":17,"column":12},"end":{"line":23,"column":13}},{"start":{"line":20,"column":19},"end":{"line":23,"column":13}}],"line":17},"1":{"loc":{"start":{"line":35,"column":4},"end":{"line":74,"column":5}},"type":"if","locations":[{"start":{"line":35,"column":4},"end":{"line":74,"column":5}},{"start":{},"end":{}}],"line":35},"2":{"loc":{"start":{"line":40,"column":12},"end":{"line":44,"column":13}},"type":"if","locations":[{"start":{"line":40,"column":12},"end":{"line":44,"column":13}},{"start":{"line":42,"column":19},"end":{"line":44,"column":13}}],"line":40},"3":{"loc":{"start":{"line":47,"column":12},"end":{"line":51,"column":13}},"type":"if","locations":[{"start":{"line":47,"column":12},"end":{"line":51,"column":13}},{"start":{"line":49,"column":19},"end":{"line":51,"column":13}}],"line":47},"4":{"loc":{"start":{"line":54,"column":12},"end":{"line":58,"column":13}},"type":"if","locations":[{"start":{"line":54,"column":12},"end":{"line":58,"column":13}},{"start":{"line":56,"column":19},"end":{"line":58,"column":13}}],"line":54},"5":{"loc":{"start":{"line":61,"column":12},"end":{"line":65,"column":13}},"type":"if","locations":[{"start":{"line":61,"column":12},"end":{"line":65,"column":13}},{"start":{"line":63,"column":19},"end":{"line":65,"column":13}}],"line":61},"6":{"loc":{"start":{"line":68,"column":12},"end":{"line":72,"column":13}},"type":"if","locations":[{"start":{"line":68,"column":12},"end":{"line":72,"column":13}},{"start":{"line":70,"column":19},"end":{"line":72,"column":13}}],"line":68},"7":{"loc":{"start":{"line":77,"column":4},"end":{"line":106,"column":5}},"type":"if","locations":[{"start":{"line":77,"column":4},"end":{"line":106,"column":5}},{"start":{},"end":{}}],"line":77},"8":{"loc":{"start":{"line":77,"column":8},"end":{"line":77,"column":43}},"type":"binary-expr","locations":[{"start":{"line":77,"column":8},"end":{"line":77,"column":18}},{"start":{"line":77,"column":22},"end":{"line":77,"column":43}}],"line":77},"9":{"loc":{"start":{"line":84,"column":12},"end":{"line":84,"column":38}},"type":"if","locations":[{"start":{"line":84,"column":12},"end":{"line":84,"column":38}},{"start":{},"end":{}}],"line":84},"10":{"loc":{"start":{"line":88,"column":16},"end":{"line":100,"column":17}},"type":"if","locations":[{"start":{"line":88,"column":16},"end":{"line":100,"column":17}},{"start":{"line":92,"column":23},"end":{"line":100,"column":17}}],"line":88},"11":{"loc":{"start":{"line":120,"column":16},"end":{"line":125,"column":17}},"type":"if","locations":[{"start":{"line":120,"column":16},"end":{"line":125,"column":17}},{"start":{"line":123,"column":23},"end":{"line":125,"column":17}}],"line":120},"12":{"loc":{"start":{"line":130,"column":12},"end":{"line":136,"column":13}},"type":"if","locations":[{"start":{"line":130,"column":12},"end":{"line":136,"column":13}},{"start":{},"end":{}}],"line":130},"13":{"loc":{"start":{"line":130,"column":16},"end":{"line":130,"column":46}},"type":"binary-expr","locations":[{"start":{"line":130,"column":16},"end":{"line":130,"column":26}},{"start":{"line":130,"column":30},"end":{"line":130,"column":46}}],"line":130},"14":{"loc":{"start":{"line":132,"column":16},"end":{"line":135,"column":17}},"type":"if","locations":[{"start":{"line":132,"column":16},"end":{"line":135,"column":17}},{"start":{},"end":{}}],"line":132},"15":{"loc":{"start":{"line":141,"column":12},"end":{"line":146,"column":13}},"type":"if","locations":[{"start":{"line":141,"column":12},"end":{"line":146,"column":13}},{"start":{},"end":{}}],"line":141},"16":{"loc":{"start":{"line":141,"column":16},"end":{"line":141,"column":106}},"type":"binary-expr","locations":[{"start":{"line":141,"column":16},"end":{"line":141,"column":29}},{"start":{"line":141,"column":33},"end":{"line":141,"column":53}},{"start":{"line":141,"column":57},"end":{"line":141,"column":76}},{"start":{"line":141,"column":80},"end":{"line":141,"column":106}}],"line":141},"17":{"loc":{"start":{"line":142,"column":16},"end":{"line":145,"column":17}},"type":"if","locations":[{"start":{"line":142,"column":16},"end":{"line":145,"column":17}},{"start":{},"end":{}}],"line":142},"18":{"loc":{"start":{"line":148,"column":12},"end":{"line":150,"column":13}},"type":"if","locations":[{"start":{"line":148,"column":12},"end":{"line":150,"column":13}},{"start":{},"end":{}}],"line":148},"19":{"loc":{"start":{"line":183,"column":4},"end":{"line":315,"column":5}},"type":"if","locations":[{"start":{"line":183,"column":4},"end":{"line":315,"column":5}},{"start":{},"end":{}}],"line":183},"20":{"loc":{"start":{"line":193,"column":16},"end":{"line":198,"column":17}},"type":"if","locations":[{"start":{"line":193,"column":16},"end":{"line":198,"column":17}},{"start":{"line":196,"column":23},"end":{"line":198,"column":17}}],"line":193},"21":{"loc":{"start":{"line":203,"column":12},"end":{"line":208,"column":13}},"type":"if","locations":[{"start":{"line":203,"column":12},"end":{"line":208,"column":13}},{"start":{"line":206,"column":19},"end":{"line":208,"column":13}}],"line":203},"22":{"loc":{"start":{"line":203,"column":16},"end":{"line":203,"column":49}},"type":"binary-expr","locations":[{"start":{"line":203,"column":16},"end":{"line":203,"column":26}},{"start":{"line":203,"column":30},"end":{"line":203,"column":49}}],"line":203},"23":{"loc":{"start":{"line":206,"column":19},"end":{"line":208,"column":13}},"type":"if","locations":[{"start":{"line":206,"column":19},"end":{"line":208,"column":13}},{"start":{},"end":{}}],"line":206},"24":{"loc":{"start":{"line":210,"column":12},"end":{"line":212,"column":13}},"type":"if","locations":[{"start":{"line":210,"column":12},"end":{"line":212,"column":13}},{"start":{},"end":{}}],"line":210},"25":{"loc":{"start":{"line":216,"column":12},"end":{"line":219,"column":13}},"type":"if","locations":[{"start":{"line":216,"column":12},"end":{"line":219,"column":13}},{"start":{},"end":{}}],"line":216},"26":{"loc":{"start":{"line":222,"column":12},"end":{"line":226,"column":13}},"type":"if","locations":[{"start":{"line":222,"column":12},"end":{"line":226,"column":13}},{"start":{},"end":{}}],"line":222},"27":{"loc":{"start":{"line":241,"column":12},"end":{"line":243,"column":13}},"type":"if","locations":[{"start":{"line":241,"column":12},"end":{"line":243,"column":13}},{"start":{},"end":{}}],"line":241},"28":{"loc":{"start":{"line":244,"column":12},"end":{"line":246,"column":13}},"type":"if","locations":[{"start":{"line":244,"column":12},"end":{"line":246,"column":13}},{"start":{},"end":{}}],"line":244},"29":{"loc":{"start":{"line":261,"column":16},"end":{"line":297,"column":17}},"type":"if","locations":[{"start":{"line":261,"column":16},"end":{"line":297,"column":17}},{"start":{"line":276,"column":23},"end":{"line":297,"column":17}}],"line":261},"30":{"loc":{"start":{"line":261,"column":20},"end":{"line":261,"column":45}},"type":"binary-expr","locations":[{"start":{"line":261,"column":20},"end":{"line":261,"column":32}},{"start":{"line":261,"column":36},"end":{"line":261,"column":45}}],"line":261},"31":{"loc":{"start":{"line":263,"column":20},"end":{"line":267,"column":21}},"type":"if","locations":[{"start":{"line":263,"column":20},"end":{"line":267,"column":21}},{"start":{},"end":{}}],"line":263},"32":{"loc":{"start":{"line":276,"column":23},"end":{"line":297,"column":17}},"type":"if","locations":[{"start":{"line":276,"column":23},"end":{"line":297,"column":17}},{"start":{"line":290,"column":23},"end":{"line":297,"column":17}}],"line":276},"33":{"loc":{"start":{"line":280,"column":24},"end":{"line":282,"column":25}},"type":"if","locations":[{"start":{"line":280,"column":24},"end":{"line":282,"column":25}},{"start":{},"end":{}}],"line":280},"34":{"loc":{"start":{"line":285,"column":20},"end":{"line":289,"column":21}},"type":"if","locations":[{"start":{"line":285,"column":20},"end":{"line":289,"column":21}},{"start":{},"end":{}}],"line":285},"35":{"loc":{"start":{"line":286,"column":49},"end":{"line":286,"column":99}},"type":"binary-expr","locations":[{"start":{"line":286,"column":49},"end":{"line":286,"column":61}},{"start":{"line":286,"column":65},"end":{"line":286,"column":99}}],"line":286},"36":{"loc":{"start":{"line":290,"column":23},"end":{"line":297,"column":17}},"type":"if","locations":[{"start":{"line":290,"column":23},"end":{"line":297,"column":17}},{"start":{},"end":{}}],"line":290},"37":{"loc":{"start":{"line":292,"column":20},"end":{"line":296,"column":21}},"type":"if","locations":[{"start":{"line":292,"column":20},"end":{"line":296,"column":21}},{"start":{},"end":{}}],"line":292},"38":{"loc":{"start":{"line":301,"column":16},"end":{"line":305,"column":17}},"type":"if","locations":[{"start":{"line":301,"column":16},"end":{"line":305,"column":17}},{"start":{},"end":{}}],"line":301},"39":{"loc":{"start":{"line":309,"column":16},"end":{"line":312,"column":17}},"type":"if","locations":[{"start":{"line":309,"column":16},"end":{"line":312,"column":17}},{"start":{},"end":{}}],"line":309},"40":{"loc":{"start":{"line":319,"column":29},"end":{"line":319,"column":108}},"type":"binary-expr","locations":[{"start":{"line":319,"column":29},"end":{"line":319,"column":80}},{"start":{"line":319,"column":84},"end":{"line":319,"column":108}}],"line":319},"41":{"loc":{"start":{"line":320,"column":8},"end":{"line":323,"column":9}},"type":"if","locations":[{"start":{"line":320,"column":8},"end":{"line":323,"column":9}},{"start":{},"end":{}}],"line":320},"42":{"loc":{"start":{"line":320,"column":12},"end":{"line":320,"column":76}},"type":"binary-expr","locations":[{"start":{"line":320,"column":12},"end":{"line":320,"column":24}},{"start":{"line":320,"column":28},"end":{"line":320,"column":76}}],"line":320},"43":{"loc":{"start":{"line":327,"column":8},"end":{"line":330,"column":9}},"type":"if","locations":[{"start":{"line":327,"column":8},"end":{"line":330,"column":9}},{"start":{},"end":{}}],"line":327},"44":{"loc":{"start":{"line":334,"column":29},"end":{"line":334,"column":108}},"type":"binary-expr","locations":[{"start":{"line":334,"column":29},"end":{"line":334,"column":80}},{"start":{"line":334,"column":84},"end":{"line":334,"column":108}}],"line":334},"45":{"loc":{"start":{"line":335,"column":8},"end":{"line":338,"column":9}},"type":"if","locations":[{"start":{"line":335,"column":8},"end":{"line":338,"column":9}},{"start":{},"end":{}}],"line":335},"46":{"loc":{"start":{"line":335,"column":12},"end":{"line":335,"column":76}},"type":"binary-expr","locations":[{"start":{"line":335,"column":12},"end":{"line":335,"column":24}},{"start":{"line":335,"column":28},"end":{"line":335,"column":76}}],"line":335},"47":{"loc":{"start":{"line":343,"column":8},"end":{"line":346,"column":9}},"type":"if","locations":[{"start":{"line":343,"column":8},"end":{"line":346,"column":9}},{"start":{},"end":{}}],"line":343}},"s":{"0":0,"1":0,"2":0,"3":0,"4":0,"5":0,"6":0,"7":0,"8":0,"9":0,"10":0,"11":0,"12":0,"13":0,"14":0,"15":0,"16":0,"17":0,"18":0,"19":0,"20":0,"21":0,"22":0,"23":0,"24":0,"25":0,"26":0,"27":0,"28":0,"29":0,"30":0,"31":0,"32":0,"33":0,"34":0,"35":0,"36":0,"37":0,"38":0,"39":0,"40":0,"41":0,"42":0,"43":0,"44":0,"45":0,"46":0,"47":0,"48":0,"49":0,"50":0,"51":0,"52":0,"53":0,"54":0,"55":0,"56":0,"57":0,"58":0,"59":0,"60":0,"61":0,"62":0,"63":0,"64":0,"65":0,"66":0,"67":0,"68":0,"69":0,"70":0,"71":0,"72":0,"73":0,"74":0,"75":0,"76":0,"77":0,"78":0,"79":0,"80":0,"81":0,"82":0,"83":0,"84":0,"85":0,"86":0,"87":0,"88":0,"89":0,"90":0,"91":0,"92":0,"93":0,"94":0,"95":0,"96":0,"97":0,"98":0,"99":0,"100":0,"101":0,"102":0,"103":0,"104":0,"105":0,"106":0,"107":0,"108":0,"109":0,"110":0,"111":0,"112":0,"113":0,"114":0,"115":0,"116":0,"117":0,"118":0,"119":0,"120":0,"121":0,"122":0,"123":0,"124":0,"125":0,"126":0,"127":0,"128":0,"129":0,"130":0,"131":0,"132":0,"133":0,"134":0,"135":0,"136":0,"137":0,"138":0,"139":0,"140":0,"141":0,"142":0,"143":0,"144":0,"145":0,"146":0,"147":0,"148":0,"149":0,"150":0,"151":0,"152":0,"153":0,"154":0,"155":0,"156":0,"157":0,"158":0,"159":0,"160":0,"161":0,"162":0,"163":0,"164":0,"165":0,"166":0,"167":0,"168":0,"169":0,"170":0,"171":0,"172":0,"173":0,"174":0,"175":0,"176":0,"177":0,"178":0,"179":0,"180":0,"181":0,"182":0,"183":0,"184":0,"185":0},"f":{"0":0,"1":0,"2":0,"3":0,"4":0,"5":0,"6":0,"7":0,"8":0,"9":0,"10":0,"11":0,"12":0,"13":0,"14":0,"15":0,"16":0,"17":0,"18":0,"19":0,"20":0,"21":0,"22":0,"23":0,"24":0},"b":{"0":[0,0],"1":[0,0],"2":[0,0],"3":[0,0],"4":[0,0],"5":[0,0],"6":[0,0],"7":[0,0],"8":[0,0],"9":[0,0],"10":[0,0],"11":[0,0],"12":[0,0],"13":[0,0],"14":[0,0],"15":[0,0],"16":[0,0,0,0],"17":[0,0],"18":[0,0],"19":[0,0],"20":[0,0],"21":[0,0],"22":[0,0],"23":[0,0],"24":[0,0],"25":[0,0],"26":[0,0],"27":[0,0],"28":[0,0],"29":[0,0],"30":[0,0],"31":[0,0],"32":[0,0],"33":[0,0],"34":[0,0],"35":[0,0],"36":[0,0],"37":[0,0],"38":[0,0],"39":[0,0],"40":[0,0],"41":[0,0],"42":[0,0],"43":[0,0],"44":[0,0],"45":[0,0],"46":[0,0],"47":[0,0]}}
}
