{"/Users/tebogoseopa/University-Research-Collaboration-Platform/src/public/js/auth.js": {"path":"/Users/tebogoseopa/University-Research-Collaboration-Platform/src/public/js/auth.js","statementMap":{"0":{"start":{"line":3,"column":0},"end":{"line":322,"column":5}},"1":{"start":{"line":5,"column":17},"end":{"line":153,"column":5}},"2":{"start":{"line":8,"column":12},"end":{"line":8,"column":59}},"3":{"start":{"line":13,"column":29},"end":{"line":13,"column":59}},"4":{"start":{"line":14,"column":12},"end":{"line":14,"column":58}},"5":{"start":{"line":19,"column":25},"end":{"line":19,"column":46}},"6":{"start":{"line":20,"column":12},"end":{"line":20,"column":38}},"7":{"start":{"line":25,"column":12},"end":{"line":25,"column":58}},"8":{"start":{"line":30,"column":12},"end":{"line":30,"column":59}},"9":{"start":{"line":35,"column":12},"end":{"line":78,"column":13}},"10":{"start":{"line":37,"column":16},"end":{"line":43,"column":20}},"11":{"start":{"line":46,"column":16},"end":{"line":49,"column":17}},"12":{"start":{"line":47,"column":20},"end":{"line":47,"column":90}},"13":{"start":{"line":48,"column":20},"end":{"line":48,"column":92}},"14":{"start":{"line":52,"column":34},"end":{"line":52,"column":77}},"15":{"start":{"line":53,"column":30},"end":{"line":53,"column":52}},"16":{"start":{"line":55,"column":16},"end":{"line":72,"column":17}},"17":{"start":{"line":56,"column":20},"end":{"line":71,"column":21}},"18":{"start":{"line":58,"column":42},"end":{"line":58,"column":62}},"19":{"start":{"line":59,"column":44},"end":{"line":59,"column":71}},"20":{"start":{"line":62,"column":24},"end":{"line":65,"column":28}},"21":{"start":{"line":68,"column":24},"end":{"line":68,"column":98}},"22":{"start":{"line":70,"column":24},"end":{"line":70,"column":77}},"23":{"start":{"line":74,"column":16},"end":{"line":74,"column":28}},"24":{"start":{"line":76,"column":16},"end":{"line":76,"column":62}},"25":{"start":{"line":77,"column":16},"end":{"line":77,"column":29}},"26":{"start":{"line":83,"column":12},"end":{"line":94,"column":13}},"27":{"start":{"line":84,"column":34},"end":{"line":84,"column":53}},"28":{"start":{"line":85,"column":31},"end":{"line":85,"column":78}},"29":{"start":{"line":86,"column":36},"end":{"line":88,"column":28}},"30":{"start":{"line":87,"column":20},"end":{"line":87,"column":81}},"31":{"start":{"line":90,"column":16},"end":{"line":90,"column":47}},"32":{"start":{"line":92,"column":16},"end":{"line":92,"column":61}},"33":{"start":{"line":93,"column":16},"end":{"line":93,"column":28}},"34":{"start":{"line":99,"column":12},"end":{"line":134,"column":13}},"35":{"start":{"line":100,"column":33},"end":{"line":105,"column":18}},"36":{"start":{"line":108,"column":16},"end":{"line":108,"column":50}},"37":{"start":{"line":109,"column":16},"end":{"line":109,"column":58}},"38":{"start":{"line":110,"column":16},"end":{"line":110,"column":59}},"39":{"start":{"line":112,"column":16},"end":{"line":112,"column":60}},"40":{"start":{"line":115,"column":16},"end":{"line":117,"column":17}},"41":{"start":{"line":116,"column":20},"end":{"line":116,"column":82}},"42":{"start":{"line":120,"column":36},"end":{"line":120,"column":60}},"43":{"start":{"line":121,"column":39},"end":{"line":121,"column":78}},"44":{"start":{"line":123,"column":16},"end":{"line":128,"column":17}},"45":{"start":{"line":123,"column":48},"end":{"line":123,"column":74}},"46":{"start":{"line":124,"column":20},"end":{"line":124,"column":47}},"47":{"start":{"line":127,"column":20},"end":{"line":127,"column":45}},"48":{"start":{"line":130,"column":16},"end":{"line":130,"column":54}},"49":{"start":{"line":131,"column":16},"end":{"line":133,"column":17}},"50":{"start":{"line":132,"column":20},"end":{"line":132,"column":74}},"51":{"start":{"line":139,"column":12},"end":{"line":151,"column":13}},"52":{"start":{"line":140,"column":33},"end":{"line":140,"column":64}},"53":{"start":{"line":141,"column":29},"end":{"line":141,"column":50}},"54":{"start":{"line":143,"column":16},"end":{"line":146,"column":17}},"55":{"start":{"line":144,"column":20},"end":{"line":144,"column":48}},"56":{"start":{"line":145,"column":20},"end":{"line":145,"column":32}},"57":{"start":{"line":147,"column":16},"end":{"line":147,"column":29}},"58":{"start":{"line":149,"column":16},"end":{"line":149,"column":66}},"59":{"start":{"line":150,"column":16},"end":{"line":150,"column":29}},"60":{"start":{"line":156,"column":4},"end":{"line":195,"column":9}},"61":{"start":{"line":158,"column":26},"end":{"line":158,"column":69}},"62":{"start":{"line":159,"column":22},"end":{"line":159,"column":44}},"63":{"start":{"line":161,"column":8},"end":{"line":186,"column":9}},"64":{"start":{"line":162,"column":12},"end":{"line":185,"column":13}},"65":{"start":{"line":163,"column":34},"end":{"line":163,"column":54}},"66":{"start":{"line":164,"column":16},"end":{"line":182,"column":17}},"67":{"start":{"line":165,"column":20},"end":{"line":171,"column":24}},"68":{"start":{"line":173,"column":20},"end":{"line":175,"column":21}},"69":{"start":{"line":174,"column":24},"end":{"line":174,"column":87}},"70":{"start":{"line":176,"column":20},"end":{"line":178,"column":21}},"71":{"start":{"line":177,"column":24},"end":{"line":177,"column":89}},"72":{"start":{"line":181,"column":20},"end":{"line":181,"column":94}},"73":{"start":{"line":184,"column":16},"end":{"line":184,"column":64}},"74":{"start":{"line":189,"column":8},"end":{"line":191,"column":9}},"75":{"start":{"line":190,"column":12},"end":{"line":190,"column":41}},"76":{"start":{"line":194,"column":8},"end":{"line":194,"column":24}},"77":{"start":{"line":199,"column":28},"end":{"line":199,"column":92}},"78":{"start":{"line":201,"column":8},"end":{"line":233,"column":9}},"79":{"start":{"line":202,"column":29},"end":{"line":202,"column":50}},"80":{"start":{"line":203,"column":25},"end":{"line":203,"column":49}},"81":{"start":{"line":204,"column":25},"end":{"line":204,"column":45}},"82":{"start":{"line":205,"column":32},"end":{"line":205,"column":96}},"83":{"start":{"line":207,"column":12},"end":{"line":207,"column":66}},"84":{"start":{"line":209,"column":12},"end":{"line":217,"column":15}},"85":{"start":{"line":210,"column":16},"end":{"line":216,"column":18}},"86":{"start":{"line":220,"column":12},"end":{"line":222,"column":15}},"87":{"start":{"line":221,"column":16},"end":{"line":221,"column":59}},"88":{"start":{"line":225,"column":12},"end":{"line":225,"column":39}},"89":{"start":{"line":227,"column":12},"end":{"line":232,"column":15}},"90":{"start":{"line":228,"column":16},"end":{"line":231,"column":18}},"91":{"start":{"line":238,"column":8},"end":{"line":238,"column":58}},"92":{"start":{"line":241,"column":35},"end":{"line":241,"column":80}},"93":{"start":{"line":242,"column":33},"end":{"line":242,"column":76}},"94":{"start":{"line":243,"column":30},"end":{"line":243,"column":70}},"95":{"start":{"line":245,"column":8},"end":{"line":247,"column":11}},"96":{"start":{"line":246,"column":12},"end":{"line":246,"column":67}},"97":{"start":{"line":249,"column":8},"end":{"line":251,"column":11}},"98":{"start":{"line":250,"column":12},"end":{"line":250,"column":65}},"99":{"start":{"line":253,"column":8},"end":{"line":255,"column":11}},"100":{"start":{"line":254,"column":12},"end":{"line":254,"column":62}},"101":{"start":{"line":259,"column":22},"end":{"line":259,"column":65}},"102":{"start":{"line":260,"column":4},"end":{"line":264,"column":5}},"103":{"start":{"line":261,"column":8},"end":{"line":263,"column":9}},"104":{"start":{"line":262,"column":12},"end":{"line":262,"column":82}},"105":{"start":{"line":267,"column":4},"end":{"line":280,"column":5}},"106":{"start":{"line":268,"column":8},"end":{"line":270,"column":9}},"107":{"start":{"line":269,"column":12},"end":{"line":269,"column":92}},"108":{"start":{"line":273,"column":26},"end":{"line":273,"column":62}},"109":{"start":{"line":274,"column":8},"end":{"line":279,"column":9}},"110":{"start":{"line":275,"column":12},"end":{"line":275,"column":48}},"111":{"start":{"line":276,"column":12},"end":{"line":278,"column":21}},"112":{"start":{"line":277,"column":16},"end":{"line":277,"column":55}},"113":{"start":{"line":283,"column":4},"end":{"line":288,"column":5}},"114":{"start":{"line":284,"column":29},"end":{"line":284,"column":51}},"115":{"start":{"line":285,"column":8},"end":{"line":287,"column":9}},"116":{"start":{"line":286,"column":12},"end":{"line":286,"column":65}},"117":{"start":{"line":291,"column":4},"end":{"line":293,"column":5}},"118":{"start":{"line":292,"column":8},"end":{"line":292,"column":29}},"119":{"start":{"line":297,"column":8},"end":{"line":297,"column":39}},"120":{"start":{"line":297,"column":32},"end":{"line":297,"column":39}},"121":{"start":{"line":299,"column":25},"end":{"line":299,"column":46}},"122":{"start":{"line":300,"column":21},"end":{"line":300,"column":35}},"123":{"start":{"line":301,"column":21},"end":{"line":301,"column":45}},"124":{"start":{"line":302,"column":31},"end":{"line":302,"column":73}},"125":{"start":{"line":303,"column":31},"end":{"line":303,"column":73}},"126":{"start":{"line":305,"column":8},"end":{"line":305,"column":78}},"127":{"start":{"line":307,"column":8},"end":{"line":309,"column":9}},"128":{"start":{"line":308,"column":12},"end":{"line":308,"column":101}},"129":{"start":{"line":311,"column":8},"end":{"line":317,"column":9}},"130":{"start":{"line":312,"column":12},"end":{"line":312,"column":66}},"131":{"start":{"line":313,"column":12},"end":{"line":316,"column":13}},"132":{"start":{"line":314,"column":16},"end":{"line":315,"column":97}},"133":{"start":{"line":321,"column":4},"end":{"line":321,"column":23}}},"fnMap":{"0":{"name":"(anonymous_0)","decl":{"start":{"line":3,"column":46},"end":{"line":3,"column":47}},"loc":{"start":{"line":3,"column":57},"end":{"line":322,"column":3}},"line":3},"1":{"name":"(anonymous_1)","decl":{"start":{"line":7,"column":20},"end":{"line":7,"column":21}},"loc":{"start":{"line":7,"column":31},"end":{"line":9,"column":9}},"line":7},"2":{"name":"(anonymous_2)","decl":{"start":{"line":12,"column":24},"end":{"line":12,"column":25}},"loc":{"start":{"line":12,"column":35},"end":{"line":15,"column":9}},"line":12},"3":{"name":"(anonymous_3)","decl":{"start":{"line":18,"column":21},"end":{"line":18,"column":22}},"loc":{"start":{"line":18,"column":32},"end":{"line":21,"column":9}},"line":18},"4":{"name":"(anonymous_4)","decl":{"start":{"line":24,"column":24},"end":{"line":24,"column":25}},"loc":{"start":{"line":24,"column":35},"end":{"line":26,"column":9}},"line":24},"5":{"name":"(anonymous_5)","decl":{"start":{"line":29,"column":25},"end":{"line":29,"column":26}},"loc":{"start":{"line":29,"column":36},"end":{"line":31,"column":9}},"line":29},"6":{"name":"(anonymous_6)","decl":{"start":{"line":34,"column":21},"end":{"line":34,"column":22}},"loc":{"start":{"line":34,"column":40},"end":{"line":79,"column":9}},"line":34},"7":{"name":"(anonymous_7)","decl":{"start":{"line":82,"column":18},"end":{"line":82,"column":19}},"loc":{"start":{"line":82,"column":34},"end":{"line":95,"column":9}},"line":82},"8":{"name":"(anonymous_8)","decl":{"start":{"line":86,"column":82},"end":{"line":86,"column":83}},"loc":{"start":{"line":86,"column":94},"end":{"line":88,"column":17}},"line":86},"9":{"name":"(anonymous_9)","decl":{"start":{"line":98,"column":16},"end":{"line":98,"column":17}},"loc":{"start":{"line":98,"column":33},"end":{"line":135,"column":9}},"line":98},"10":{"name":"(anonymous_10)","decl":{"start":{"line":123,"column":40},"end":{"line":123,"column":41}},"loc":{"start":{"line":123,"column":48},"end":{"line":123,"column":74}},"line":123},"11":{"name":"(anonymous_11)","decl":{"start":{"line":138,"column":25},"end":{"line":138,"column":26}},"loc":{"start":{"line":138,"column":42},"end":{"line":152,"column":9}},"line":138},"12":{"name":"initAuth","decl":{"start":{"line":156,"column":20},"end":{"line":156,"column":28}},"loc":{"start":{"line":156,"column":31},"end":{"line":195,"column":5}},"line":156},"13":{"name":"updateLoginUI","decl":{"start":{"line":198,"column":13},"end":{"line":198,"column":26}},"loc":{"start":{"line":198,"column":29},"end":{"line":234,"column":5}},"line":198},"14":{"name":"(anonymous_14)","decl":{"start":{"line":209,"column":32},"end":{"line":209,"column":33}},"loc":{"start":{"line":209,"column":45},"end":{"line":217,"column":13}},"line":209},"15":{"name":"(anonymous_15)","decl":{"start":{"line":220,"column":61},"end":{"line":220,"column":62}},"loc":{"start":{"line":220,"column":68},"end":{"line":222,"column":13}},"line":220},"16":{"name":"(anonymous_16)","decl":{"start":{"line":227,"column":32},"end":{"line":227,"column":33}},"loc":{"start":{"line":227,"column":45},"end":{"line":232,"column":13}},"line":227},"17":{"name":"updateRoleSpecificUI","decl":{"start":{"line":237,"column":13},"end":{"line":237,"column":33}},"loc":{"start":{"line":237,"column":40},"end":{"line":256,"column":5}},"line":237},"18":{"name":"(anonymous_18)","decl":{"start":{"line":245,"column":35},"end":{"line":245,"column":36}},"loc":{"start":{"line":245,"column":41},"end":{"line":247,"column":9}},"line":245},"19":{"name":"(anonymous_19)","decl":{"start":{"line":249,"column":33},"end":{"line":249,"column":34}},"loc":{"start":{"line":249,"column":39},"end":{"line":251,"column":9}},"line":249},"20":{"name":"(anonymous_20)","decl":{"start":{"line":253,"column":30},"end":{"line":253,"column":31}},"loc":{"start":{"line":253,"column":36},"end":{"line":255,"column":9}},"line":253},"21":{"name":"(anonymous_21)","decl":{"start":{"line":276,"column":23},"end":{"line":276,"column":24}},"loc":{"start":{"line":276,"column":29},"end":{"line":278,"column":13}},"line":276},"22":{"name":"customizeDashboard","decl":{"start":{"line":296,"column":13},"end":{"line":296,"column":31}},"loc":{"start":{"line":296,"column":34},"end":{"line":318,"column":5}},"line":296}},"branchMap":{"0":{"loc":{"start":{"line":5,"column":17},"end":{"line":153,"column":5}},"type":"binary-expr","locations":[{"start":{"line":5,"column":17},"end":{"line":5,"column":35}},{"start":{"line":5,"column":39},"end":{"line":153,"column":5}}],"line":5},"1":{"loc":{"start":{"line":14,"column":19},"end":{"line":14,"column":57}},"type":"cond-expr","locations":[{"start":{"line":14,"column":30},"end":{"line":14,"column":50}},{"start":{"line":14,"column":53},"end":{"line":14,"column":57}}],"line":14},"2":{"loc":{"start":{"line":20,"column":19},"end":{"line":20,"column":37}},"type":"binary-expr","locations":[{"start":{"line":20,"column":19},"end":{"line":20,"column":29}},{"start":{"line":20,"column":33},"end":{"line":20,"column":37}}],"line":20},"3":{"loc":{"start":{"line":40,"column":26},"end":{"line":40,"column":70}},"type":"binary-expr","locations":[{"start":{"line":40,"column":26},"end":{"line":40,"column":54}},{"start":{"line":40,"column":58},"end":{"line":40,"column":70}}],"line":40},"4":{"loc":{"start":{"line":41,"column":26},"end":{"line":41,"column":60}},"type":"binary-expr","locations":[{"start":{"line":41,"column":26},"end":{"line":41,"column":54}},{"start":{"line":41,"column":58},"end":{"line":41,"column":60}}],"line":41},"5":{"loc":{"start":{"line":42,"column":29},"end":{"line":42,"column":66}},"type":"binary-expr","locations":[{"start":{"line":42,"column":29},"end":{"line":42,"column":60}},{"start":{"line":42,"column":64},"end":{"line":42,"column":66}}],"line":42},"6":{"loc":{"start":{"line":46,"column":16},"end":{"line":49,"column":17}},"type":"if","locations":[{"start":{"line":46,"column":16},"end":{"line":49,"column":17}},{"start":{},"end":{}}],"line":46},"7":{"loc":{"start":{"line":55,"column":16},"end":{"line":72,"column":17}},"type":"if","locations":[{"start":{"line":55,"column":16},"end":{"line":72,"column":17}},{"start":{},"end":{}}],"line":55},"8":{"loc":{"start":{"line":59,"column":44},"end":{"line":59,"column":71}},"type":"binary-expr","locations":[{"start":{"line":59,"column":44},"end":{"line":59,"column":65}},{"start":{"line":59,"column":69},"end":{"line":59,"column":71}}],"line":59},"9":{"loc":{"start":{"line":115,"column":16},"end":{"line":117,"column":17}},"type":"if","locations":[{"start":{"line":115,"column":16},"end":{"line":117,"column":17}},{"start":{},"end":{}}],"line":115},"10":{"loc":{"start":{"line":123,"column":16},"end":{"line":128,"column":17}},"type":"if","locations":[{"start":{"line":123,"column":16},"end":{"line":128,"column":17}},{"start":{"line":125,"column":23},"end":{"line":128,"column":17}}],"line":123},"11":{"loc":{"start":{"line":131,"column":16},"end":{"line":133,"column":17}},"type":"if","locations":[{"start":{"line":131,"column":16},"end":{"line":133,"column":17}},{"start":{},"end":{}}],"line":131},"12":{"loc":{"start":{"line":143,"column":16},"end":{"line":146,"column":17}},"type":"if","locations":[{"start":{"line":143,"column":16},"end":{"line":146,"column":17}},{"start":{},"end":{}}],"line":143},"13":{"loc":{"start":{"line":143,"column":20},"end":{"line":143,"column":51}},"type":"binary-expr","locations":[{"start":{"line":143,"column":20},"end":{"line":143,"column":38}},{"start":{"line":143,"column":42},"end":{"line":143,"column":51}}],"line":143},"14":{"loc":{"start":{"line":161,"column":8},"end":{"line":186,"column":9}},"type":"if","locations":[{"start":{"line":161,"column":8},"end":{"line":186,"column":9}},{"start":{},"end":{}}],"line":161},"15":{"loc":{"start":{"line":164,"column":16},"end":{"line":182,"column":17}},"type":"if","locations":[{"start":{"line":164,"column":16},"end":{"line":182,"column":17}},{"start":{},"end":{}}],"line":164},"16":{"loc":{"start":{"line":168,"column":30},"end":{"line":168,"column":60}},"type":"binary-expr","locations":[{"start":{"line":168,"column":30},"end":{"line":168,"column":44}},{"start":{"line":168,"column":48},"end":{"line":168,"column":60}}],"line":168},"17":{"loc":{"start":{"line":169,"column":30},"end":{"line":169,"column":50}},"type":"binary-expr","locations":[{"start":{"line":169,"column":30},"end":{"line":169,"column":44}},{"start":{"line":169,"column":48},"end":{"line":169,"column":50}}],"line":169},"18":{"loc":{"start":{"line":170,"column":33},"end":{"line":170,"column":56}},"type":"binary-expr","locations":[{"start":{"line":170,"column":33},"end":{"line":170,"column":50}},{"start":{"line":170,"column":54},"end":{"line":170,"column":56}}],"line":170},"19":{"loc":{"start":{"line":173,"column":20},"end":{"line":175,"column":21}},"type":"if","locations":[{"start":{"line":173,"column":20},"end":{"line":175,"column":21}},{"start":{},"end":{}}],"line":173},"20":{"loc":{"start":{"line":176,"column":20},"end":{"line":178,"column":21}},"type":"if","locations":[{"start":{"line":176,"column":20},"end":{"line":178,"column":21}},{"start":{},"end":{}}],"line":176},"21":{"loc":{"start":{"line":189,"column":8},"end":{"line":191,"column":9}},"type":"if","locations":[{"start":{"line":189,"column":8},"end":{"line":191,"column":9}},{"start":{},"end":{}}],"line":189},"22":{"loc":{"start":{"line":201,"column":8},"end":{"line":233,"column":9}},"type":"if","locations":[{"start":{"line":201,"column":8},"end":{"line":233,"column":9}},{"start":{"line":226,"column":15},"end":{"line":233,"column":9}}],"line":201},"23":{"loc":{"start":{"line":203,"column":25},"end":{"line":203,"column":49}},"type":"binary-expr","locations":[{"start":{"line":203,"column":25},"end":{"line":203,"column":39}},{"start":{"line":203,"column":43},"end":{"line":203,"column":49}}],"line":203},"24":{"loc":{"start":{"line":204,"column":25},"end":{"line":204,"column":45}},"type":"binary-expr","locations":[{"start":{"line":204,"column":25},"end":{"line":204,"column":39}},{"start":{"line":204,"column":43},"end":{"line":204,"column":45}}],"line":204},"25":{"loc":{"start":{"line":205,"column":32},"end":{"line":205,"column":96}},"type":"cond-expr","locations":[{"start":{"line":205,"column":39},"end":{"line":205,"column":91}},{"start":{"line":205,"column":94},"end":{"line":205,"column":96}}],"line":205},"26":{"loc":{"start":{"line":212,"column":26},"end":{"line":212,"column":122}},"type":"cond-expr","locations":[{"start":{"line":212,"column":46},"end":{"line":212,"column":117}},{"start":{"line":212,"column":120},"end":{"line":212,"column":122}}],"line":212},"27":{"loc":{"start":{"line":246,"column":31},"end":{"line":246,"column":66}},"type":"cond-expr","locations":[{"start":{"line":246,"column":55},"end":{"line":246,"column":57}},{"start":{"line":246,"column":60},"end":{"line":246,"column":66}}],"line":246},"28":{"loc":{"start":{"line":250,"column":31},"end":{"line":250,"column":64}},"type":"cond-expr","locations":[{"start":{"line":250,"column":53},"end":{"line":250,"column":55}},{"start":{"line":250,"column":58},"end":{"line":250,"column":64}}],"line":250},"29":{"loc":{"start":{"line":254,"column":31},"end":{"line":254,"column":61}},"type":"cond-expr","locations":[{"start":{"line":254,"column":50},"end":{"line":254,"column":52}},{"start":{"line":254,"column":55},"end":{"line":254,"column":61}}],"line":254},"30":{"loc":{"start":{"line":260,"column":4},"end":{"line":264,"column":5}},"type":"if","locations":[{"start":{"line":260,"column":4},"end":{"line":264,"column":5}},{"start":{},"end":{}}],"line":260},"31":{"loc":{"start":{"line":260,"column":8},"end":{"line":260,"column":80}},"type":"binary-expr","locations":[{"start":{"line":260,"column":8},"end":{"line":260,"column":35}},{"start":{"line":260,"column":39},"end":{"line":260,"column":80}}],"line":260},"32":{"loc":{"start":{"line":261,"column":8},"end":{"line":263,"column":9}},"type":"if","locations":[{"start":{"line":261,"column":8},"end":{"line":263,"column":9}},{"start":{},"end":{}}],"line":261},"33":{"loc":{"start":{"line":267,"column":4},"end":{"line":280,"column":5}},"type":"if","locations":[{"start":{"line":267,"column":4},"end":{"line":280,"column":5}},{"start":{},"end":{}}],"line":267},"34":{"loc":{"start":{"line":267,"column":8},"end":{"line":267,"column":73}},"type":"binary-expr","locations":[{"start":{"line":267,"column":8},"end":{"line":267,"column":33}},{"start":{"line":267,"column":37},"end":{"line":267,"column":73}}],"line":267},"35":{"loc":{"start":{"line":268,"column":8},"end":{"line":270,"column":9}},"type":"if","locations":[{"start":{"line":268,"column":8},"end":{"line":270,"column":9}},{"start":{},"end":{}}],"line":268},"36":{"loc":{"start":{"line":274,"column":8},"end":{"line":279,"column":9}},"type":"if","locations":[{"start":{"line":274,"column":8},"end":{"line":279,"column":9}},{"start":{},"end":{}}],"line":274},"37":{"loc":{"start":{"line":283,"column":4},"end":{"line":288,"column":5}},"type":"if","locations":[{"start":{"line":283,"column":4},"end":{"line":288,"column":5}},{"start":{},"end":{}}],"line":283},"38":{"loc":{"start":{"line":283,"column":8},"end":{"line":283,"column":77}},"type":"binary-expr","locations":[{"start":{"line":283,"column":8},"end":{"line":283,"column":51}},{"start":{"line":283,"column":55},"end":{"line":283,"column":77}}],"line":283},"39":{"loc":{"start":{"line":285,"column":8},"end":{"line":287,"column":9}},"type":"if","locations":[{"start":{"line":285,"column":8},"end":{"line":287,"column":9}},{"start":{},"end":{}}],"line":285},"40":{"loc":{"start":{"line":291,"column":4},"end":{"line":293,"column":5}},"type":"if","locations":[{"start":{"line":291,"column":4},"end":{"line":293,"column":5}},{"start":{},"end":{}}],"line":291},"41":{"loc":{"start":{"line":297,"column":8},"end":{"line":297,"column":39}},"type":"if","locations":[{"start":{"line":297,"column":8},"end":{"line":297,"column":39}},{"start":{},"end":{}}],"line":297},"42":{"loc":{"start":{"line":301,"column":21},"end":{"line":301,"column":45}},"type":"binary-expr","locations":[{"start":{"line":301,"column":21},"end":{"line":301,"column":35}},{"start":{"line":301,"column":39},"end":{"line":301,"column":45}}],"line":301},"43":{"loc":{"start":{"line":307,"column":8},"end":{"line":309,"column":9}},"type":"if","locations":[{"start":{"line":307,"column":8},"end":{"line":309,"column":9}},{"start":{},"end":{}}],"line":307},"44":{"loc":{"start":{"line":307,"column":12},"end":{"line":307,"column":34}},"type":"binary-expr","locations":[{"start":{"line":307,"column":12},"end":{"line":307,"column":26}},{"start":{"line":307,"column":30},"end":{"line":307,"column":34}}],"line":307},"45":{"loc":{"start":{"line":311,"column":8},"end":{"line":317,"column":9}},"type":"if","locations":[{"start":{"line":311,"column":8},"end":{"line":317,"column":9}},{"start":{},"end":{}}],"line":311},"46":{"loc":{"start":{"line":311,"column":12},"end":{"line":311,"column":38}},"type":"binary-expr","locations":[{"start":{"line":311,"column":12},"end":{"line":311,"column":26}},{"start":{"line":311,"column":30},"end":{"line":311,"column":38}}],"line":311},"47":{"loc":{"start":{"line":313,"column":12},"end":{"line":316,"column":13}},"type":"if","locations":[{"start":{"line":313,"column":12},"end":{"line":316,"column":13}},{"start":{},"end":{}}],"line":313}},"s":{"0":0,"1":0,"2":0,"3":0,"4":0,"5":0,"6":0,"7":0,"8":0,"9":0,"10":0,"11":0,"12":0,"13":0,"14":0,"15":0,"16":0,"17":0,"18":0,"19":0,"20":0,"21":0,"22":0,"23":0,"24":0,"25":0,"26":0,"27":0,"28":0,"29":0,"30":0,"31":0,"32":0,"33":0,"34":0,"35":0,"36":0,"37":0,"38":0,"39":0,"40":0,"41":0,"42":0,"43":0,"44":0,"45":0,"46":0,"47":0,"48":0,"49":0,"50":0,"51":0,"52":0,"53":0,"54":0,"55":0,"56":0,"57":0,"58":0,"59":0,"60":0,"61":0,"62":0,"63":0,"64":0,"65":0,"66":0,"67":0,"68":0,"69":0,"70":0,"71":0,"72":0,"73":0,"74":0,"75":0,"76":0,"77":0,"78":0,"79":0,"80":0,"81":0,"82":0,"83":0,"84":0,"85":0,"86":0,"87":0,"88":0,"89":0,"90":0,"91":0,"92":0,"93":0,"94":0,"95":0,"96":0,"97":0,"98":0,"99":0,"100":0,"101":0,"102":0,"103":0,"104":0,"105":0,"106":0,"107":0,"108":0,"109":0,"110":0,"111":0,"112":0,"113":0,"114":0,"115":0,"116":0,"117":0,"118":0,"119":0,"120":0,"121":0,"122":0,"123":0,"124":0,"125":0,"126":0,"127":0,"128":0,"129":0,"130":0,"131":0,"132":0,"133":0},"f":{"0":0,"1":0,"2":0,"3":0,"4":0,"5":0,"6":0,"7":0,"8":0,"9":0,"10":0,"11":0,"12":0,"13":0,"14":0,"15":0,"16":0,"17":0,"18":0,"19":0,"20":0,"21":0,"22":0},"b":{"0":[0,0],"1":[0,0],"2":[0,0],"3":[0,0],"4":[0,0],"5":[0,0],"6":[0,0],"7":[0,0],"8":[0,0],"9":[0,0],"10":[0,0],"11":[0,0],"12":[0,0],"13":[0,0],"14":[0,0],"15":[0,0],"16":[0,0],"17":[0,0],"18":[0,0],"19":[0,0],"20":[0,0],"21":[0,0],"22":[0,0],"23":[0,0],"24":[0,0],"25":[0,0],"26":[0,0],"27":[0,0],"28":[0,0],"29":[0,0],"30":[0,0],"31":[0,0],"32":[0,0],"33":[0,0],"34":[0,0],"35":[0,0],"36":[0,0],"37":[0,0],"38":[0,0],"39":[0,0],"40":[0,0],"41":[0,0],"42":[0,0],"43":[0,0],"44":[0,0],"45":[0,0],"46":[0,0],"47":[0,0]},"inputSourceMap":null}
,"/Users/tebogoseopa/University-Research-Collaboration-Platform/src/public/js/login.js": {"path":"/Users/tebogoseopa/University-Research-Collaboration-Platform/src/public/js/login.js","statementMap":{"0":{"start":{"line":3,"column":18},"end":{"line":3,"column":54}},"1":{"start":{"line":4,"column":19},"end":{"line":4,"column":51}},"2":{"start":{"line":5,"column":22},"end":{"line":5,"column":57}},"3":{"start":{"line":6,"column":29},"end":{"line":6,"column":82}},"4":{"start":{"line":7,"column":19},"end":{"line":7,"column":56}},"5":{"start":{"line":8,"column":29},"end":{"line":8,"column":33}},"6":{"start":{"line":11,"column":0},"end":{"line":37,"column":3}},"7":{"start":{"line":13,"column":20},"end":{"line":13,"column":63}},"8":{"start":{"line":15,"column":2},"end":{"line":20,"column":3}},"9":{"start":{"line":16,"column":4},"end":{"line":19,"column":5}},"10":{"start":{"line":17,"column":6},"end":{"line":17,"column":114}},"11":{"start":{"line":18,"column":6},"end":{"line":18,"column":59}},"12":{"start":{"line":23,"column":2},"end":{"line":36,"column":3}},"13":{"start":{"line":24,"column":4},"end":{"line":27,"column":5}},"14":{"start":{"line":25,"column":6},"end":{"line":25,"column":83}},"15":{"start":{"line":26,"column":6},"end":{"line":26,"column":59}},"16":{"start":{"line":30,"column":4},"end":{"line":35,"column":5}},"17":{"start":{"line":31,"column":6},"end":{"line":31,"column":42}},"18":{"start":{"line":32,"column":6},"end":{"line":34,"column":15}},"19":{"start":{"line":33,"column":8},"end":{"line":33,"column":47}},"20":{"start":{"line":40,"column":0},"end":{"line":52,"column":1}},"21":{"start":{"line":41,"column":2},"end":{"line":51,"column":5}},"22":{"start":{"line":42,"column":17},"end":{"line":42,"column":56}},"23":{"start":{"line":44,"column":4},"end":{"line":50,"column":5}},"24":{"start":{"line":45,"column":6},"end":{"line":45,"column":34}},"25":{"start":{"line":46,"column":6},"end":{"line":46,"column":55}},"26":{"start":{"line":48,"column":6},"end":{"line":48,"column":38}},"27":{"start":{"line":49,"column":6},"end":{"line":49,"column":55}},"28":{"start":{"line":57,"column":2},"end":{"line":59,"column":3}},"29":{"start":{"line":58,"column":4},"end":{"line":58,"column":36}},"30":{"start":{"line":62,"column":2},"end":{"line":62,"column":57}},"31":{"start":{"line":63,"column":2},"end":{"line":63,"column":59}},"32":{"start":{"line":64,"column":2},"end":{"line":66,"column":4}},"33":{"start":{"line":69,"column":2},"end":{"line":69,"column":85}},"34":{"start":{"line":72,"column":2},"end":{"line":111,"column":5}},"35":{"start":{"line":73,"column":4},"end":{"line":73,"column":23}},"36":{"start":{"line":75,"column":4},"end":{"line":110,"column":5}},"37":{"start":{"line":77,"column":6},"end":{"line":77,"column":71}},"38":{"start":{"line":79,"column":23},"end":{"line":85,"column":8}},"39":{"start":{"line":88,"column":6},"end":{"line":92,"column":7}},"40":{"start":{"line":89,"column":8},"end":{"line":89,"column":37}},"41":{"start":{"line":91,"column":8},"end":{"line":91,"column":86}},"42":{"start":{"line":94,"column":6},"end":{"line":96,"column":7}},"43":{"start":{"line":95,"column":8},"end":{"line":95,"column":79}},"44":{"start":{"line":98,"column":6},"end":{"line":98,"column":85}},"45":{"start":{"line":99,"column":6},"end":{"line":99,"column":59}},"46":{"start":{"line":102,"column":6},"end":{"line":102,"column":70}},"47":{"start":{"line":104,"column":6},"end":{"line":104,"column":57}},"48":{"start":{"line":105,"column":6},"end":{"line":105,"column":45}},"49":{"start":{"line":106,"column":6},"end":{"line":106,"column":57}},"50":{"start":{"line":109,"column":6},"end":{"line":109,"column":70}},"51":{"start":{"line":121,"column":25},"end":{"line":121,"column":43}},"52":{"start":{"line":123,"column":2},"end":{"line":132,"column":3}},"53":{"start":{"line":125,"column":6},"end":{"line":125,"column":43}},"54":{"start":{"line":127,"column":6},"end":{"line":127,"column":46}},"55":{"start":{"line":129,"column":6},"end":{"line":129,"column":48}},"56":{"start":{"line":131,"column":6},"end":{"line":131,"column":48}},"57":{"start":{"line":140,"column":2},"end":{"line":157,"column":3}},"58":{"start":{"line":142,"column":4},"end":{"line":148,"column":8}},"59":{"start":{"line":151,"column":4},"end":{"line":154,"column":5}},"60":{"start":{"line":152,"column":6},"end":{"line":152,"column":72}},"61":{"start":{"line":153,"column":6},"end":{"line":153,"column":74}},"62":{"start":{"line":156,"column":4},"end":{"line":156,"column":66}},"63":{"start":{"line":161,"column":0},"end":{"line":268,"column":1}},"64":{"start":{"line":162,"column":2},"end":{"line":267,"column":5}},"65":{"start":{"line":163,"column":4},"end":{"line":163,"column":23}},"66":{"start":{"line":166,"column":4},"end":{"line":170,"column":5}},"67":{"start":{"line":167,"column":6},"end":{"line":167,"column":70}},"68":{"start":{"line":168,"column":6},"end":{"line":168,"column":57}},"69":{"start":{"line":169,"column":6},"end":{"line":169,"column":13}},"70":{"start":{"line":173,"column":25},"end":{"line":173,"column":73}},"71":{"start":{"line":174,"column":31},"end":{"line":174,"column":55}},"72":{"start":{"line":175,"column":4},"end":{"line":175,"column":33}},"73":{"start":{"line":176,"column":4},"end":{"line":176,"column":47}},"74":{"start":{"line":177,"column":4},"end":{"line":177,"column":32}},"75":{"start":{"line":178,"column":4},"end":{"line":178,"column":49}},"76":{"start":{"line":181,"column":4},"end":{"line":184,"column":5}},"77":{"start":{"line":182,"column":6},"end":{"line":182,"column":38}},"78":{"start":{"line":183,"column":6},"end":{"line":183,"column":36}},"79":{"start":{"line":186,"column":4},"end":{"line":266,"column":5}},"80":{"start":{"line":188,"column":23},"end":{"line":197,"column":8}},"81":{"start":{"line":201,"column":6},"end":{"line":219,"column":7}},"82":{"start":{"line":203,"column":8},"end":{"line":203,"column":37}},"83":{"start":{"line":206,"column":8},"end":{"line":206,"column":61}},"84":{"start":{"line":208,"column":8},"end":{"line":218,"column":9}},"85":{"start":{"line":209,"column":10},"end":{"line":209,"column":102}},"86":{"start":{"line":210,"column":15},"end":{"line":218,"column":9}},"87":{"start":{"line":211,"column":10},"end":{"line":211,"column":94}},"88":{"start":{"line":212,"column":15},"end":{"line":218,"column":9}},"89":{"start":{"line":214,"column":10},"end":{"line":214,"column":45}},"90":{"start":{"line":215,"column":10},"end":{"line":215,"column":111}},"91":{"start":{"line":217,"column":10},"end":{"line":217,"column":88}},"92":{"start":{"line":222,"column":6},"end":{"line":238,"column":7}},"93":{"start":{"line":224,"column":8},"end":{"line":228,"column":9}},"94":{"start":{"line":226,"column":10},"end":{"line":226,"column":45}},"95":{"start":{"line":227,"column":10},"end":{"line":227,"column":107}},"96":{"start":{"line":231,"column":8},"end":{"line":237,"column":9}},"97":{"start":{"line":232,"column":10},"end":{"line":232,"column":102}},"98":{"start":{"line":233,"column":15},"end":{"line":237,"column":9}},"99":{"start":{"line":234,"column":10},"end":{"line":234,"column":67}},"100":{"start":{"line":236,"column":10},"end":{"line":236,"column":98}},"101":{"start":{"line":241,"column":6},"end":{"line":241,"column":36}},"102":{"start":{"line":244,"column":6},"end":{"line":244,"column":66}},"103":{"start":{"line":245,"column":6},"end":{"line":245,"column":59}},"104":{"start":{"line":248,"column":23},"end":{"line":248,"column":69}},"105":{"start":{"line":251,"column":27},"end":{"line":251,"column":58}},"106":{"start":{"line":254,"column":6},"end":{"line":256,"column":15}},"107":{"start":{"line":255,"column":8},"end":{"line":255,"column":44}},"108":{"start":{"line":259,"column":6},"end":{"line":259,"column":43}},"109":{"start":{"line":260,"column":6},"end":{"line":260,"column":81}},"110":{"start":{"line":261,"column":6},"end":{"line":261,"column":57}},"111":{"start":{"line":264,"column":6},"end":{"line":264,"column":36}},"112":{"start":{"line":265,"column":6},"end":{"line":265,"column":52}},"113":{"start":{"line":271,"column":0},"end":{"line":279,"column":3}},"114":{"start":{"line":272,"column":20},"end":{"line":272,"column":63}},"115":{"start":{"line":273,"column":16},"end":{"line":273,"column":38}},"116":{"start":{"line":275,"column":2},"end":{"line":278,"column":3}},"117":{"start":{"line":276,"column":4},"end":{"line":276,"column":61}},"118":{"start":{"line":277,"column":4},"end":{"line":277,"column":55}}},"fnMap":{"0":{"name":"(anonymous_0)","decl":{"start":{"line":11,"column":46},"end":{"line":11,"column":47}},"loc":{"start":{"line":11,"column":52},"end":{"line":37,"column":1}},"line":11},"1":{"name":"(anonymous_1)","decl":{"start":{"line":32,"column":17},"end":{"line":32,"column":18}},"loc":{"start":{"line":32,"column":23},"end":{"line":34,"column":7}},"line":32},"2":{"name":"(anonymous_2)","decl":{"start":{"line":41,"column":49},"end":{"line":41,"column":50}},"loc":{"start":{"line":41,"column":55},"end":{"line":51,"column":3}},"line":41},"3":{"name":"createResendLink","decl":{"start":{"line":55,"column":9},"end":{"line":55,"column":25}},"loc":{"start":{"line":55,"column":33},"end":{"line":112,"column":1}},"line":55},"4":{"name":"(anonymous_4)","decl":{"start":{"line":72,"column":66},"end":{"line":72,"column":67}},"loc":{"start":{"line":72,"column":79},"end":{"line":111,"column":3}},"line":72},"5":{"name":"getDashboardUrlByRole","decl":{"start":{"line":119,"column":9},"end":{"line":119,"column":30}},"loc":{"start":{"line":119,"column":37},"end":{"line":133,"column":1}},"line":119},"6":{"name":"storeUserInSession","decl":{"start":{"line":139,"column":9},"end":{"line":139,"column":27}},"loc":{"start":{"line":139,"column":34},"end":{"line":158,"column":1}},"line":139},"7":{"name":"(anonymous_7)","decl":{"start":{"line":162,"column":39},"end":{"line":162,"column":40}},"loc":{"start":{"line":162,"column":52},"end":{"line":267,"column":3}},"line":162},"8":{"name":"(anonymous_8)","decl":{"start":{"line":254,"column":17},"end":{"line":254,"column":18}},"loc":{"start":{"line":254,"column":23},"end":{"line":256,"column":7}},"line":254},"9":{"name":"(anonymous_9)","decl":{"start":{"line":271,"column":32},"end":{"line":271,"column":33}},"loc":{"start":{"line":271,"column":38},"end":{"line":279,"column":1}},"line":271}},"branchMap":{"0":{"loc":{"start":{"line":15,"column":2},"end":{"line":20,"column":3}},"type":"if","locations":[{"start":{"line":15,"column":2},"end":{"line":20,"column":3}},{"start":{},"end":{}}],"line":15},"1":{"loc":{"start":{"line":16,"column":4},"end":{"line":19,"column":5}},"type":"if","locations":[{"start":{"line":16,"column":4},"end":{"line":19,"column":5}},{"start":{},"end":{}}],"line":16},"2":{"loc":{"start":{"line":23,"column":2},"end":{"line":36,"column":3}},"type":"if","locations":[{"start":{"line":23,"column":2},"end":{"line":36,"column":3}},{"start":{},"end":{}}],"line":23},"3":{"loc":{"start":{"line":23,"column":6},"end":{"line":23,"column":71}},"type":"binary-expr","locations":[{"start":{"line":23,"column":6},"end":{"line":23,"column":31}},{"start":{"line":23,"column":35},"end":{"line":23,"column":71}}],"line":23},"4":{"loc":{"start":{"line":24,"column":4},"end":{"line":27,"column":5}},"type":"if","locations":[{"start":{"line":24,"column":4},"end":{"line":27,"column":5}},{"start":{},"end":{}}],"line":24},"5":{"loc":{"start":{"line":30,"column":4},"end":{"line":35,"column":5}},"type":"if","locations":[{"start":{"line":30,"column":4},"end":{"line":35,"column":5}},{"start":{},"end":{}}],"line":30},"6":{"loc":{"start":{"line":40,"column":0},"end":{"line":52,"column":1}},"type":"if","locations":[{"start":{"line":40,"column":0},"end":{"line":52,"column":1}},{"start":{},"end":{}}],"line":40},"7":{"loc":{"start":{"line":44,"column":4},"end":{"line":50,"column":5}},"type":"if","locations":[{"start":{"line":44,"column":4},"end":{"line":50,"column":5}},{"start":{"line":47,"column":11},"end":{"line":50,"column":5}}],"line":44},"8":{"loc":{"start":{"line":57,"column":2},"end":{"line":59,"column":3}},"type":"if","locations":[{"start":{"line":57,"column":2},"end":{"line":59,"column":3}},{"start":{},"end":{}}],"line":57},"9":{"loc":{"start":{"line":94,"column":6},"end":{"line":96,"column":7}},"type":"if","locations":[{"start":{"line":94,"column":6},"end":{"line":96,"column":7}},{"start":{},"end":{}}],"line":94},"10":{"loc":{"start":{"line":95,"column":24},"end":{"line":95,"column":77}},"type":"binary-expr","locations":[{"start":{"line":95,"column":24},"end":{"line":95,"column":36}},{"start":{"line":95,"column":40},"end":{"line":95,"column":77}}],"line":95},"11":{"loc":{"start":{"line":123,"column":2},"end":{"line":132,"column":3}},"type":"switch","locations":[{"start":{"line":124,"column":4},"end":{"line":125,"column":43}},{"start":{"line":126,"column":4},"end":{"line":127,"column":46}},{"start":{"line":128,"column":4},"end":{"line":129,"column":48}},{"start":{"line":130,"column":4},"end":{"line":131,"column":48}}],"line":123},"12":{"loc":{"start":{"line":145,"column":12},"end":{"line":145,"column":52}},"type":"binary-expr","locations":[{"start":{"line":145,"column":12},"end":{"line":145,"column":36}},{"start":{"line":145,"column":40},"end":{"line":145,"column":52}}],"line":145},"13":{"loc":{"start":{"line":146,"column":12},"end":{"line":146,"column":42}},"type":"binary-expr","locations":[{"start":{"line":146,"column":12},"end":{"line":146,"column":36}},{"start":{"line":146,"column":40},"end":{"line":146,"column":42}}],"line":146},"14":{"loc":{"start":{"line":147,"column":15},"end":{"line":147,"column":48}},"type":"binary-expr","locations":[{"start":{"line":147,"column":15},"end":{"line":147,"column":42}},{"start":{"line":147,"column":46},"end":{"line":147,"column":48}}],"line":147},"15":{"loc":{"start":{"line":151,"column":4},"end":{"line":154,"column":5}},"type":"if","locations":[{"start":{"line":151,"column":4},"end":{"line":154,"column":5}},{"start":{},"end":{}}],"line":151},"16":{"loc":{"start":{"line":161,"column":0},"end":{"line":268,"column":1}},"type":"if","locations":[{"start":{"line":161,"column":0},"end":{"line":268,"column":1}},{"start":{},"end":{}}],"line":161},"17":{"loc":{"start":{"line":166,"column":4},"end":{"line":170,"column":5}},"type":"if","locations":[{"start":{"line":166,"column":4},"end":{"line":170,"column":5}},{"start":{},"end":{}}],"line":166},"18":{"loc":{"start":{"line":166,"column":8},"end":{"line":166,"column":49}},"type":"binary-expr","locations":[{"start":{"line":166,"column":8},"end":{"line":166,"column":25}},{"start":{"line":166,"column":29},"end":{"line":166,"column":49}}],"line":166},"19":{"loc":{"start":{"line":181,"column":4},"end":{"line":184,"column":5}},"type":"if","locations":[{"start":{"line":181,"column":4},"end":{"line":184,"column":5}},{"start":{},"end":{}}],"line":181},"20":{"loc":{"start":{"line":208,"column":8},"end":{"line":218,"column":9}},"type":"if","locations":[{"start":{"line":208,"column":8},"end":{"line":218,"column":9}},{"start":{"line":210,"column":15},"end":{"line":218,"column":9}}],"line":208},"21":{"loc":{"start":{"line":210,"column":15},"end":{"line":218,"column":9}},"type":"if","locations":[{"start":{"line":210,"column":15},"end":{"line":218,"column":9}},{"start":{"line":212,"column":15},"end":{"line":218,"column":9}}],"line":210},"22":{"loc":{"start":{"line":212,"column":15},"end":{"line":218,"column":9}},"type":"if","locations":[{"start":{"line":212,"column":15},"end":{"line":218,"column":9}},{"start":{"line":216,"column":15},"end":{"line":218,"column":9}}],"line":212},"23":{"loc":{"start":{"line":222,"column":6},"end":{"line":238,"column":7}},"type":"if","locations":[{"start":{"line":222,"column":6},"end":{"line":238,"column":7}},{"start":{},"end":{}}],"line":222},"24":{"loc":{"start":{"line":224,"column":8},"end":{"line":228,"column":9}},"type":"if","locations":[{"start":{"line":224,"column":8},"end":{"line":228,"column":9}},{"start":{},"end":{}}],"line":224},"25":{"loc":{"start":{"line":224,"column":12},"end":{"line":224,"column":67}},"type":"binary-expr","locations":[{"start":{"line":224,"column":12},"end":{"line":224,"column":35}},{"start":{"line":224,"column":39},"end":{"line":224,"column":67}}],"line":224},"26":{"loc":{"start":{"line":231,"column":8},"end":{"line":237,"column":9}},"type":"if","locations":[{"start":{"line":231,"column":8},"end":{"line":237,"column":9}},{"start":{"line":233,"column":15},"end":{"line":237,"column":9}}],"line":231},"27":{"loc":{"start":{"line":233,"column":15},"end":{"line":237,"column":9}},"type":"if","locations":[{"start":{"line":233,"column":15},"end":{"line":237,"column":9}},{"start":{"line":235,"column":15},"end":{"line":237,"column":9}}],"line":233},"28":{"loc":{"start":{"line":236,"column":26},"end":{"line":236,"column":96}},"type":"binary-expr","locations":[{"start":{"line":236,"column":26},"end":{"line":236,"column":38}},{"start":{"line":236,"column":42},"end":{"line":236,"column":96}}],"line":236},"29":{"loc":{"start":{"line":248,"column":23},"end":{"line":248,"column":69}},"type":"binary-expr","locations":[{"start":{"line":248,"column":23},"end":{"line":248,"column":53}},{"start":{"line":248,"column":57},"end":{"line":248,"column":69}}],"line":248},"30":{"loc":{"start":{"line":260,"column":31},"end":{"line":260,"column":80}},"type":"binary-expr","locations":[{"start":{"line":260,"column":31},"end":{"line":260,"column":44}},{"start":{"line":260,"column":48},"end":{"line":260,"column":80}}],"line":260},"31":{"loc":{"start":{"line":275,"column":2},"end":{"line":278,"column":3}},"type":"if","locations":[{"start":{"line":275,"column":2},"end":{"line":278,"column":3}},{"start":{},"end":{}}],"line":275}},"s":{"0":0,"1":0,"2":0,"3":0,"4":0,"5":0,"6":0,"7":0,"8":0,"9":0,"10":0,"11":0,"12":0,"13":0,"14":0,"15":0,"16":0,"17":0,"18":0,"19":0,"20":0,"21":0,"22":0,"23":0,"24":0,"25":0,"26":0,"27":0,"28":0,"29":0,"30":0,"31":0,"32":0,"33":0,"34":0,"35":0,"36":0,"37":0,"38":0,"39":0,"40":0,"41":0,"42":0,"43":0,"44":0,"45":0,"46":0,"47":0,"48":0,"49":0,"50":0,"51":0,"52":0,"53":0,"54":0,"55":0,"56":0,"57":0,"58":0,"59":0,"60":0,"61":0,"62":0,"63":0,"64":0,"65":0,"66":0,"67":0,"68":0,"69":0,"70":0,"71":0,"72":0,"73":0,"74":0,"75":0,"76":0,"77":0,"78":0,"79":0,"80":0,"81":0,"82":0,"83":0,"84":0,"85":0,"86":0,"87":0,"88":0,"89":0,"90":0,"91":0,"92":0,"93":0,"94":0,"95":0,"96":0,"97":0,"98":0,"99":0,"100":0,"101":0,"102":0,"103":0,"104":0,"105":0,"106":0,"107":0,"108":0,"109":0,"110":0,"111":0,"112":0,"113":0,"114":0,"115":0,"116":0,"117":0,"118":0},"f":{"0":0,"1":0,"2":0,"3":0,"4":0,"5":0,"6":0,"7":0,"8":0,"9":0},"b":{"0":[0,0],"1":[0,0],"2":[0,0],"3":[0,0],"4":[0,0],"5":[0,0],"6":[0,0],"7":[0,0],"8":[0,0],"9":[0,0],"10":[0,0],"11":[0,0,0,0],"12":[0,0],"13":[0,0],"14":[0,0],"15":[0,0],"16":[0,0],"17":[0,0],"18":[0,0],"19":[0,0],"20":[0,0],"21":[0,0],"22":[0,0],"23":[0,0],"24":[0,0],"25":[0,0],"26":[0,0],"27":[0,0],"28":[0,0],"29":[0,0],"30":[0,0],"31":[0,0]},"inputSourceMap":null}
,"/Users/tebogoseopa/University-Research-Collaboration-Platform/src/public/js/main.js": {"path":"/Users/tebogoseopa/University-Research-Collaboration-Platform/src/public/js/main.js","statementMap":{"0":{"start":{"line":2,"column":0},"end":{"line":112,"column":3}},"1":{"start":{"line":4,"column":29},"end":{"line":4,"column":74}},"2":{"start":{"line":5,"column":4},"end":{"line":10,"column":5}},"3":{"start":{"line":6,"column":8},"end":{"line":9,"column":11}},"4":{"start":{"line":7,"column":29},"end":{"line":7,"column":65}},"5":{"start":{"line":8,"column":12},"end":{"line":8,"column":46}},"6":{"start":{"line":13,"column":29},"end":{"line":13,"column":76}},"7":{"start":{"line":15,"column":4},"end":{"line":48,"column":5}},"8":{"start":{"line":16,"column":25},"end":{"line":23,"column":30}},"9":{"start":{"line":17,"column":12},"end":{"line":22,"column":15}},"10":{"start":{"line":18,"column":16},"end":{"line":21,"column":17}},"11":{"start":{"line":19,"column":20},"end":{"line":19,"column":58}},"12":{"start":{"line":20,"column":20},"end":{"line":20,"column":53}},"13":{"start":{"line":26,"column":37},"end":{"line":34,"column":9}},"14":{"start":{"line":27,"column":12},"end":{"line":33,"column":13}},"15":{"start":{"line":29,"column":16},"end":{"line":32,"column":19}},"16":{"start":{"line":30,"column":20},"end":{"line":30,"column":48}},"17":{"start":{"line":31,"column":20},"end":{"line":31,"column":43}},"18":{"start":{"line":36,"column":8},"end":{"line":42,"column":11}},"19":{"start":{"line":37,"column":12},"end":{"line":37,"column":33}},"20":{"start":{"line":39,"column":12},"end":{"line":41,"column":14}},"21":{"start":{"line":45,"column":8},"end":{"line":47,"column":11}},"22":{"start":{"line":46,"column":12},"end":{"line":46,"column":40}},"23":{"start":{"line":51,"column":28},"end":{"line":51,"column":73}},"24":{"start":{"line":52,"column":27},"end":{"line":52,"column":70}},"25":{"start":{"line":53,"column":22},"end":{"line":53,"column":59}},"26":{"start":{"line":56,"column":4},"end":{"line":56,"column":22}},"27":{"start":{"line":59,"column":4},"end":{"line":59,"column":55}},"28":{"start":{"line":62,"column":4},"end":{"line":69,"column":5}},"29":{"start":{"line":63,"column":8},"end":{"line":68,"column":11}},"30":{"start":{"line":64,"column":12},"end":{"line":67,"column":13}},"31":{"start":{"line":65,"column":16},"end":{"line":65,"column":50}},"32":{"start":{"line":66,"column":16},"end":{"line":66,"column":56}},"33":{"start":{"line":72,"column":4},"end":{"line":79,"column":5}},"34":{"start":{"line":73,"column":8},"end":{"line":78,"column":11}},"35":{"start":{"line":74,"column":12},"end":{"line":77,"column":13}},"36":{"start":{"line":75,"column":16},"end":{"line":75,"column":53}},"37":{"start":{"line":76,"column":16},"end":{"line":76,"column":50}},"38":{"start":{"line":82,"column":27},"end":{"line":82,"column":75}},"39":{"start":{"line":83,"column":4},"end":{"line":90,"column":7}},"40":{"start":{"line":84,"column":8},"end":{"line":89,"column":11}},"41":{"start":{"line":85,"column":12},"end":{"line":88,"column":13}},"42":{"start":{"line":86,"column":16},"end":{"line":86,"column":53}},"43":{"start":{"line":87,"column":16},"end":{"line":87,"column":50}},"44":{"start":{"line":93,"column":33},"end":{"line":93,"column":78}},"45":{"start":{"line":94,"column":8},"end":{"line":94,"column":38}},"46":{"start":{"line":94,"column":31},"end":{"line":94,"column":38}},"47":{"start":{"line":96,"column":25},"end":{"line":96,"column":61}},"48":{"start":{"line":97,"column":23},"end":{"line":97,"column":56}},"49":{"start":{"line":98,"column":28},"end":{"line":98,"column":75}},"50":{"start":{"line":101,"column":8},"end":{"line":110,"column":9}},"51":{"start":{"line":102,"column":12},"end":{"line":102,"column":53}},"52":{"start":{"line":103,"column":12},"end":{"line":103,"column":66}},"53":{"start":{"line":103,"column":26},"end":{"line":103,"column":66}},"54":{"start":{"line":104,"column":12},"end":{"line":104,"column":72}},"55":{"start":{"line":104,"column":29},"end":{"line":104,"column":72}},"56":{"start":{"line":107,"column":12},"end":{"line":107,"column":52}},"57":{"start":{"line":108,"column":12},"end":{"line":108,"column":69}},"58":{"start":{"line":108,"column":26},"end":{"line":108,"column":69}},"59":{"start":{"line":109,"column":12},"end":{"line":109,"column":75}},"60":{"start":{"line":109,"column":29},"end":{"line":109,"column":75}}},"fnMap":{"0":{"name":"(anonymous_0)","decl":{"start":{"line":2,"column":46},"end":{"line":2,"column":47}},"loc":{"start":{"line":2,"column":57},"end":{"line":112,"column":1}},"line":2},"1":{"name":"(anonymous_1)","decl":{"start":{"line":6,"column":51},"end":{"line":6,"column":52}},"loc":{"start":{"line":6,"column":62},"end":{"line":9,"column":9}},"line":6},"2":{"name":"(anonymous_2)","decl":{"start":{"line":16,"column":50},"end":{"line":16,"column":51}},"loc":{"start":{"line":16,"column":63},"end":{"line":23,"column":9}},"line":16},"3":{"name":"(anonymous_3)","decl":{"start":{"line":17,"column":28},"end":{"line":17,"column":29}},"loc":{"start":{"line":17,"column":37},"end":{"line":22,"column":13}},"line":17},"4":{"name":"(anonymous_4)","decl":{"start":{"line":26,"column":37},"end":{"line":26,"column":38}},"loc":{"start":{"line":26,"column":62},"end":{"line":34,"column":9}},"line":26},"5":{"name":"(anonymous_5)","decl":{"start":{"line":29,"column":41},"end":{"line":29,"column":42}},"loc":{"start":{"line":29,"column":47},"end":{"line":32,"column":17}},"line":29},"6":{"name":"(anonymous_6)","decl":{"start":{"line":36,"column":33},"end":{"line":36,"column":34}},"loc":{"start":{"line":36,"column":39},"end":{"line":42,"column":9}},"line":36},"7":{"name":"(anonymous_7)","decl":{"start":{"line":45,"column":33},"end":{"line":45,"column":34}},"loc":{"start":{"line":45,"column":39},"end":{"line":47,"column":9}},"line":45},"8":{"name":"(anonymous_8)","decl":{"start":{"line":63,"column":50},"end":{"line":63,"column":51}},"loc":{"start":{"line":63,"column":61},"end":{"line":68,"column":9}},"line":63},"9":{"name":"(anonymous_9)","decl":{"start":{"line":73,"column":49},"end":{"line":73,"column":50}},"loc":{"start":{"line":73,"column":60},"end":{"line":78,"column":9}},"line":73},"10":{"name":"(anonymous_10)","decl":{"start":{"line":83,"column":27},"end":{"line":83,"column":28}},"loc":{"start":{"line":83,"column":35},"end":{"line":90,"column":5}},"line":83},"11":{"name":"(anonymous_11)","decl":{"start":{"line":84,"column":39},"end":{"line":84,"column":40}},"loc":{"start":{"line":84,"column":50},"end":{"line":89,"column":9}},"line":84},"12":{"name":"checkMobileView","decl":{"start":{"line":92,"column":13},"end":{"line":92,"column":28}},"loc":{"start":{"line":92,"column":31},"end":{"line":111,"column":5}},"line":92}},"branchMap":{"0":{"loc":{"start":{"line":5,"column":4},"end":{"line":10,"column":5}},"type":"if","locations":[{"start":{"line":5,"column":4},"end":{"line":10,"column":5}},{"start":{},"end":{}}],"line":5},"1":{"loc":{"start":{"line":15,"column":4},"end":{"line":48,"column":5}},"type":"if","locations":[{"start":{"line":15,"column":4},"end":{"line":48,"column":5}},{"start":{"line":43,"column":11},"end":{"line":48,"column":5}}],"line":15},"2":{"loc":{"start":{"line":18,"column":16},"end":{"line":21,"column":17}},"type":"if","locations":[{"start":{"line":18,"column":16},"end":{"line":21,"column":17}},{"start":{},"end":{}}],"line":18},"3":{"loc":{"start":{"line":27,"column":12},"end":{"line":33,"column":13}},"type":"if","locations":[{"start":{"line":27,"column":12},"end":{"line":33,"column":13}},{"start":{},"end":{}}],"line":27},"4":{"loc":{"start":{"line":62,"column":4},"end":{"line":69,"column":5}},"type":"if","locations":[{"start":{"line":62,"column":4},"end":{"line":69,"column":5}},{"start":{},"end":{}}],"line":62},"5":{"loc":{"start":{"line":64,"column":12},"end":{"line":67,"column":13}},"type":"if","locations":[{"start":{"line":64,"column":12},"end":{"line":67,"column":13}},{"start":{},"end":{}}],"line":64},"6":{"loc":{"start":{"line":72,"column":4},"end":{"line":79,"column":5}},"type":"if","locations":[{"start":{"line":72,"column":4},"end":{"line":79,"column":5}},{"start":{},"end":{}}],"line":72},"7":{"loc":{"start":{"line":74,"column":12},"end":{"line":77,"column":13}},"type":"if","locations":[{"start":{"line":74,"column":12},"end":{"line":77,"column":13}},{"start":{},"end":{}}],"line":74},"8":{"loc":{"start":{"line":85,"column":12},"end":{"line":88,"column":13}},"type":"if","locations":[{"start":{"line":85,"column":12},"end":{"line":88,"column":13}},{"start":{},"end":{}}],"line":85},"9":{"loc":{"start":{"line":94,"column":8},"end":{"line":94,"column":38}},"type":"if","locations":[{"start":{"line":94,"column":8},"end":{"line":94,"column":38}},{"start":{},"end":{}}],"line":94},"10":{"loc":{"start":{"line":101,"column":8},"end":{"line":110,"column":9}},"type":"if","locations":[{"start":{"line":101,"column":8},"end":{"line":110,"column":9}},{"start":{"line":105,"column":15},"end":{"line":110,"column":9}}],"line":101},"11":{"loc":{"start":{"line":103,"column":12},"end":{"line":103,"column":66}},"type":"if","locations":[{"start":{"line":103,"column":12},"end":{"line":103,"column":66}},{"start":{},"end":{}}],"line":103},"12":{"loc":{"start":{"line":104,"column":12},"end":{"line":104,"column":72}},"type":"if","locations":[{"start":{"line":104,"column":12},"end":{"line":104,"column":72}},{"start":{},"end":{}}],"line":104},"13":{"loc":{"start":{"line":108,"column":12},"end":{"line":108,"column":69}},"type":"if","locations":[{"start":{"line":108,"column":12},"end":{"line":108,"column":69}},{"start":{},"end":{}}],"line":108},"14":{"loc":{"start":{"line":109,"column":12},"end":{"line":109,"column":75}},"type":"if","locations":[{"start":{"line":109,"column":12},"end":{"line":109,"column":75}},{"start":{},"end":{}}],"line":109}},"s":{"0":0,"1":0,"2":0,"3":0,"4":0,"5":0,"6":0,"7":0,"8":0,"9":0,"10":0,"11":0,"12":0,"13":0,"14":0,"15":0,"16":0,"17":0,"18":0,"19":0,"20":0,"21":0,"22":0,"23":0,"24":0,"25":0,"26":0,"27":0,"28":0,"29":0,"30":0,"31":0,"32":0,"33":0,"34":0,"35":0,"36":0,"37":0,"38":0,"39":0,"40":0,"41":0,"42":0,"43":0,"44":0,"45":0,"46":0,"47":0,"48":0,"49":0,"50":0,"51":0,"52":0,"53":0,"54":0,"55":0,"56":0,"57":0,"58":0,"59":0,"60":0},"f":{"0":0,"1":0,"2":0,"3":0,"4":0,"5":0,"6":0,"7":0,"8":0,"9":0,"10":0,"11":0,"12":0},"b":{"0":[0,0],"1":[0,0],"2":[0,0],"3":[0,0],"4":[0,0],"5":[0,0],"6":[0,0],"7":[0,0],"8":[0,0],"9":[0,0],"10":[0,0],"11":[0,0],"12":[0,0],"13":[0,0],"14":[0,0]},"inputSourceMap":null}
,"/Users/tebogoseopa/University-Research-Collaboration-Platform/src/public/js/signup-google.js": {"path":"/Users/tebogoseopa/University-Research-Collaboration-Platform/src/public/js/signup-google.js","statementMap":{"0":{"start":{"line":2,"column":0},"end":{"line":309,"column":3}},"1":{"start":{"line":4,"column":17},"end":{"line":4,"column":60}},"2":{"start":{"line":5,"column":23},"end":{"line":5,"column":70}},"3":{"start":{"line":6,"column":23},"end":{"line":6,"column":60}},"4":{"start":{"line":7,"column":30},"end":{"line":7,"column":74}},"5":{"start":{"line":8,"column":25},"end":{"line":8,"column":65}},"6":{"start":{"line":11,"column":20},"end":{"line":11,"column":55}},"7":{"start":{"line":12,"column":20},"end":{"line":12,"column":55}},"8":{"start":{"line":13,"column":18},"end":{"line":13,"column":57}},"9":{"start":{"line":15,"column":22},"end":{"line":15,"column":23}},"10":{"start":{"line":16,"column":24},"end":{"line":16,"column":28}},"11":{"start":{"line":19,"column":22},"end":{"line":19,"column":65}},"12":{"start":{"line":20,"column":18},"end":{"line":20,"column":40}},"13":{"start":{"line":29,"column":31},"end":{"line":29,"column":71}},"14":{"start":{"line":31,"column":8},"end":{"line":38,"column":9}},"15":{"start":{"line":33,"column":16},"end":{"line":33,"column":53}},"16":{"start":{"line":35,"column":16},"end":{"line":35,"column":56}},"17":{"start":{"line":37,"column":16},"end":{"line":37,"column":58}},"18":{"start":{"line":46,"column":8},"end":{"line":78,"column":9}},"19":{"start":{"line":48,"column":22},"end":{"line":48,"column":48}},"20":{"start":{"line":49,"column":12},"end":{"line":51,"column":13}},"21":{"start":{"line":50,"column":16},"end":{"line":50,"column":41}},"22":{"start":{"line":53,"column":12},"end":{"line":53,"column":62}},"23":{"start":{"line":55,"column":29},"end":{"line":55,"column":45}},"24":{"start":{"line":57,"column":12},"end":{"line":59,"column":13}},"25":{"start":{"line":58,"column":16},"end":{"line":58,"column":86}},"26":{"start":{"line":61,"column":25},"end":{"line":61,"column":46}},"27":{"start":{"line":62,"column":12},"end":{"line":62,"column":41}},"28":{"start":{"line":64,"column":12},"end":{"line":70,"column":13}},"29":{"start":{"line":66,"column":16},"end":{"line":66,"column":52}},"30":{"start":{"line":67,"column":16},"end":{"line":67,"column":37}},"31":{"start":{"line":69,"column":16},"end":{"line":69,"column":72}},"32":{"start":{"line":72,"column":12},"end":{"line":72,"column":67}},"33":{"start":{"line":73,"column":12},"end":{"line":76,"column":13}},"34":{"start":{"line":74,"column":16},"end":{"line":74,"column":109}},"35":{"start":{"line":75,"column":16},"end":{"line":75,"column":53}},"36":{"start":{"line":77,"column":12},"end":{"line":77,"column":24}},"37":{"start":{"line":85,"column":8},"end":{"line":85,"column":51}},"38":{"start":{"line":85,"column":44},"end":{"line":85,"column":51}},"39":{"start":{"line":88,"column":28},"end":{"line":98,"column":9}},"40":{"start":{"line":100,"column":8},"end":{"line":100,"column":50}},"41":{"start":{"line":103,"column":27},"end":{"line":103,"column":59}},"42":{"start":{"line":104,"column":8},"end":{"line":109,"column":9}},"43":{"start":{"line":105,"column":12},"end":{"line":105,"column":45}},"44":{"start":{"line":106,"column":12},"end":{"line":108,"column":13}},"45":{"start":{"line":107,"column":16},"end":{"line":107,"column":43}},"46":{"start":{"line":112,"column":26},"end":{"line":112,"column":57}},"47":{"start":{"line":113,"column":8},"end":{"line":115,"column":9}},"48":{"start":{"line":114,"column":12},"end":{"line":114,"column":43}},"49":{"start":{"line":120,"column":8},"end":{"line":122,"column":11}},"50":{"start":{"line":121,"column":12},"end":{"line":121,"column":65}},"51":{"start":{"line":123,"column":8},"end":{"line":123,"column":32}},"52":{"start":{"line":126,"column":8},"end":{"line":126,"column":89}},"53":{"start":{"line":126,"column":21},"end":{"line":126,"column":89}},"54":{"start":{"line":127,"column":8},"end":{"line":127,"column":104}},"55":{"start":{"line":127,"column":21},"end":{"line":127,"column":104}},"56":{"start":{"line":131,"column":4},"end":{"line":159,"column":5}},"57":{"start":{"line":132,"column":8},"end":{"line":158,"column":11}},"58":{"start":{"line":133,"column":31},"end":{"line":133,"column":71}},"59":{"start":{"line":134,"column":33},"end":{"line":134,"column":108}},"60":{"start":{"line":137,"column":12},"end":{"line":155,"column":15}},"61":{"start":{"line":138,"column":30},"end":{"line":138,"column":72}},"62":{"start":{"line":139,"column":16},"end":{"line":154,"column":17}},"63":{"start":{"line":140,"column":20},"end":{"line":140,"column":50}},"64":{"start":{"line":141,"column":35},"end":{"line":141,"column":84}},"65":{"start":{"line":142,"column":20},"end":{"line":148,"column":23}},"66":{"start":{"line":143,"column":24},"end":{"line":147,"column":25}},"67":{"start":{"line":144,"column":28},"end":{"line":144,"column":63}},"68":{"start":{"line":146,"column":28},"end":{"line":146,"column":62}},"69":{"start":{"line":150,"column":20},"end":{"line":150,"column":49}},"70":{"start":{"line":152,"column":35},"end":{"line":152,"column":84}},"71":{"start":{"line":153,"column":20},"end":{"line":153,"column":79}},"72":{"start":{"line":153,"column":44},"end":{"line":153,"column":77}},"73":{"start":{"line":157,"column":12},"end":{"line":157,"column":38}},"74":{"start":{"line":162,"column":4},"end":{"line":166,"column":5}},"75":{"start":{"line":163,"column":8},"end":{"line":165,"column":11}},"76":{"start":{"line":164,"column":12},"end":{"line":164,"column":38}},"77":{"start":{"line":169,"column":4},"end":{"line":289,"column":5}},"78":{"start":{"line":170,"column":8},"end":{"line":288,"column":11}},"79":{"start":{"line":171,"column":12},"end":{"line":171,"column":31}},"80":{"start":{"line":174,"column":12},"end":{"line":174,"column":91}},"81":{"start":{"line":174,"column":70},"end":{"line":174,"column":89}},"82":{"start":{"line":177,"column":26},"end":{"line":177,"column":30}},"83":{"start":{"line":178,"column":33},"end":{"line":178,"column":108}},"84":{"start":{"line":179,"column":35},"end":{"line":179,"column":113}},"85":{"start":{"line":181,"column":12},"end":{"line":193,"column":15}},"86":{"start":{"line":183,"column":35},"end":{"line":183,"column":63}},"87":{"start":{"line":184,"column":16},"end":{"line":192,"column":17}},"88":{"start":{"line":185,"column":20},"end":{"line":191,"column":21}},"89":{"start":{"line":186,"column":44},"end":{"line":186,"column":91}},"90":{"start":{"line":187,"column":24},"end":{"line":189,"column":25}},"91":{"start":{"line":188,"column":28},"end":{"line":188,"column":94}},"92":{"start":{"line":190,"column":24},"end":{"line":190,"column":40}},"93":{"start":{"line":196,"column":31},"end":{"line":196,"column":68}},"94":{"start":{"line":197,"column":12},"end":{"line":203,"column":13}},"95":{"start":{"line":198,"column":36},"end":{"line":198,"column":82}},"96":{"start":{"line":199,"column":16},"end":{"line":201,"column":17}},"97":{"start":{"line":200,"column":20},"end":{"line":200,"column":91}},"98":{"start":{"line":202,"column":16},"end":{"line":202,"column":32}},"99":{"start":{"line":205,"column":12},"end":{"line":208,"column":13}},"100":{"start":{"line":206,"column":16},"end":{"line":206,"column":111}},"101":{"start":{"line":207,"column":16},"end":{"line":207,"column":23}},"102":{"start":{"line":211,"column":12},"end":{"line":211,"column":92}},"103":{"start":{"line":214,"column":29},"end":{"line":214,"column":47}},"104":{"start":{"line":215,"column":29},"end":{"line":215,"column":31}},"105":{"start":{"line":217,"column":12},"end":{"line":219,"column":13}},"106":{"start":{"line":218,"column":16},"end":{"line":218,"column":38}},"107":{"start":{"line":221,"column":12},"end":{"line":287,"column":13}},"108":{"start":{"line":223,"column":26},"end":{"line":223,"column":46}},"109":{"start":{"line":224,"column":16},"end":{"line":226,"column":17}},"110":{"start":{"line":225,"column":20},"end":{"line":225,"column":45}},"111":{"start":{"line":229,"column":33},"end":{"line":235,"column":18}},"112":{"start":{"line":237,"column":16},"end":{"line":260,"column":17}},"113":{"start":{"line":238,"column":40},"end":{"line":238,"column":76}},"114":{"start":{"line":239,"column":20},"end":{"line":258,"column":21}},"115":{"start":{"line":240,"column":39},"end":{"line":240,"column":60}},"116":{"start":{"line":243,"column":24},"end":{"line":250,"column":25}},"117":{"start":{"line":244,"column":28},"end":{"line":249,"column":31}},"118":{"start":{"line":245,"column":52},"end":{"line":245,"column":96}},"119":{"start":{"line":246,"column":32},"end":{"line":248,"column":33}},"120":{"start":{"line":247,"column":36},"end":{"line":247,"column":70}},"121":{"start":{"line":252,"column":24},"end":{"line":252,"column":115}},"122":{"start":{"line":255,"column":42},"end":{"line":255,"column":63}},"123":{"start":{"line":256,"column":24},"end":{"line":256,"column":130}},"124":{"start":{"line":257,"column":24},"end":{"line":257,"column":75}},"125":{"start":{"line":259,"column":20},"end":{"line":259,"column":27}},"126":{"start":{"line":263,"column":31},"end":{"line":263,"column":52}},"127":{"start":{"line":266,"column":16},"end":{"line":266,"column":121}},"128":{"start":{"line":269,"column":16},"end":{"line":271,"column":17}},"129":{"start":{"line":270,"column":20},"end":{"line":270,"column":86}},"130":{"start":{"line":274,"column":33},"end":{"line":274,"column":97}},"131":{"start":{"line":277,"column":37},"end":{"line":277,"column":90}},"132":{"start":{"line":280,"column":16},"end":{"line":282,"column":25}},"133":{"start":{"line":281,"column":20},"end":{"line":281,"column":56}},"134":{"start":{"line":285,"column":16},"end":{"line":285,"column":63}},"135":{"start":{"line":286,"column":16},"end":{"line":286,"column":114}},"136":{"start":{"line":292,"column":4},"end":{"line":305,"column":5}},"137":{"start":{"line":293,"column":8},"end":{"line":293,"column":35}},"138":{"start":{"line":295,"column":8},"end":{"line":302,"column":9}},"139":{"start":{"line":296,"column":12},"end":{"line":301,"column":14}},"140":{"start":{"line":304,"column":8},"end":{"line":304,"column":61}},"141":{"start":{"line":308,"column":4},"end":{"line":308,"column":16}}},"fnMap":{"0":{"name":"(anonymous_0)","decl":{"start":{"line":2,"column":46},"end":{"line":2,"column":47}},"loc":{"start":{"line":2,"column":63},"end":{"line":309,"column":1}},"line":2},"1":{"name":"getDashboardUrlByRole","decl":{"start":{"line":27,"column":13},"end":{"line":27,"column":34}},"loc":{"start":{"line":27,"column":41},"end":{"line":39,"column":5}},"line":27},"2":{"name":"fetchGoogleProfile","decl":{"start":{"line":45,"column":19},"end":{"line":45,"column":37}},"loc":{"start":{"line":45,"column":40},"end":{"line":79,"column":5}},"line":45},"3":{"name":"displayGoogleProfile","decl":{"start":{"line":84,"column":13},"end":{"line":84,"column":33}},"loc":{"start":{"line":84,"column":43},"end":{"line":116,"column":5}},"line":84},"4":{"name":"showStep","decl":{"start":{"line":119,"column":13},"end":{"line":119,"column":21}},"loc":{"start":{"line":119,"column":33},"end":{"line":128,"column":5}},"line":119},"5":{"name":"(anonymous_5)","decl":{"start":{"line":120,"column":22},"end":{"line":120,"column":23}},"loc":{"start":{"line":120,"column":39},"end":{"line":122,"column":9}},"line":120},"6":{"name":"(anonymous_6)","decl":{"start":{"line":132,"column":42},"end":{"line":132,"column":43}},"loc":{"start":{"line":132,"column":53},"end":{"line":158,"column":9}},"line":132},"7":{"name":"(anonymous_7)","decl":{"start":{"line":137,"column":31},"end":{"line":137,"column":32}},"loc":{"start":{"line":137,"column":40},"end":{"line":155,"column":13}},"line":137},"8":{"name":"(anonymous_8)","decl":{"start":{"line":142,"column":35},"end":{"line":142,"column":36}},"loc":{"start":{"line":142,"column":44},"end":{"line":148,"column":21}},"line":142},"9":{"name":"(anonymous_9)","decl":{"start":{"line":153,"column":35},"end":{"line":153,"column":36}},"loc":{"start":{"line":153,"column":44},"end":{"line":153,"column":77}},"line":153},"10":{"name":"(anonymous_10)","decl":{"start":{"line":163,"column":42},"end":{"line":163,"column":43}},"loc":{"start":{"line":163,"column":53},"end":{"line":165,"column":9}},"line":163},"11":{"name":"(anonymous_11)","decl":{"start":{"line":170,"column":40},"end":{"line":170,"column":41}},"loc":{"start":{"line":170,"column":58},"end":{"line":288,"column":9}},"line":170},"12":{"name":"(anonymous_12)","decl":{"start":{"line":174,"column":64},"end":{"line":174,"column":65}},"loc":{"start":{"line":174,"column":70},"end":{"line":174,"column":89}},"line":174},"13":{"name":"(anonymous_13)","decl":{"start":{"line":181,"column":35},"end":{"line":181,"column":36}},"loc":{"start":{"line":181,"column":44},"end":{"line":193,"column":13}},"line":181},"14":{"name":"(anonymous_14)","decl":{"start":{"line":244,"column":66},"end":{"line":244,"column":67}},"loc":{"start":{"line":244,"column":88},"end":{"line":249,"column":29}},"line":244},"15":{"name":"(anonymous_15)","decl":{"start":{"line":280,"column":27},"end":{"line":280,"column":28}},"loc":{"start":{"line":280,"column":33},"end":{"line":282,"column":17}},"line":280}},"branchMap":{"0":{"loc":{"start":{"line":29,"column":31},"end":{"line":29,"column":71}},"type":"cond-expr","locations":[{"start":{"line":29,"column":38},"end":{"line":29,"column":56}},{"start":{"line":29,"column":59},"end":{"line":29,"column":71}}],"line":29},"1":{"loc":{"start":{"line":31,"column":8},"end":{"line":38,"column":9}},"type":"switch","locations":[{"start":{"line":32,"column":12},"end":{"line":33,"column":53}},{"start":{"line":34,"column":12},"end":{"line":35,"column":56}},{"start":{"line":36,"column":12},"end":{"line":37,"column":58}}],"line":31},"2":{"loc":{"start":{"line":49,"column":12},"end":{"line":51,"column":13}},"type":"if","locations":[{"start":{"line":49,"column":12},"end":{"line":51,"column":13}},{"start":{},"end":{}}],"line":49},"3":{"loc":{"start":{"line":57,"column":12},"end":{"line":59,"column":13}},"type":"if","locations":[{"start":{"line":57,"column":12},"end":{"line":59,"column":13}},{"start":{},"end":{}}],"line":57},"4":{"loc":{"start":{"line":64,"column":12},"end":{"line":70,"column":13}},"type":"if","locations":[{"start":{"line":64,"column":12},"end":{"line":70,"column":13}},{"start":{"line":68,"column":19},"end":{"line":70,"column":13}}],"line":64},"5":{"loc":{"start":{"line":73,"column":12},"end":{"line":76,"column":13}},"type":"if","locations":[{"start":{"line":73,"column":12},"end":{"line":76,"column":13}},{"start":{},"end":{}}],"line":73},"6":{"loc":{"start":{"line":85,"column":8},"end":{"line":85,"column":51}},"type":"if","locations":[{"start":{"line":85,"column":8},"end":{"line":85,"column":51}},{"start":{},"end":{}}],"line":85},"7":{"loc":{"start":{"line":85,"column":12},"end":{"line":85,"column":42}},"type":"binary-expr","locations":[{"start":{"line":85,"column":12},"end":{"line":85,"column":30}},{"start":{"line":85,"column":34},"end":{"line":85,"column":42}}],"line":85},"8":{"loc":{"start":{"line":104,"column":8},"end":{"line":109,"column":9}},"type":"if","locations":[{"start":{"line":104,"column":8},"end":{"line":109,"column":9}},{"start":{},"end":{}}],"line":104},"9":{"loc":{"start":{"line":104,"column":12},"end":{"line":104,"column":39}},"type":"binary-expr","locations":[{"start":{"line":104,"column":12},"end":{"line":104,"column":22}},{"start":{"line":104,"column":26},"end":{"line":104,"column":39}}],"line":104},"10":{"loc":{"start":{"line":106,"column":12},"end":{"line":108,"column":13}},"type":"if","locations":[{"start":{"line":106,"column":12},"end":{"line":108,"column":13}},{"start":{},"end":{}}],"line":106},"11":{"loc":{"start":{"line":113,"column":8},"end":{"line":115,"column":9}},"type":"if","locations":[{"start":{"line":113,"column":8},"end":{"line":115,"column":9}},{"start":{},"end":{}}],"line":113},"12":{"loc":{"start":{"line":113,"column":12},"end":{"line":113,"column":37}},"type":"binary-expr","locations":[{"start":{"line":113,"column":12},"end":{"line":113,"column":21}},{"start":{"line":113,"column":25},"end":{"line":113,"column":37}}],"line":113},"13":{"loc":{"start":{"line":126,"column":8},"end":{"line":126,"column":89}},"type":"if","locations":[{"start":{"line":126,"column":8},"end":{"line":126,"column":89}},{"start":{},"end":{}}],"line":126},"14":{"loc":{"start":{"line":126,"column":45},"end":{"line":126,"column":88}},"type":"cond-expr","locations":[{"start":{"line":126,"column":65},"end":{"line":126,"column":71}},{"start":{"line":126,"column":74},"end":{"line":126,"column":88}}],"line":126},"15":{"loc":{"start":{"line":127,"column":8},"end":{"line":127,"column":104}},"type":"if","locations":[{"start":{"line":127,"column":8},"end":{"line":127,"column":104}},{"start":{},"end":{}}],"line":127},"16":{"loc":{"start":{"line":127,"column":45},"end":{"line":127,"column":103}},"type":"cond-expr","locations":[{"start":{"line":127,"column":80},"end":{"line":127,"column":86}},{"start":{"line":127,"column":89},"end":{"line":127,"column":103}}],"line":127},"17":{"loc":{"start":{"line":131,"column":4},"end":{"line":159,"column":5}},"type":"if","locations":[{"start":{"line":131,"column":4},"end":{"line":159,"column":5}},{"start":{},"end":{}}],"line":131},"18":{"loc":{"start":{"line":134,"column":33},"end":{"line":134,"column":108}},"type":"binary-expr","locations":[{"start":{"line":134,"column":33},"end":{"line":134,"column":92}},{"start":{"line":134,"column":96},"end":{"line":134,"column":108}}],"line":134},"19":{"loc":{"start":{"line":139,"column":16},"end":{"line":154,"column":17}},"type":"if","locations":[{"start":{"line":139,"column":16},"end":{"line":154,"column":17}},{"start":{"line":149,"column":23},"end":{"line":154,"column":17}}],"line":139},"20":{"loc":{"start":{"line":143,"column":24},"end":{"line":147,"column":25}},"type":"if","locations":[{"start":{"line":143,"column":24},"end":{"line":147,"column":25}},{"start":{"line":145,"column":31},"end":{"line":147,"column":25}}],"line":143},"21":{"loc":{"start":{"line":162,"column":4},"end":{"line":166,"column":5}},"type":"if","locations":[{"start":{"line":162,"column":4},"end":{"line":166,"column":5}},{"start":{},"end":{}}],"line":162},"22":{"loc":{"start":{"line":169,"column":4},"end":{"line":289,"column":5}},"type":"if","locations":[{"start":{"line":169,"column":4},"end":{"line":289,"column":5}},{"start":{},"end":{}}],"line":169},"23":{"loc":{"start":{"line":178,"column":33},"end":{"line":178,"column":108}},"type":"binary-expr","locations":[{"start":{"line":178,"column":33},"end":{"line":178,"column":92}},{"start":{"line":178,"column":96},"end":{"line":178,"column":108}}],"line":178},"24":{"loc":{"start":{"line":184,"column":16},"end":{"line":192,"column":17}},"type":"if","locations":[{"start":{"line":184,"column":16},"end":{"line":192,"column":17}},{"start":{},"end":{}}],"line":184},"25":{"loc":{"start":{"line":184,"column":20},"end":{"line":184,"column":82}},"type":"binary-expr","locations":[{"start":{"line":184,"column":20},"end":{"line":184,"column":31}},{"start":{"line":184,"column":35},"end":{"line":184,"column":82}}],"line":184},"26":{"loc":{"start":{"line":185,"column":20},"end":{"line":191,"column":21}},"type":"if","locations":[{"start":{"line":185,"column":20},"end":{"line":191,"column":21}},{"start":{},"end":{}}],"line":185},"27":{"loc":{"start":{"line":187,"column":24},"end":{"line":189,"column":25}},"type":"if","locations":[{"start":{"line":187,"column":24},"end":{"line":189,"column":25}},{"start":{},"end":{}}],"line":187},"28":{"loc":{"start":{"line":188,"column":57},"end":{"line":188,"column":79}},"type":"binary-expr","locations":[{"start":{"line":188,"column":57},"end":{"line":188,"column":67}},{"start":{"line":188,"column":71},"end":{"line":188,"column":79}}],"line":188},"29":{"loc":{"start":{"line":197,"column":12},"end":{"line":203,"column":13}},"type":"if","locations":[{"start":{"line":197,"column":12},"end":{"line":203,"column":13}},{"start":{},"end":{}}],"line":197},"30":{"loc":{"start":{"line":197,"column":16},"end":{"line":197,"column":49}},"type":"binary-expr","locations":[{"start":{"line":197,"column":16},"end":{"line":197,"column":26}},{"start":{"line":197,"column":30},"end":{"line":197,"column":49}}],"line":197},"31":{"loc":{"start":{"line":199,"column":16},"end":{"line":201,"column":17}},"type":"if","locations":[{"start":{"line":199,"column":16},"end":{"line":201,"column":17}},{"start":{},"end":{}}],"line":199},"32":{"loc":{"start":{"line":205,"column":12},"end":{"line":208,"column":13}},"type":"if","locations":[{"start":{"line":205,"column":12},"end":{"line":208,"column":13}},{"start":{},"end":{}}],"line":205},"33":{"loc":{"start":{"line":224,"column":16},"end":{"line":226,"column":17}},"type":"if","locations":[{"start":{"line":224,"column":16},"end":{"line":226,"column":17}},{"start":{},"end":{}}],"line":224},"34":{"loc":{"start":{"line":237,"column":16},"end":{"line":260,"column":17}},"type":"if","locations":[{"start":{"line":237,"column":16},"end":{"line":260,"column":17}},{"start":{},"end":{}}],"line":237},"35":{"loc":{"start":{"line":239,"column":20},"end":{"line":258,"column":21}},"type":"if","locations":[{"start":{"line":239,"column":20},"end":{"line":258,"column":21}},{"start":{"line":253,"column":27},"end":{"line":258,"column":21}}],"line":239},"36":{"loc":{"start":{"line":239,"column":24},"end":{"line":239,"column":79}},"type":"binary-expr","locations":[{"start":{"line":239,"column":24},"end":{"line":239,"column":35}},{"start":{"line":239,"column":39},"end":{"line":239,"column":79}}],"line":239},"37":{"loc":{"start":{"line":243,"column":24},"end":{"line":250,"column":25}},"type":"if","locations":[{"start":{"line":243,"column":24},"end":{"line":250,"column":25}},{"start":{},"end":{}}],"line":243},"38":{"loc":{"start":{"line":246,"column":32},"end":{"line":248,"column":33}},"type":"if","locations":[{"start":{"line":246,"column":32},"end":{"line":248,"column":33}},{"start":{},"end":{}}],"line":246},"39":{"loc":{"start":{"line":252,"column":69},"end":{"line":252,"column":106}},"type":"binary-expr","locations":[{"start":{"line":252,"column":69},"end":{"line":252,"column":83}},{"start":{"line":252,"column":87},"end":{"line":252,"column":106}}],"line":252},"40":{"loc":{"start":{"line":266,"column":63},"end":{"line":266,"column":112}},"type":"binary-expr","locations":[{"start":{"line":266,"column":63},"end":{"line":266,"column":77}},{"start":{"line":266,"column":81},"end":{"line":266,"column":112}}],"line":266},"41":{"loc":{"start":{"line":269,"column":16},"end":{"line":271,"column":17}},"type":"if","locations":[{"start":{"line":269,"column":16},"end":{"line":271,"column":17}},{"start":{},"end":{}}],"line":269},"42":{"loc":{"start":{"line":274,"column":33},"end":{"line":274,"column":97}},"type":"binary-expr","locations":[{"start":{"line":274,"column":33},"end":{"line":274,"column":65}},{"start":{"line":274,"column":69},"end":{"line":274,"column":81}},{"start":{"line":274,"column":85},"end":{"line":274,"column":97}}],"line":274},"43":{"loc":{"start":{"line":277,"column":37},"end":{"line":277,"column":90}},"type":"binary-expr","locations":[{"start":{"line":277,"column":37},"end":{"line":277,"column":55}},{"start":{"line":277,"column":59},"end":{"line":277,"column":90}}],"line":277},"44":{"loc":{"start":{"line":295,"column":8},"end":{"line":302,"column":9}},"type":"if","locations":[{"start":{"line":295,"column":8},"end":{"line":302,"column":9}},{"start":{},"end":{}}],"line":295}},"s":{"0":0,"1":0,"2":0,"3":0,"4":0,"5":0,"6":0,"7":0,"8":0,"9":0,"10":0,"11":0,"12":0,"13":0,"14":0,"15":0,"16":0,"17":0,"18":0,"19":0,"20":0,"21":0,"22":0,"23":0,"24":0,"25":0,"26":0,"27":0,"28":0,"29":0,"30":0,"31":0,"32":0,"33":0,"34":0,"35":0,"36":0,"37":0,"38":0,"39":0,"40":0,"41":0,"42":0,"43":0,"44":0,"45":0,"46":0,"47":0,"48":0,"49":0,"50":0,"51":0,"52":0,"53":0,"54":0,"55":0,"56":0,"57":0,"58":0,"59":0,"60":0,"61":0,"62":0,"63":0,"64":0,"65":0,"66":0,"67":0,"68":0,"69":0,"70":0,"71":0,"72":0,"73":0,"74":0,"75":0,"76":0,"77":0,"78":0,"79
[...]
mn":21}},{"start":{"line":489,"column":27},"end":{"line":491,"column":21}}],"line":483},"62":{"loc":{"start":{"line":483,"column":31},"end":{"line":483,"column":113}},"type":"binary-expr","locations":[{"start":{"line":483,"column":31},"end":{"line":483,"column":51}},{"start":{"line":483,"column":55},"end":{"line":483,"column":81}},{"start":{"line":483,"column":85},"end":{"line":483,"column":113}}],"line":483},"63":{"loc":{"start":{"line":485,"column":24},"end":{"line":488,"column":25}},"type":"if","locations":[{"start":{"line":485,"column":24},"end":{"line":488,"column":25}},{"start":{},"end":{}}],"line":485},"64":{"loc":{"start":{"line":497,"column":12},"end":{"line":502,"column":13}},"type":"if","locations":[{"start":{"line":497,"column":12},"end":{"line":502,"column":13}},{"start":{"line":500,"column":19},"end":{"line":502,"column":13}}],"line":497},"65":{"loc":{"start":{"line":497,"column":16},"end":{"line":497,"column":49}},"type":"binary-expr","locations":[{"start":{"line":497,"column":16},"end":{"line":497,"column":26}},{"start":{"line":497,"column":30},"end":{"line":497,"column":49}}],"line":497},"66":{"loc":{"start":{"line":500,"column":19},"end":{"line":502,"column":13}},"type":"if","locations":[{"start":{"line":500,"column":19},"end":{"line":502,"column":13}},{"start":{},"end":{}}],"line":500},"67":{"loc":{"start":{"line":506,"column":12},"end":{"line":526,"column":13}},"type":"if","locations":[{"start":{"line":506,"column":12},"end":{"line":526,"column":13}},{"start":{},"end":{}}],"line":506},"68":{"loc":{"start":{"line":508,"column":16},"end":{"line":510,"column":17}},"type":"if","locations":[{"start":{"line":508,"column":16},"end":{"line":510,"column":17}},{"start":{},"end":{}}],"line":508},"69":{"loc":{"start":{"line":512,"column":35},"end":{"line":512,"column":113}},"type":"binary-expr","locations":[{"start":{"line":512,"column":35},"end":{"line":512,"column":80}},{"start":{"line":512,"column":84},"end":{"line":512,"column":113}}],"line":512},"70":{"loc":{"start":{"line":513,"column":16},"end":{"line":518,"column":17}},"type":"if","locations":[{"start":{"line":513,"column":16},"end":{"line":518,"column":17}},{"start":{},"end":{}}],"line":513},"71":{"loc":{"start":{"line":513,"column":20},"end":{"line":516,"column":73}},"type":"binary-expr","locations":[{"start":{"line":513,"column":20},"end":{"line":513,"column":30}},{"start":{"line":514,"column":20},"end":{"line":514,"column":66}},{"start":{"line":515,"column":20},"end":{"line":515,"column":55}},{"start":{"line":516,"column":20},"end":{"line":516,"column":73}}],"line":513},"72":{"loc":{"start":{"line":521,"column":16},"end":{"line":525,"column":17}},"type":"if","locations":[{"start":{"line":521,"column":16},"end":{"line":525,"column":17}},{"start":{},"end":{}}],"line":521},"73":{"loc":{"start":{"line":521,"column":20},"end":{"line":521,"column":75}},"type":"binary-expr","locations":[{"start":{"line":521,"column":20},"end":{"line":521,"column":64}},{"start":{"line":521,"column":68},"end":{"line":521,"column":75}}],"line":521},"74":{"loc":{"start":{"line":531,"column":16},"end":{"line":537,"column":17}},"type":"if","locations":[{"start":{"line":531,"column":16},"end":{"line":537,"column":17}},{"start":{},"end":{}}],"line":531},"75":{"loc":{"start":{"line":533,"column":20},"end":{"line":536,"column":21}},"type":"if","locations":[{"start":{"line":533,"column":20},"end":{"line":536,"column":21}},{"start":{},"end":{}}],"line":533},"76":{"loc":{"start":{"line":543,"column":16},"end":{"line":548,"column":17}},"type":"if","locations":[{"start":{"line":543,"column":16},"end":{"line":548,"column":17}},{"start":{},"end":{}}],"line":543},"77":{"loc":{"start":{"line":544,"column":20},"end":{"line":547,"column":21}},"type":"if","locations":[{"start":{"line":544,"column":20},"end":{"line":547,"column":21}},{"start":{},"end":{}}],"line":544},"78":{"loc":{"start":{"line":551,"column":12},"end":{"line":575,"column":13}},"type":"if","locations":[{"start":{"line":551,"column":12},"end":{"line":575,"column":13}},{"start":{},"end":{}}],"line":551},"79":{"loc":{"start":{"line":554,"column":16},"end":{"line":573,"column":17}},"type":"if","locations":[{"start":{"line":554,"column":16},"end":{"line":573,"column":17}},{"start":{},"end":{}}],"line":554},"80":{"loc":{"start":{"line":557,"column":20},"end":{"line":562,"column":21}},"type":"if","locations":[{"start":{"line":557,"column":20},"end":{"line":562,"column":21}},{"start":{},"end":{}}],"line":557},"81":{"loc":{"start":{"line":557,"column":24},"end":{"line":557,"column":76}},"type":"binary-expr","locations":[{"start":{"line":557,"column":24},"end":{"line":557,"column":33}},{"start":{"line":557,"column":37},"end":{"line":557,"column":76}}],"line":557},"82":{"loc":{"start":{"line":565,"column":20},"end":{"line":572,"column":21}},"type":"if","locations":[{"start":{"line":565,"column":20},"end":{"line":572,"column":21}},{"start":{"line":570,"column":27},"end":{"line":572,"column":21}}],"line":565},"83":{"loc":{"start":{"line":565,"column":24},"end":{"line":565,"column":126}},"type":"binary-expr","locations":[{"start":{"line":565,"column":24},"end":{"line":565,"column":54}},{"start":{"line":565,"column":58},"end":{"line":565,"column":89}},{"start":{"line":565,"column":93},"end":{"line":565,"column":126}}],"line":565},"84":{"loc":{"start":{"line":567,"column":24},"end":{"line":569,"column":25}},"type":"if","locations":[{"start":{"line":567,"column":24},"end":{"line":569,"column":25}},{"start":{},"end":{}}],"line":567},"85":{"loc":{"start":{"line":584,"column":8},"end":{"line":584,"column":32}},"type":"if","locations":[{"start":{"line":584,"column":8},"end":{"line":584,"column":32}},{"start":{},"end":{}}],"line":584},"86":{"loc":{"start":{"line":590,"column":8},"end":{"line":594,"column":9}},"type":"if","locations":[{"start":{"line":590,"column":8},"end":{"line":594,"column":9}},{"start":{},"end":{}}],"line":590},"87":{"loc":{"start":{"line":604,"column":12},"end":{"line":623,"column":13}},"type":"if","locations":[{"start":{"line":604,"column":12},"end":{"line":623,"column":13}},{"start":{"line":617,"column":19},"end":{"line":623,"column":13}}],"line":604},"88":{"loc":{"start":{"line":609,"column":16},"end":{"line":613,"column":17}},"type":"if","locations":[{"start":{"line":609,"column":16},"end":{"line":613,"column":17}},{"start":{},"end":{}}],"line":609},"89":{"loc":{"start":{"line":609,"column":20},"end":{"line":609,"column":72}},"type":"binary-expr","locations":[{"start":{"line":609,"column":20},"end":{"line":609,"column":29}},{"start":{"line":609,"column":33},"end":{"line":609,"column":72}}],"line":609},"90":{"loc":{"start":{"line":631,"column":12},"end":{"line":635,"column":13}},"type":"if","locations":[{"start":{"line":631,"column":12},"end":{"line":635,"column":13}},{"start":{},"end":{}}],"line":631},"91":{"loc":{"start":{"line":631,"column":16},"end":{"line":631,"column":68}},"type":"binary-expr","locations":[{"start":{"line":631,"column":16},"end":{"line":631,"column":25}},{"start":{"line":631,"column":29},"end":{"line":631,"column":68}}],"line":631},"92":{"loc":{"start":{"line":639,"column":12},"end":{"line":643,"column":13}},"type":"if","locations":[{"start":{"line":639,"column":12},"end":{"line":643,"column":13}},{"start":{},"end":{}}],"line":639},"93":{"loc":{"start":{"line":650,"column":8},"end":{"line":653,"column":9}},"type":"if","locations":[{"start":{"line":650,"column":8},"end":{"line":653,"column":9}},{"start":{},"end":{}}],"line":650},"94":{"loc":{"start":{"line":656,"column":8},"end":{"line":660,"column":9}},"type":"if","locations":[{"start":{"line":656,"column":8},"end":{"line":660,"column":9}},{"start":{},"end":{}}],"line":656},"95":{"loc":{"start":{"line":672,"column":8},"end":{"line":674,"column":9}},"type":"if","locations":[{"start":{"line":672,"column":8},"end":{"line":674,"column":9}},{"start":{},"end":{}}],"line":672},"96":{"loc":{"start":{"line":675,"column":8},"end":{"line":677,"column":9}},"type":"if","locations":[{"start":{"line":675,"column":8},"end":{"line":677,"column":9}},{"start":{},"end":{}}],"line":675},"97":{"loc":{"start":{"line":692,"column":12},"end":{"line":765,"column":13}},"type":"if","locations":[{"start":{"line":692,"column":12},"end":{"line":765,"column":13}},{"start":{"line":707,"column":19},"end":{"line":765,"column":13}}],"line":692},"98":{"loc":{"start":{"line":692,"column":16},"end":{"line":692,"column":41}},"type":"binary-expr","locations":[{"start":{"line":692,"column":16},"end":{"line":692,"column":28}},{"start":{"line":692,"column":32},"end":{"line":692,"column":41}}],"line":692},"99":{"loc":{"start":{"line":694,"column":16},"end":{"line":698,"column":17}},"type":"if","locations":[{"start":{"line":694,"column":16},"end":{"line":698,"column":17}},{"start":{},"end":{}}],"line":694},"100":{"loc":{"start":{"line":707,"column":19},"end":{"line":765,"column":13}},"type":"if","locations":[{"start":{"line":707,"column":19},"end":{"line":765,"column":13}},{"start":{"line":739,"column":19},"end":{"line":765,"column":13}}],"line":707},"101":{"loc":{"start":{"line":711,"column":20},"end":{"line":718,"column":21}},"type":"if","locations":[{"start":{"line":711,"column":20},"end":{"line":718,"column":21}},{"start":{},"end":{}}],"line":711},"102":{"loc":{"start":{"line":715,"column":24},"end":{"line":717,"column":25}},"type":"if","locations":[{"start":{"line":715,"column":24},"end":{"line":717,"column":25}},{"start":{},"end":{}}],"line":715},"103":{"loc":{"start":{"line":715,"column":28},"end":{"line":715,"column":94}},"type":"binary-expr","locations":[{"start":{"line":715,"column":28},"end":{"line":715,"column":43}},{"start":{"line":715,"column":47},"end":{"line":715,"column":94}}],"line":715},"104":{"loc":{"start":{"line":721,"column":16},"end":{"line":725,"column":17}},"type":"if","locations":[{"start":{"line":721,"column":16},"end":{"line":725,"column":17}},{"start":{},"end":{}}],"line":721},"105":{"loc":{"start":{"line":722,"column":45},"end":{"line":722,"column":95}},"type":"binary-expr","locations":[{"start":{"line":722,"column":45},"end":{"line":722,"column":57}},{"start":{"line":722,"column":61},"end":{"line":722,"column":95}}],"line":722},"106":{"loc":{"start":{"line":728,"column":16},"end":{"line":738,"column":17}},"type":"if","locations":[{"start":{"line":728,"column":16},"end":{"line":738,"column":17}},{"start":{},"end":{}}],"line":728},"107":{"loc":{"start":{"line":730,"column":20},"end":{"line":737,"column":21}},"type":"if","locations":[{"start":{"line":730,"column":20},"end":{"line":737,"column":21}},{"start":{},"end":{}}],"line":730},"108":{"loc":{"start":{"line":732,"column":24},"end":{"line":736,"column":25}},"type":"if","locations":[{"start":{"line":732,"column":24},"end":{"line":736,"column":25}},{"start":{},"end":{}}],"line":732},"109":{"loc":{"start":{"line":732,"column":28},"end":{"line":732,"column":80}},"type":"binary-expr","locations":[{"start":{"line":732,"column":28},"end":{"line":732,"column":37}},{"start":{"line":732,"column":41},"end":{"line":732,"column":80}}],"line":732},"110":{"loc":{"start":{"line":739,"column":19},"end":{"line":765,"column":13}},"type":"if","locations":[{"start":{"line":739,"column":19},"end":{"line":765,"column":13}},{"start":{},"end":{}}],"line":739},"111":{"loc":{"start":{"line":741,"column":16},"end":{"line":745,"column":17}},"type":"if","locations":[{"start":{"line":741,"column":16},"end":{"line":745,"column":17}},{"start":{},"end":{}}],"line":741},"112":{"loc":{"start":{"line":748,"column":16},"end":{"line":764,"column":17}},"type":"if","locations":[{"start":{"line":748,"column":16},"end":{"line":764,"column":17}},{"start":{},"end":{}}],"line":748},"113":{"loc":{"start":{"line":748,"column":20},"end":{"line":750,"column":75}},"type":"binary-expr","locations":[{"start":{"line":748,"column":20},"end":{"line":748,"column":64}},{"start":{"line":749,"column":21},"end":{"line":749,"column":78}},{"start":{"line":750,"column":21},"end":{"line":750,"column":74}}],"line":748},"114":{"loc":{"start":{"line":752,"column":20},"end":{"line":763,"column":21}},"type":"if","locations":[{"start":{"line":752,"column":20},"end":{"line":763,"column":21}},{"start":{},"end":{}}],"line":752},"115":{"loc":{"start":{"line":758,"column":24},"end":{"line":762,"column":25}},"type":"if","locations":[{"start":{"line":758,"column":24},"end":{"line":762,"column":25}},{"start":{},"end":{}}],"line":758},"116":{"loc":{"start":{"line":758,"column":28},"end":{"line":758,"column":80}},"type":"binary-expr","locations":[{"start":{"line":758,"column":28},"end":{"line":758,"column":37}},{"start":{"line":758,"column":41},"end":{"line":758,"column":80}}],"line":758},"117":{"loc":{"start":{"line":769,"column":12},"end":{"line":773,"column":13}},"type":"if","locations":[{"start":{"line":769,"column":12},"end":{"line":773,"column":13}},{"start":{},"end":{}}],"line":769},"118":{"loc":{"start":{"line":777,"column":12},"end":{"line":780,"column":13}},"type":"if","locations":[{"start":{"line":777,"column":12},"end":{"line":780,"column":13}},{"start":{},"end":{}}],"line":777},"119":{"loc":{"start":{"line":786,"column":29},"end":{"line":786,"column":108}},"type":"binary-expr","locations":[{"start":{"line":786,"column":29},"end":{"line":786,"column":80}},{"start":{"line":786,"column":84},"end":{"line":786,"column":108}}],"line":786},"120":{"loc":{"start":{"line":787,"column":8},"end":{"line":790,"column":9}},"type":"if","locations":[{"start":{"line":787,"column":8},"end":{"line":790,"column":9}},{"start":{},"end":{}}],"line":787},"121":{"loc":{"start":{"line":787,"column":12},"end":{"line":787,"column":76}},"type":"binary-expr","locations":[{"start":{"line":787,"column":12},"end":{"line":787,"column":24}},{"start":{"line":787,"column":28},"end":{"line":787,"column":76}}],"line":787},"122":{"loc":{"start":{"line":794,"column":8},"end":{"line":797,"column":9}},"type":"if","locations":[{"start":{"line":794,"column":8},"end":{"line":797,"column":9}},{"start":{},"end":{}}],"line":794},"123":{"loc":{"start":{"line":801,"column":29},"end":{"line":801,"column":108}},"type":"binary-expr","locations":[{"start":{"line":801,"column":29},"end":{"line":801,"column":80}},{"start":{"line":801,"column":84},"end":{"line":801,"column":108}}],"line":801},"124":{"loc":{"start":{"line":802,"column":8},"end":{"line":805,"column":9}},"type":"if","locations":[{"start":{"line":802,"column":8},"end":{"line":805,"column":9}},{"start":{},"end":{}}],"line":802},"125":{"loc":{"start":{"line":802,"column":12},"end":{"line":802,"column":76}},"type":"binary-expr","locations":[{"start":{"line":802,"column":12},"end":{"line":802,"column":24}},{"start":{"line":802,"column":28},"end":{"line":802,"column":76}}],"line":802},"126":{"loc":{"start":{"line":810,"column":8},"end":{"line":813,"column":9}},"type":"if","locations":[{"start":{"line":810,"column":8},"end":{"line":813,"column":9}},{"start":{},"end":{}}],"line":810}},"s":{"0":0,"1":0,"2":0,"3":0,"4":0,"5":0,"6":0,"7":0,"8":0,"9":0,"10":0,"11":0,"12":0,"13":0,"14":0,"15":0,"16":0,"17":0,"18":0,"19":0,"20":0,"21":0,"22":0,"23":0,"24":0,"25":0,"26":0,"27":0,"28":0,"29":0,"30":0,"31":0,"32":0,"33":0,"34":0,"35":0,"36":0,"37":0,"38":0,"39":0,"40":0,"41":0,"42":0,"43":0,"44":0,"45":0,"46":0,"47":0,"48":0,"49":0,"50":0,"51":0,"52":0,"53":0,"54":0,"55":0,"56":0,"57":0,"58":0,"59":0,"60":0,"61":0,"62":0,"63":0,"64":0,"65":0,"66":0,"67":0,"68":0,"69":0,"70":0,"71":0,"72":0,"73":0,"74":0,"75":0,"76":0,"77":0,"78":0,"79":0,"80":0,"81":0,"82":0,"83":0,"84":0,"85":0,"86":0,"87":0,"88":0,"89":0,"90":0,"91":0,"92":0,"93":0,"94":0,"95":0,"96":0,"97":0,"98":0,"99":0,"100":0,"101":0,"102":0,"103":0,"104":0,"105":0,"106":0,"107":0,"108":0,"109":0,"110":0,"111":0,"112":0,"113":0,"114":0,"115":0,"116":0,"117":0,"118":0,"119":0,"120":0,"121":0,"122":0,"123":0,"124":0,"125":0,"126":0,"127":0,"128":0,"129":0,"130":0,"131":0,"132":0,"133":0,"134":0,"135":0,"136":0,"137":0,"138":0,"139":0,"140":0,"141":0,"142":0,"143":0,"144":0,"145":0,"146":0,"147":0,"148":0,"149":0,"150":0,"151":0,"152":0,"153":0,"154":0,"155":0,"156":0,"157":0,"158":0,"159":0,"160":0,"161":0,"162":0,"163":0,"164":0,"165":0,"166":0,"167":0,"168":0,"169":0,"170":0,"171":0,"172":0,"173":0,"174":0,"175":0,"176":0,"177":0,"178":0,"179":0,"180":0,"181":0,"182":0,"183":0,"184":0,"185":0,"186":0,"187":0,"188":0,"189":0,"190":0,"191":0,"192":0,"193":0,"194":0,"195":0,"196":0,"197":0,"198":0,"199":0,"200":0,"201":0,"202":0,"203":0,"204":0,"205":0,"206":0,"207":0,"208":0,"209":0,"210":0,"211":0,"212":0,"213":0,"214":0,"215":0,"216":0,"217":0,"218":0,"219":0,"220":0,"221":0,"222":0,"223":0,"224":0,"225":0,"226":0,"227":0,"228":0,"229":0,"230":0,"231":0,"232":0,"233":0,"234":0,"235":0,"236":0,"237":0,"238":0,"239":0,"240":0,"241":0,"242":0,"243":0,"244":0,"245":0,"246":0,"247":0,"248":0,"249":0,"250":0,"251":0,"252":0,"253":0,"254":0,"255":0,"256":0,"257":0,"258":0,"259":0,"260":0,"261":0,"262":0,"263":0,"264":0,"265":0,"266":0,"267":0,"268":0,"269":0,"270":0,"271":0,"272":0,"273":0,"274":0,"275":0,"276":0,"277":0,"278":0,"279":0,"280":0,"281":0,"282":0,"283":0,"284":0,"285":0,"286":0,"287":0,"288":0,"289":0,"290":0,"291":0,"292":0,"293":0,"294":0,"295":0,"296":0,"297":0,"298":0,"299":0,"300":0,"301":0,"302":0,"303":0,"304":0,"305":0,"306":0,"307":0,"308":0,"309":0,"310":0,"311":0,"312":0,"313":0,"314":0,"315":0,"316":0,"317":0,"318":0,"319":0,"320":0,"321":0,"322":0,"323":0,"324":0,"325":0,"326":0,"327":0,"328":0,"329":0,"330":0,"331":0,"332":0,"333":0,"334":0,"335":0,"336":0,"337":0,"338":0,"339":0,"340":0,"341":0,"342":0,"343":0,"344":0,"345":0,"346":0,"347":0,"348":0,"349":0,"350":0,"351":0,"352":0,"353":0,"354":0,"355":0,"356":0,"357":0,"358":0,"359":0,"360":0,"361":0,"362":0,"363":0,"364":0,"365":0,"366":0,"367":0,"368":0,"369":0,"370":0,"371":0,"372":0,"373":0,"374":0,"375":0,"376":0,"377":0,"378":0,"379":0,"380":0,"381":0,"382":0,"383":0,"384":0,"385":0,"386":0,"387":0,"388":0,"389":0,"390":0,"391":0,"392":0,"393":0,"394":0,"395":0,"396":0,"397":0,"398":0,"399":0,"400":0,"401":0,"402":0,"403":0,"404":0,"405":0,"406":0,"407":0,"408":0,"409":0,"410":0,"411":0,"412":0,"413":0,"414":0,"415":0,"416":0,"417":0},"f":{"0":0,"1":0,"2":0,"3":0,"4":0,"5":0,"6":0,"7":0,"8":0,"9":0,"10":0,"11":0,"12":0,"13":0,"14":0,"15":0,"16":0,"17":0,"18":0,"19":0,"20":0,"21":0,"22":0,"23":0,"24":0,"25":0,"26":0,"27":0,"28":0,"29":0,"30":0,"31":0,"32":0,"33":0,"34":0,"35":0,"36":0,"37":0,"38":0,"39":0,"40":0,"41":0,"42":0,"43":0,"44":0,"45":0,"46":0,"47":0,"48":0,"49":0,"50":0,"51":0,"52":0,"53":0,"54":0,"55":0},"b":{"0":[0,0],"1":[0,0],"2":[0,0],"3":[0,0],"4":[0,0],"5":[0,0],"6":[0,0],"7":[0,0],"8":[0,0],"9":[0,0],"10":[0,0],"11":[0,0],"12":[0,0],"13":[0,0],"14":[0,0],"15":[0,0],"16":[0,0],"17":[0,0],"18":[0,0],"19":[0,0],"20":[0,0],"21":[0,0],"22":[0,0],"23":[0,0],"24":[0,0],"25":[0,0],"26":[0,0],"27":[0,0],"28":[0,0],"29":[0,0],"30":[0,0,0],"31":[0,0],"32":[0,0],"33":[0,0],"34":[0,0],"35":[0,0],"36":[0,0],"37":[0,0],"38":[0,0],"39":[0,0],"40":[0,0,0],"41":[0,0],"42":[0,0],"43":[0,0],"44":[0,0],"45":[0,0],"46":[0,0,0,0],"47":[0,0],"48":[0,0],"49":[0,0],"50":[0,0],"51":[0,0],"52":[0,0],"53":[0,0],"54":[0,0,0,0],"55":[0,0],"56":[0,0],"57":[0,0],"58":[0,0],"59":[0,0],"60":[0,0],"61":[0,0],"62":[0,0,0],"63":[0,0],"64":[0,0],"65":[0,0],"66":[0,0],"67":[0,0],"68":[0,0],"69":[0,0],"70":[0,0],"71":[0,0,0,0],"72":[0,0],"73":[0,0],"74":[0,0],"75":[0,0],"76":[0,0],"77":[0,0],"78":[0,0],"79":[0,0],"80":[0,0],"81":[0,0],"82":[0,0],"83":[0,0,0],"84":[0,0],"85":[0,0],"86":[0,0],"87":[0,0],"88":[0,0],"89":[0,0],"90":[0,0],"91":[0,0],"92":[0,0],"93":[0,0],"94":[0,0],"95":[0,0],"96":[0,0],"97":[0,0],"98":[0,0],"99":[0,0],"100":[0,0],"101":[0,0],"102":[0,0],"103":[0,0],"104":[0,0],"105":[0,0],"106":[0,0],"107":[0,0],"108":[0,0],"109":[0,0],"110":[0,0],"111":[0,0],"112":[0,0],"113":[0,0,0],"114":[0,0],"115":[0,0],"116":[0,0],"117":[0,0],"118":[0,0],"119":[0,0],"120":[0,0],"121":[0,0],"122":[0,0],"123":[0,0],"124":[0,0],"125":[0,0],"126":[0,0]},"inputSourceMap":null}
}
