TN:
SF:src/public/js/aipageUtils.js
FN:7,getApiBaseUrl
FN:59,generateUniqueId
FN:63,capitalizeFirstLetter
FN:67,formatDate
FN:72,formatTimeframe
FN:81,getSuggestionTypeIcon
FN:92,generateRelevanceDots
FN:102,fetchUserProjects
FN:113,generateMockSuggestions
FN:115,(anonymous_9)
FN:118,(anonymous_10)
FN:137,(anonymous_11)
FN:141,generateCollaborationSuggestions
FN:169,(anonymous_13)
FN:171,(anonymous_14)
FN:204,generateFundingSuggestions
FN:222,(anonymous_16)
FN:224,(anonymous_17)
FN:265,generatePaperSuggestions
FN:285,(anonymous_19)
FN:287,(anonymous_20)
FN:315,generateResourceSuggestions
FN:333,(anonymous_22)
FN:335,(anonymous_23)
FN:371,generateEventSuggestions
FN:391,(anonymous_25)
FN:393,(anonymous_26)
FNF:27
FNH:22
FNDA:0,getApiBaseUrl
FNDA:24,generateUniqueId
FNDA:0,capitalizeFirstLetter
FNDA:12,formatDate
FNDA:0,formatTimeframe
FNDA:0,getSuggestionTypeIcon
FNDA:0,generateRelevanceDots
FNDA:1,fetchUserProjects
FNDA:1,generateMockSuggestions
FNDA:3,(anonymous_9)
FNDA:4,(anonymous_10)
FNDA:30,(anonymous_11)
FNDA:2,generateCollaborationSuggestions
FNDA:8,(anonymous_13)
FNDA:16,(anonymous_14)
FNDA:2,generateFundingSuggestions
FNDA:4,(anonymous_16)
FNDA:10,(anonymous_17)
FNDA:2,generatePaperSuggestions
FNDA:4,(anonymous_19)
FNDA:12,(anonymous_20)
FNDA:2,generateResourceSuggestions
FNDA:4,(anonymous_22)
FNDA:12,(anonymous_23)
FNDA:2,generateEventSuggestions
FNDA:4,(anonymous_25)
FNDA:12,(anonymous_26)
DA:4,1
DA:8,0
DA:14,1
DA:25,1
DA:60,24
DA:64,0
DA:68,12
DA:69,12
DA:73,0
DA:74,0
DA:75,0
DA:76,0
DA:77,0
DA:82,0
DA:83,0
DA:84,0
DA:85,0
DA:86,0
DA:87,0
DA:88,0
DA:93,0
DA:94,0
DA:95,0
DA:97,0
DA:98,0
DA:103,1
DA:106,1
DA:108,0
DA:109,0
DA:115,3
DA:118,4
DA:121,1
DA:122,1
DA:123,1
DA:124,1
DA:125,1
DA:128,1
DA:137,30
DA:142,2
DA:169,2
DA:171,16
DA:172,8
DA:174,8
DA:205,2
DA:222,2
DA:224,10
DA:225,4
DA:228,4
DA:229,4
DA:230,4
DA:231,4
DA:233,4
DA:266,2
DA:285,2
DA:287,12
DA:288,4
DA:290,4
DA:316,2
DA:333,2
DA:335,12
DA:336,4
DA:338,4
DA:372,2
DA:391,2
DA:393,12
DA:394,4
DA:397,4
DA:398,4
DA:399,4
DA:400,4
DA:402,4
DA:437,1
LF:72
LH:51
BRDA:8,0,0,0
BRDA:8,0,1,0
BRDA:8,1,0,0
BRDA:8,1,1,0
BRDA:73,2,0,0
BRDA:73,2,1,0
BRDA:73,2,2,0
BRDA:73,2,3,0
BRDA:82,3,0,0
BRDA:82,3,1,0
BRDA:82,3,2,0
BRDA:82,3,3,0
BRDA:82,3,4,0
BRDA:82,3,5,0
BRDA:95,4,0,0
BRDA:95,4,1,0
BRDA:172,5,0,1
BRDA:172,5,1,7
BRDA:172,6,0,3
BRDA:172,6,1,4
BRDA:225,7,0,0
BRDA:225,7,1,4
BRDA:225,8,0,2
BRDA:225,8,1,2
BRDA:231,9,0,0
BRDA:231,9,1,4
BRDA:231,10,0,2
BRDA:231,10,1,2
BRDA:288,11,0,3
BRDA:288,11,1,1
BRDA:288,12,0,0
BRDA:288,12,1,1
BRDA:336,13,0,3
BRDA:336,13,1,1
BRDA:336,14,0,0
BRDA:336,14,1,1
BRDA:351,15,0,2
BRDA:351,15,1,2
BRDA:394,16,0,0
BRDA:394,16,1,4
BRDA:394,17,0,3
BRDA:394,17,1,1
BRDA:400,18,0,0
BRDA:400,18,1,4
BRDA:400,19,0,2
BRDA:400,19,1,2
BRF:46
BRH:24
end_of_record
TN:
SF:src/public/js/auth.js
FN:3,(anonymous_0)
FN:7,(anonymous_1)
FN:12,(anonymous_2)
FN:17,(anonymous_3)
FN:21,(anonymous_4)
FN:25,(anonymous_5)
FN:47,(anonymous_6)
FN:51,(anonymous_7)
FNF:8
FNH:5
FNDA:2,(anonymous_0)
FNDA:1,(anonymous_1)
FNDA:0,(anonymous_2)
FNDA:0,(anonymous_3)
FNDA:0,(anonymous_4)
FNDA:1,(anonymous_5)
FNDA:2,(anonymous_6)
FNDA:31,(anonymous_7)
DA:2,1
DA:4,2
DA:8,1
DA:9,1
DA:13,0
DA:14,0
DA:18,0
DA:22,0
DA:26,1
DA:27,1
DA:35,1
DA:36,1
DA:37,1
DA:40,1
DA:42,0
DA:43,0
DA:48,2
DA:49,2
DA:50,2
DA:51,2
DA:52,31
DA:55,1
DA:57,1
DA:58,1
DA:63,1
LF:25
LH:19
BRDA:9,0,0,1
BRDA:9,0,1,0
BRDA:14,1,0,0
BRDA:14,1,1,0
BRDA:30,2,0,1
BRDA:30,2,1,0
BRDA:31,3,0,1
BRDA:31,3,1,0
BRDA:32,4,0,1
BRDA:32,4,1,0
BRDA:35,5,0,1
BRDA:35,5,1,0
BRF:12
BRH:5
end_of_record
TN:
SF:src/public/js/fundingUtils.js
FN:10,capitalize
FN:16,loadProjects
FN:47,loadFundingRecords
FN:63,saveFundingRecord
FN:99,deleteFundingRecord
FN:117,calculateFundingTotals
FN:142,(anonymous_6)
FN:153,calculateSummaryData
FN:154,(anonymous_8)
FN:155,(anonymous_9)
FN:157,(anonymous_10)
FN:168,calculateCategoryBreakdown
FN:169,(anonymous_12)
FN:170,(anonymous_13)
FN:173,(anonymous_14)
FN:174,(anonymous_15)
FN:177,(anonymous_16)
FN:178,(anonymous_17)
FN:181,(anonymous_18)
FN:182,(anonymous_19)
FNF:20
FNH:20
FNDA:4,capitalize
FNDA:2,loadProjects
FNDA:1,loadFundingRecords
FNDA:2,saveFundingRecord
FNDA:1,deleteFundingRecord
FNDA:1,calculateFundingTotals
FNDA:2,(anonymous_6)
FNDA:1,calculateSummaryData
FNDA:3,(anonymous_8)
FNDA:3,(anonymous_9)
FNDA:3,(anonymous_10)
FNDA:1,calculateCategoryBreakdown
FNDA:2,(anonymous_12)
FNDA:2,(anonymous_13)
FNDA:2,(anonymous_14)
FNDA:2,(anonymous_15)
FNDA:2,(anonymous_16)
FNDA:2,(anonymous_17)
FNDA:2,(anonymous_18)
FNDA:2,(anonymous_19)
DA:2,1
DA:6,1
DA:7,1
DA:11,4
DA:12,2
DA:17,2
DA:18,2
DA:20,1
DA:21,0
DA:24,1
DA:26,1
DA:27,0
DA:31,1
DA:33,1
DA:34,0
DA:37,1
DA:39,1
DA:41,1
DA:42,1
DA:48,1
DA:49,1
DA:51,1
DA:52,0
DA:55,1
DA:57,0
DA:58,0
DA:64,2
DA:67,2
DA:69,1
DA:78,1
DA:87,2
DA:88,0
DA:91,2
DA:93,0
DA:94,0
DA:100,1
DA:101,1
DA:105,1
DA:106,0
DA:109,1
DA:111,0
DA:112,0
DA:119,1
DA:120,1
DA:121,1
DA:122,1
DA:124,1
DA:127,1
DA:128,1
DA:129,1
DA:130,1
DA:132,1
DA:135,1
DA:142,2
DA:144,1
DA:154,3
DA:155,3
DA:156,1
DA:157,3
DA:159,1
DA:169,2
DA:170,2
DA:171,1
DA:173,2
DA:174,2
DA:175,1
DA:177,2
DA:178,2
DA:179,1
DA:181,2
DA:182,2
DA:183,1
DA:185,1
DA:209,1
LF:74
LH:62
BRDA:2,0,0,1
BRDA:2,0,1,0
BRDA:2,1,0,1
BRDA:2,1,1,0
BRDA:11,2,0,2
BRDA:11,2,1,2
BRDA:20,3,0,0
BRDA:20,3,1,1
BRDA:26,4,0,0
BRDA:26,4,1,1
BRDA:33,5,0,0
BRDA:33,5,1,1
BRDA:51,6,0,0
BRDA:51,6,1,1
BRDA:63,7,0,1
BRDA:67,8,0,1
BRDA:67,8,1,1
BRDA:87,9,0,0
BRDA:87,9,1,2
BRDA:105,10,0,0
BRDA:105,10,1,1
BRDA:119,11,0,1
BRDA:119,11,1,0
BRDA:120,12,0,1
BRDA:120,12,1,0
BRDA:121,13,0,1
BRDA:121,13,1,0
BRDA:122,14,0,1
BRDA:122,14,1,0
BRDA:127,15,0,1
BRDA:127,15,1,0
BRDA:128,16,0,1
BRDA:128,16,1,0
BRDA:129,17,0,1
BRDA:129,17,1,0
BRDA:130,18,0,1
BRDA:130,18,1,0
BRDA:169,19,0,2
BRDA:169,19,1,0
BRDA:170,20,0,2
BRDA:170,20,1,0
BRDA:171,21,0,1
BRDA:171,21,1,0
BRDA:173,22,0,2
BRDA:173,22,1,0
BRDA:174,23,0,2
BRDA:174,23,1,0
BRDA:175,24,0,1
BRDA:175,24,1,0
BRDA:177,25,0,2
BRDA:177,25,1,0
BRDA:178,26,0,2
BRDA:178,26,1,0
BRDA:179,27,0,1
BRDA:179,27,1,0
BRDA:181,28,0,2
BRDA:181,28,1,0
BRDA:182,29,0,2
BRDA:182,29,1,0
BRDA:183,30,0,1
BRDA:183,30,1,0
BRF:61
BRH:33
end_of_record
TN:
SF:src/public/js/login.js
FN:11,(anonymous_0)
FN:32,(anonymous_1)
FN:41,(anonymous_2)
FN:55,createResendLink
FN:72,(anonymous_4)
FN:119,getDashboardUrlByRole
FN:139,storeUserInSession
FN:162,(anonymous_7)
FN:254,(anonymous_8)
FN:271,(anonymous_9)
FNF:10
FNH:0
FNDA:0,(anonymous_0)
FNDA:0,(anonymous_1)
FNDA:0,(anonymous_2)
FNDA:0,createResendLink
FNDA:0,(anonymous_4)
FNDA:0,getDashboardUrlByRole
FNDA:0,storeUserInSession
FNDA:0,(anonymous_7)
FNDA:0,(anonymous_8)
FNDA:0,(anonymous_9)
DA:3,0
DA:4,0
DA:5,0
DA:6,0
DA:7,0
DA:8,0
DA:11,0
DA:13,0
DA:15,0
DA:16,0
DA:17,0
DA:18,0
DA:23,0
DA:24,0
DA:25,0
DA:26,0
DA:30,0
DA:31,0
DA:32,0
DA:33,0
DA:40,0
DA:41,0
DA:42,0
DA:44,0
DA:45,0
DA:46,0
DA:48,0
DA:49,0
DA:57,0
DA:58,0
DA:62,0
DA:63,0
DA:64,0
DA:69,0
DA:72,0
DA:73,0
DA:75,0
DA:77,0
DA:79,0
DA:88,0
DA:89,0
DA:91,0
DA:94,0
DA:95,0
DA:98,0
DA:99,0
DA:102,0
DA:104,0
DA:105,0
DA:106,0
DA:109,0
DA:121,0
DA:123,0
DA:125,0
DA:127,0
DA:129,0
DA:131,0
DA:140,0
DA:142,0
DA:151,0
DA:152,0
DA:153,0
DA:156,0
DA:161,0
DA:162,0
DA:163,0
DA:166,0
DA:167,0
DA:168,0
DA:169,0
DA:173,0
DA:174,0
DA:175,0
DA:176,0
DA:177,0
DA:178,0
DA:181,0
DA:182,0
DA:183,0
DA:186,0
DA:188,0
DA:201,0
DA:203,0
DA:206,0
DA:208,0
DA:209,0
DA:210,0
DA:211,0
DA:212,0
DA:214,0
DA:215,0
DA:217,0
DA:222,0
DA:224,0
DA:226,0
DA:227,0
DA:231,0
DA:232,0
DA:233,0
DA:234,0
DA:236,0
DA:241,0
DA:244,0
DA:245,0
DA:248,0
DA:251,0
DA:254,0
DA:255,0
DA:259,0
DA:260,0
DA:261,0
DA:264,0
DA:265,0
DA:271,0
DA:272,0
DA:273,0
DA:275,0
DA:276,0
DA:277,0
LF:119
LH:0
BRDA:15,0,0,0
BRDA:15,0,1,0
BRDA:16,1,0,0
BRDA:16,1,1,0
BRDA:23,2,0,0
BRDA:23,2,1,0
BRDA:23,3,0,0
BRDA:23,3,1,0
BRDA:24,4,0,0
BRDA:24,4,1,0
BRDA:30,5,0,0
BRDA:30,5,1,0
BRDA:40,6,0,0
BRDA:40,6,1,0
BRDA:44,7,0,0
BRDA:44,7,1,0
BRDA:57,8,0,0
BRDA:57,8,1,0
BRDA:94,9,0,0
BRDA:94,9,1,0
BRDA:95,10,0,0
BRDA:95,10,1,0
BRDA:123,11,0,0
BRDA:123,11,1,0
BRDA:123,11,2,0
BRDA:123,11,3,0
BRDA:145,12,0,0
BRDA:145,12,1,0
BRDA:146,13,0,0
BRDA:146,13,1,0
BRDA:147,14,0,0
BRDA:147,14,1,0
BRDA:151,15,0,0
BRDA:151,15,1,0
BRDA:161,16,0,0
BRDA:161,16,1,0
BRDA:166,17,0,0
BRDA:166,17,1,0
BRDA:166,18,0,0
BRDA:166,18,1,0
BRDA:181,19,0,0
BRDA:181,19,1,0
BRDA:208,20,0,0
BRDA:208,20,1,0
BRDA:210,21,0,0
BRDA:210,21,1,0
BRDA:212,22,0,0
BRDA:212,22,1,0
BRDA:222,23,0,0
BRDA:222,23,1,0
BRDA:224,24,0,0
BRDA:224,24,1,0
BRDA:224,25,0,0
BRDA:224,25,1,0
BRDA:231,26,0,0
BRDA:231,26,1,0
BRDA:233,27,0,0
BRDA:233,27,1,0
BRDA:236,28,0,0
BRDA:236,28,1,0
BRDA:248,29,0,0
BRDA:248,29,1,0
BRDA:260,30,0,0
BRDA:260,30,1,0
BRDA:275,31,0,0
BRDA:275,31,1,0
BRF:66
BRH:0
end_of_record
TN:
SF:src/public/js/loginUtils.js
FN:1,getDashboardUrlByRole
FN:11,storeUserInSession
FNF:2
FNH:2
FNDA:4,getDashboardUrlByRole
FNDA:2,storeUserInSession
DA:2,4
DA:3,4
DA:4,1
DA:5,1
DA:6,1
DA:7,1
DA:12,2
DA:13,2
DA:21,2
DA:22,1
DA:23,1
DA:26,0
DA:30,1
LF:13
LH:12
BRDA:3,0,0,1
BRDA:3,0,1,1
BRDA:3,0,2,1
BRDA:3,0,3,1
BRDA:16,1,0,2
BRDA:16,1,1,0
BRDA:17,2,0,2
BRDA:17,2,1,0
BRDA:18,3,0,2
BRDA:18,3,1,1
BRDA:21,4,0,1
BRDA:21,4,1,1
BRF:12
BRH:10
end_of_record
TN:
SF:src/public/js/main.js
FN:2,(anonymous_0)
FN:6,(anonymous_1)
FN:16,(anonymous_2)
FN:17,(anonymous_3)
FN:26,(anonymous_4)
FN:29,(anonymous_5)
FN:36,(anonymous_6)
FN:45,(anonymous_7)
FN:63,(anonymous_8)
FN:73,(anonymous_9)
FN:83,(anonymous_10)
FN:84,(anonymous_11)
FN:92,checkMobileView
FNF:13
FNH:0
FNDA:0,(anonymous_0)
FNDA:0,(anonymous_1)
FNDA:0,(anonymous_2)
FNDA:0,(anonymous_3)
FNDA:0,(anonymous_4)
FNDA:0,(anonymous_5)
FNDA:0,(anonymous_6)
FNDA:0,(anonymous_7)
FNDA:0,(anonymous_8)
FNDA:0,(anonymous_9)
FNDA:0,(anonymous_10)
FNDA:0,(anonymous_11)
FNDA:0,checkMobileView
DA:2,0
DA:4,0
DA:5,0
DA:6,0
DA:7,0
DA:8,0
DA:13,0
DA:15,0
DA:16,0
DA:17,0
DA:18,0
DA:19,0
DA:20,0
DA:26,0
DA:27,0
DA:29,0
DA:30,0
DA:31,0
DA:36,0
DA:37,0
DA:39,0
DA:45,0
DA:46,0
DA:51,0
DA:52,0
DA:53,0
DA:56,0
DA:59,0
DA:62,0
DA:63,0
DA:64,0
DA:65,0
DA:66,0
DA:72,0
DA:73,0
DA:74,0
DA:75,0
DA:76,0
DA:82,0
DA:83,0
DA:84,0
DA:85,0
DA:86,0
DA:87,0
DA:93,0
DA:94,0
DA:96,0
DA:97,0
DA:98,0
DA:101,0
DA:102,0
DA:103,0
DA:104,0
DA:107,0
DA:108,0
DA:109,0
LF:56
LH:0
BRDA:5,0,0,0
BRDA:5,0,1,0
BRDA:15,1,0,0
BRDA:15,1,1,0
BRDA:18,2,0,0
BRDA:18,2,1,0
BRDA:27,3,0,0
BRDA:27,3,1,0
BRDA:62,4,0,0
BRDA:62,4,1,0
BRDA:64,5,0,0
BRDA:64,5,1,0
BRDA:72,6,0,0
BRDA:72,6,1,0
BRDA:74,7,0,0
BRDA:74,7,1,0
BRDA:85,8,0,0
BRDA:85,8,1,0
BRDA:94,9,0,0
BRDA:94,9,1,0
BRDA:101,10,0,0
BRDA:101,10,1,0
BRDA:103,11,0,0
BRDA:103,11,1,0
BRDA:104,12,0,0
BRDA:104,12,1,0
BRDA:108,13,0,0
BRDA:108,13,1,0
BRDA:109,14,0,0
BRDA:109,14,1,0
BRF:30
BRH:0
end_of_record
TN:
SF:src/public/js/mainUtils.js
FN:1,checkMobileView
FNF:1
FNH:1
FNDA:3,checkMobileView
DA:2,3
DA:3,3
DA:4,3
DA:5,3
DA:7,3
DA:9,2
DA:10,1
DA:11,1
DA:12,1
DA:14,1
DA:15,1
DA:16,1
DA:20,1
LF:13
LH:13
BRDA:7,0,0,1
BRDA:7,0,1,2
BRDA:9,1,0,1
BRDA:9,1,1,1
BRF:4
BRH:4
end_of_record
TN:
SF:src/public/js/milestonesUtils.js
FN:4,(anonymous_0)
FN:11,(anonymous_1)
FN:21,(anonymous_2)
FN:38,(anonymous_3)
FN:54,(anonymous_4)
FN:79,(anonymous_5)
FN:98,(anonymous_6)
FN:115,(anonymous_7)
FN:132,(anonymous_8)
FN:140,(anonymous_9)
FN:158,(anonymous_10)
FNF:11
FNH:9
FNDA:16,(anonymous_0)
FNDA:14,(anonymous_1)
FNDA:2,(anonymous_2)
FNDA:2,(anonymous_3)
FNDA:3,(anonymous_4)
FNDA:2,(anonymous_5)
FNDA:2,(anonymous_6)
FNDA:2,(anonymous_7)
FNDA:0,(anonymous_8)
FNDA:0,(anonymous_9)
FNDA:3,(anonymous_10)
DA:4,1
DA:5,16
DA:11,1
DA:12,14
DA:13,14
DA:21,1
DA:22,2
DA:23,2
DA:24,2
DA:26,2
DA:27,1
DA:30,1
DA:32,1
DA:33,1
DA:38,1
DA:39,2
DA:40,2
DA:41,2
DA:43,2
DA:44,1
DA:47,1
DA:49,1
DA:50,1
DA:54,1
DA:55,3
DA:56,3
DA:57,3
DA:58,3
DA:60,3
DA:68,3
DA:69,1
DA:72,2
DA:74,1
DA:75,1
DA:79,1
DA:80,2
DA:81,2
DA:82,2
DA:86,2
DA:87,1
DA:90,1
DA:92,1
DA:93,1
DA:98,1
DA:99,2
DA:100,2
DA:101,2
DA:103,2
DA:104,1
DA:107,1
DA:109,1
DA:110,1
DA:115,1
DA:116,2
DA:117,2
DA:118,2
DA:120,2
DA:121,1
DA:124,1
DA:126,1
DA:127,1
DA:132,1
DA:133,0
DA:140,0
DA:141,0
DA:143,0
DA:144,0
DA:145,0
DA:146,0
DA:147,0
DA:148,0
DA:150,0
DA:154,0
DA:158,1
DA:159,3
DA:162,1
LF:76
LH:65
BRDA:5,0,0,16
BRDA:5,0,1,0
BRDA:5,1,0,16
BRDA:5,1,1,0
BRDA:26,2,0,1
BRDA:26,2,1,1
BRDA:43,3,0,1
BRDA:43,3,1,1
BRDA:54,4,0,0
BRDA:57,5,0,2
BRDA:57,5,1,1
BRDA:58,6,0,2
BRDA:58,6,1,1
BRDA:68,7,0,1
BRDA:68,7,1,2
BRDA:86,8,0,1
BRDA:86,8,1,1
BRDA:103,9,0,1
BRDA:103,9,1,1
BRDA:120,10,0,1
BRDA:120,10,1,1
BRDA:141,11,0,0
BRDA:141,11,1,0
BRDA:143,12,0,0
BRDA:143,12,1,0
BRDA:145,13,0,0
BRDA:145,13,1,0
BRDA:147,14,0,0
BRDA:147,14,1,0
BRF:29
BRH:18
end_of_record
TN:
SF:src/public/js/mydashboardUtils.js
FN:4,getStatusClass
FN:16,getActivityIcon
FN:26,capitalizeFirstLetter
FN:31,getDefaultWidgetWidth
FN:43,getDefaultWidgetHeight
FN:55,isWidgetOnDashboard
FN:56,(anonymous_6)
FNF:7
FNH:7
FNDA:7,getStatusClass
FNDA:6,getActivityIcon
FNDA:4,capitalizeFirstLetter
FNDA:3,getDefaultWidgetWidth
FNDA:3,getDefaultWidgetHeight
FNDA:3,isWidgetOnDashboard
FNDA:3,(anonymous_6)
DA:5,7
DA:7,5
DA:8,1
DA:9,1
DA:10,1
DA:11,1
DA:12,1
DA:17,6
DA:18,1
DA:19,1
DA:20,1
DA:21,1
DA:22,2
DA:27,4
DA:28,3
DA:32,3
DA:40,3
DA:44,3
DA:52,3
DA:56,3
DA:57,3
DA:61,1
LF:22
LH:22
BRDA:5,0,0,2
BRDA:5,0,1,5
BRDA:7,1,0,1
BRDA:7,1,1,1
BRDA:7,1,2,1
BRDA:7,1,3,1
BRDA:7,1,4,1
BRDA:17,2,0,1
BRDA:17,2,1,1
BRDA:17,2,2,1
BRDA:17,2,3,1
BRDA:17,2,4,2
BRDA:27,3,0,1
BRDA:27,3,1,3
BRDA:40,4,0,3
BRDA:40,4,1,1
BRDA:52,5,0,3
BRDA:52,5,1,1
BRDA:57,6,0,3
BRDA:57,6,1,3
BRF:20
BRH:20
end_of_record
TN:
SF:src/public/js/projectsUtils.js
FN:4,(anonymous_0)
FN:14,loadProjects
FN:35,createProject
FN:56,updateProject
FN:77,deleteProject
FN:95,getProjectDetails
FN:111,getUsers
FN:126,getUserProfile
FN:141,sendInvitation
FN:163,formatProjectDates
FN:171,getStatusClass
FNF:11
FNH:11
FNDA:5,(anonymous_0)
FNDA:3,loadProjects
FNDA:1,createProject
FNDA:1,updateProject
FNDA:1,deleteProject
FNDA:1,getProjectDetails
FNDA:1,getUsers
FNDA:1,getUserProfile
FNDA:1,sendInvitation
FNDA:1,formatProjectDates
FNDA:5,getStatusClass
DA:4,1
DA:5,5
DA:10,1
DA:11,1
DA:15,3
DA:16,3
DA:17,3
DA:18,1
DA:21,3
DA:23,3
DA:24,1
DA:27,2
DA:29,1
DA:30,1
DA:36,1
DA:37,1
DA:45,1
DA:46,0
DA:49,1
DA:51,0
DA:52,0
DA:57,1
DA:58,1
DA:66,1
DA:67,0
DA:70,1
DA:72,0
DA:73,0
DA:78,1
DA:79,1
DA:83,1
DA:84,0
DA:87,1
DA:89,0
DA:90,0
DA:96,1
DA:97,1
DA:99,1
DA:100,0
DA:103,1
DA:105,0
DA:106,0
DA:112,1
DA:113,1
DA:115,1
DA:116,0
DA:119,1
DA:121,0
DA:122,0
DA:127,1
DA:128,1
DA:130,1
DA:131,0
DA:134,1
DA:136,0
DA:137,0
DA:142,1
DA:143,1
DA:151,1
DA:152,0
DA:155,1
DA:157,0
DA:158,0
DA:164,1
DA:172,5
DA:173,5
DA:174,1
DA:175,2
DA:176,1
DA:177,1
DA:181,1
LF:71
LH:50
BRDA:5,0,0,5
BRDA:5,0,1,0
BRDA:5,1,0,5
BRDA:5,1,1,0
BRDA:14,2,0,2
BRDA:17,3,0,1
BRDA:17,3,1,2
BRDA:23,4,0,1
BRDA:23,4,1,2
BRDA:45,5,0,0
BRDA:45,5,1,1
BRDA:66,6,0,0
BRDA:66,6,1,1
BRDA:83,7,0,0
BRDA:83,7,1,1
BRDA:99,8,0,0
BRDA:99,8,1,1
BRDA:115,9,0,0
BRDA:115,9,1,1
BRDA:130,10,0,0
BRDA:130,10,1,1
BRDA:151,11,0,0
BRDA:151,11,1,1
BRDA:172,12,0,5
BRDA:172,12,1,1
BRDA:173,13,0,1
BRDA:173,13,1,2
BRDA:173,13,2,1
BRDA:173,13,3,1
BRF:29
BRH:20
end_of_record
TN:
SF:src/public/js/signup-google.js
FN:2,(anonymous_0)
FN:27,getDashboardUrlByRole
FN:45,fetchGoogleProfile
FN:84,displayGoogleProfile
FN:119,showStep
FN:120,(anonymous_5)
FN:132,(anonymous_6)
FN:137,(anonymous_7)
FN:142,(anonymous_8)
FN:153,(anonymous_9)
FN:163,(anonymous_10)
FN:170,(anonymous_11)
FN:174,(anonymous_12)
FN:181,(anonymous_13)
FN:244,(anonymous_14)
FN:280,(anonymous_15)
FNF:16
FNH:0
FNDA:0,(anonymous_0)
FNDA:0,getDashboardUrlByRole
FNDA:0,fetchGoogleProfile
FNDA:0,displayGoogleProfile
FNDA:0,showStep
FNDA:0,(anonymous_5)
FNDA:0,(anonymous_6)
FNDA:0,(anonymous_7)
FNDA:0,(anonymous_8)
FNDA:0,(anonymous_9)
FNDA:0,(anonymous_10)
FNDA:0,(anonymous_11)
FNDA:0,(anonymous_12)
FNDA:0,(anonymous_13)
FNDA:0,(anonymous_14)
FNDA:0,(anonymous_15)
DA:2,0
DA:4,0
DA:5,0
DA:6,0
DA:7,0
DA:8,0
DA:11,0
DA:12,0
DA:13,0
DA:15,0
DA:16,0
DA:19,0
DA:20,0
DA:29,0
DA:31,0
DA:33,0
DA:35,0
DA:37,0
DA:46,0
DA:48,0
DA:49,0
DA:50,0
DA:53,0
DA:55,0
DA:57,0
DA:58,0
DA:61,0
DA:62,0
DA:64,0
DA:66,0
DA:67,0
DA:69,0
DA:72,0
DA:73,0
DA:74,0
DA:75,0
DA:77,0
DA:85,0
DA:88,0
DA:100,0
DA:103,0
DA:104,0
DA:105,0
DA:106,0
DA:107,0
DA:112,0
DA:113,0
DA:114,0
DA:120,0
DA:121,0
DA:123,0
DA:126,0
DA:127,0
DA:131,0
DA:132,0
DA:133,0
DA:134,0
DA:137,0
DA:138,0
DA:139,0
DA:140,0
DA:141,0
DA:142,0
DA:143,0
DA:144,0
DA:146,0
DA:150,0
DA:152,0
DA:153,0
DA:157,0
DA:162,0
DA:163,0
DA:164,0
DA:169,0
DA:170,0
DA:171,0
DA:174,0
DA:177,0
DA:178,0
DA:179,0
DA:181,0
DA:183,0
DA:184,0
DA:185,0
DA:186,0
DA:187,0
DA:188,0
DA:190,0
DA:196,0
DA:197,0
DA:198,0
DA:199,0
DA:200,0
DA:202,0
DA:205,0
DA:206,0
DA:207,0
DA:211,0
DA:214,0
DA:215,0
DA:217,0
DA:218,0
DA:221,0
DA:223,0
DA:224,0
DA:225,0
DA:229,0
DA:237,0
DA:238,0
DA:239,0
DA:240,0
DA:243,0
DA:244,0
DA:245,0
DA:246,0
DA:247,0
DA:252,0
DA:255,0
DA:256,0
DA:257,0
DA:259,0
DA:263,0
DA:266,0
DA:269,0
DA:270,0
DA:274,0
DA:277,0
DA:280,0
DA:281,0
DA:285,0
DA:286,0
DA:292,0
DA:293,0
DA:295,0
DA:296,0
DA:304,0
DA:308,0
LF:137
LH:0
BRDA:29,0,0,0
BRDA:29,0,1,0
BRDA:31,1,0,0
BRDA:31,1,1,0
BRDA:31,1,2,0
BRDA:49,2,0,0
BRDA:49,2,1,0
BRDA:57,3,0,0
BRDA:57,3,1,0
BRDA:64,4,0,0
BRDA:64,4,1,0
BRDA:73,5,0,0
BRDA:73,5,1,0
BRDA:85,6,0,0
BRDA:85,6,1,0
BRDA:85,7,0,0
BRDA:85,7,1,0
BRDA:104,8,0,0
BRDA:104,8,1,0
BRDA:104,9,0,0
BRDA:104,9,1,0
BRDA:106,10,0,0
BRDA:106,10,1,0
BRDA:113,11,0,0
BRDA:113,11,1,0
BRDA:113,12,0,0
BRDA:113,12,1,0
BRDA:126,13,0,0
BRDA:126,13,1,0
BRDA:126,14,0,0
BRDA:126,14,1,0
BRDA:127,15,0,0
BRDA:127,15,1,0
BRDA:127,16,0,0
BRDA:127,16,1,0
BRDA:131,17,0,0
BRDA:131,17,1,0
BRDA:134,18,0,0
BRDA:134,18,1,0
BRDA:139,19,0,0
BRDA:139,19,1,0
BRDA:143,20,0,0
BRDA:143,20,1,0
BRDA:162,21,0,0
BRDA:162,21,1,0
BRDA:169,22,0,0
BRDA:169,22,1,0
BRDA:178,23,0,0
BRDA:178,23,1,0
BRDA:184,24,0,0
BRDA:184,24,1,0
BRDA:184,25,0,0
BRDA:184,25,1,0
BRDA:185,26,0,0
BRDA:185,26,1,0
BRDA:187,27,0,0
BRDA:187,27,1,0
BRDA:188,28,0,0
BRDA:188,28,1,0
BRDA:197,29,0,0
BRDA:197,29,1,0
BRDA:197,30,0,0
BRDA:197,30,1,0
BRDA:199,31,0,0
BRDA:199,31,1,0
BRDA:205,32,0,0
BRDA:205,32,1,0
BRDA:224,33,0,0
BRDA:224,33,1,0
BRDA:237,34,0,0
BRDA:237,34,1,0
BRDA:239,35,0,0
BRDA:239,35,1,0
BRDA:239,36,0,0
BRDA:239,36,1,0
BRDA:243,37,0,0
BRDA:243,37,1,0
BRDA:246,38,0,0
BRDA:246,38,1,0
BRDA:252,39,0,0
BRDA:252,39,1,0
BRDA:266,40,0,0
BRDA:266,40,1,0
BRDA:269,41,0,0
BRDA:269,41,1,0
BRDA:274,42,0,0
BRDA:274,42,1,0
BRDA:274,42,2,0
BRDA:277,43,0,0
BRDA:277,43,1,0
BRDA:295,44,0,0
BRDA:295,44,1,0
BRF:92
BRH:0
end_of_record
TN:
SF:src/public/js/signup.js
FN:1,(anonymous_0)
FN:13,(anonymous_1)
FN:14,(anonymous_2)
FN:30,(anonymous_3)
FN:31,(anonymous_4)
FN:49,(anonymous_5)
FN:68,validateSouthAfricanPhone
FN:109,(anonymous_7)
FN:114,(anonymous_8)
FN:120,validateWitsEmail
FN:136,isValidEmail
FN:142,(anonymous_11)
FN:143,(anonymous_12)
FN:156,(anonymous_13)
FN:185,(anonymous_14)
FN:227,(anonymous_15)
FN:231,updateResearchFields
FN:235,(anonymous_17)
FN:240,(anonymous_18)
FN:244,(anonymous_19)
FN:261,(anonymous_20)
FN:269,(anonymous_21)
FN:274,(anonymous_22)
FN:283,checkEmailExists
FN:293,(anonymous_24)
FN:294,(anonymous_25)
FN:301,(anonymous_26)
FN:304,(anonymous_27)
FN:310,(anonymous_28)
FN:311,(anonymous_29)
FN:320,(anonymous_30)
FN:381,(anonymous_31)
FN:382,(anonymous_32)
FN:398,(anonymous_33)
FN:433,proceedToNextStep
FN:445,(anonymous_35)
FN:446,(anonymous_36)
FN:465,(anonymous_37)
FN:473,(anonymous_38)
FN:530,(anonymous_39)
FN:542,(anonymous_40)
FN:582,checkEmailBeforeSubmit
FN:602,(anonymous_42)
FN:603,(anonymous_43)
FN:625,(anonymous_44)
FN:637,(anonymous_45)
FN:647,submitForm
FN:665,(anonymous_47)
FN:690,(anonymous_48)
FN:691,(anonymous_49)
FN:704,(anonymous_50)
FN:709,(anonymous_51)
FN:767,(anonymous_52)
FN:775,(anonymous_53)
FN:785,showError
FN:800,clearError
FNF:56
FNH:0
FNDA:0,(anonymous_0)
FNDA:0,(anonymous_1)
FNDA:0,(anonymous_2)
FNDA:0,(anonymous_3)
FNDA:0,(anonymous_4)
FNDA:0,(anonymous_5)
FNDA:0,validateSouthAfricanPhone
FNDA:0,(anonymous_7)
FNDA:0,(anonymous_8)
FNDA:0,validateWitsEmail
FNDA:0,isValidEmail
FNDA:0,(anonymous_11)
FNDA:0,(anonymous_12)
FNDA:0,(anonymous_13)
FNDA:0,(anonymous_14)
FNDA:0,(anonymous_15)
FNDA:0,updateResearchFields
FNDA:0,(anonymous_17)
FNDA:0,(anonymous_18)
FNDA:0,(anonymous_19)
FNDA:0,(anonymous_20)
FNDA:0,(anonymous_21)
FNDA:0,(anonymous_22)
FNDA:0,checkEmailExists
FNDA:0,(anonymous_24)
FNDA:0,(anonymous_25)
FNDA:0,(anonymous_26)
FNDA:0,(anonymous_27)
FNDA:0,(anonymous_28)
FNDA:0,(anonymous_29)
FNDA:0,(anonymous_30)
FNDA:0,(anonymous_31)
FNDA:0,(anonymous_32)
FNDA:0,(anonymous_33)
FNDA:0,proceedToNextStep
FNDA:0,(anonymous_35)
FNDA:0,(anonymous_36)
FNDA:0,(anonymous_37)
FNDA:0,(anonymous_38)
FNDA:0,(anonymous_39)
FNDA:0,(anonymous_40)
FNDA:0,checkEmailBeforeSubmit
FNDA:0,(anonymous_42)
FNDA:0,(anonymous_43)
FNDA:0,(anonymous_44)
FNDA:0,(anonymous_45)
FNDA:0,submitForm
FNDA:0,(anonymous_47)
FNDA:0,(anonymous_48)
FNDA:0,(anonymous_49)
FNDA:0,(anonymous_50)
FNDA:0,(anonymous_51)
FNDA:0,(anonymous_52)
FNDA:0,(anonymous_53)
FNDA:0,showError
FNDA:0,clearError
DA:1,0
DA:2,0
DA:3,0
DA:4,0
DA:5,0
DA:6,0
DA:7,0
DA:8,0
DA:9,0
DA:12,0
DA:13,0
DA:14,0
DA:16,0
DA:17,0
DA:19,0
DA:20,0
DA:21,0
DA:23,0
DA:29,0
DA:30,0
DA:31,0
DA:32,0
DA:35,0
DA:36,0
DA:39,0
DA:41,0
DA:42,0
DA:44,0
DA:49,0
DA:50,0
DA:51,0
DA:53,0
DA:54,0
DA:57,0
DA:58,0
DA:59,0
DA:61,0
DA:63,0
DA:70,0
DA:73,0
DA:75,0
DA:76,0
DA:80,0
DA:81,0
DA:82,0
DA:85,0
DA:88,0
DA:89,0
DA:90,0
DA:94,0
DA:95,0
DA:96,0
DA:99,0
DA:102,0
DA:107,0
DA:108,0
DA:109,0
DA:110,0
DA:111,0
DA:114,0
DA:115,0
DA:116,0
DA:121,0
DA:124,0
DA:126,0
DA:127,0
DA:128,0
DA:130,0
DA:131,0
DA:137,0
DA:138,0
DA:142,0
DA:143,0
DA:144,0
DA:145,0
DA:147,0
DA:148,0
DA:149,0
DA:151,0
DA:152,0
DA:156,0
DA:157,0
DA:158,0
DA:159,0
DA:160,0
DA:162,0
DA:163,0
DA:164,0
DA:165,0
DA:167,0
DA:168,0
DA:169,0
DA:170,0
DA:172,0
DA:177,0
DA:178,0
DA:179,0
DA:180,0
DA:181,0
DA:182,0
DA:184,0
DA:185,0
DA:186,0
DA:189,0
DA:190,0
DA:192,0
DA:196,0
DA:197,0
DA:199,0
DA:203,0
DA:204,0
DA:206,0
DA:210,0
DA:211,0
DA:213,0
DA:217,0
DA:218,0
DA:220,0
DA:226,0
DA:227,0
DA:228,0
DA:232,0
DA:233,0
DA:235,0
DA:236,0
DA:237,0
DA:238,0
DA:239,0
DA:240,0
DA:242,0
DA:243,0
DA:244,0
DA:245,0
DA:252,0
DA:257,0
DA:258,0
DA:260,0
DA:261,0
DA:262,0
DA:263,0
DA:264,0
DA:269,0
DA:270,0
DA:271,0
DA:273,0
DA:274,0
DA:275,0
DA:276,0
DA:284,0
DA:285,0
DA:287,0
DA:293,0
DA:295,0
DA:296,0
DA:298,0
DA:302,0
DA:305,0
DA:310,0
DA:311,0
DA:313,0
DA:314,0
DA:317,0
DA:318,0
DA:320,0
DA:321,0
DA:322,0
DA:323,0
DA:326,0
DA:327,0
DA:328,0
DA:330,0
DA:331,0
DA:332,0
DA:333,0
DA:334,0
DA:337,0
DA:343,0
DA:344,0
DA:345,0
DA:346,0
DA:349,0
DA:350,0
DA:354,0
DA:357,0
DA:359,0
DA:362,0
DA:363,0
DA:364,0
DA:366,0
DA:367,0
DA:368,0
DA:369,0
DA:371,0
DA:375,0
DA:381,0
DA:384,0
DA:385,0
DA:388,0
DA:389,0
DA:391,0
DA:392,0
DA:395,0
DA:400,0
DA:401,0
DA:404,0
DA:405,0
DA:408,0
DA:415,0
DA:416,0
DA:417,0
DA:418,0
DA:419,0
DA:420,0
DA:424,0
DA:425,0
DA:429,0
DA:435,0
DA:438,0
DA:439,0
DA:442,0
DA:445,0
DA:446,0
DA:448,0
DA:449,0
DA:452,0
DA:455,0
DA:456,0
DA:459,0
DA:464,0
DA:465,0
DA:466,0
DA:469,0
DA:470,0
DA:471,0
DA:473,0
DA:474,0
DA:475,0
DA:476,0
DA:479,0
DA:480,0
DA:481,0
DA:483,0
DA:484,0
DA:485,0
DA:486,0
DA:487,0
DA:490,0
DA:496,0
DA:497,0
DA:498,0
DA:499,0
DA:500,0
DA:501,0
DA:505,0
DA:506,0
DA:508,0
DA:509,0
DA:512,0
DA:513,0
DA:517,0
DA:521,0
DA:523,0
DA:524,0
DA:529,0
DA:530,0
DA:531,0
DA:532,0
DA:533,0
DA:534,0
DA:535,0
DA:541,0
DA:542,0
DA:543,0
DA:544,0
DA:545,0
DA:546,0
DA:551,0
DA:553,0
DA:554,0
DA:556,0
DA:557,0
DA:559,0
DA:560,0
DA:561,0
DA:565,0
DA:566,0
DA:567,0
DA:568,0
DA:571,0
DA:574,0
DA:578,0
DA:583,0
DA:584,0
DA:586,0
DA:589,0
DA:590,0
DA:591,0
DA:592,0
DA:593,0
DA:596,0
DA:602,0
DA:604,0
DA:605,0
DA:608,0
DA:609,0
DA:610,0
DA:611,0
DA:612,0
DA:616,0
DA:618,0
DA:619,0
DA:622,0
DA:626,0
DA:627,0
DA:630,0
DA:631,0
DA:632,0
DA:633,0
DA:634,0
DA:639,0
DA:640,0
DA:641,0
DA:642,0
DA:649,0
DA:650,0
DA:651,0
DA:652,0
DA:656,0
DA:657,0
DA:658,0
DA:659,0
DA:663,0
DA:664,0
DA:665,0
DA:666,0
DA:670,0
DA:671,0
DA:672,0
DA:673,0
DA:675,0
DA:676,0
DA:680,0
DA:683,0
DA:690,0
DA:692,0
DA:694,0
DA:695,0
DA:696,0
DA:697,0
DA:701,0
DA:704,0
DA:705,0
DA:707,0
DA:709,0
DA:710,0
DA:711,0
DA:712,0
DA:715,0
DA:716,0
DA:721,0
DA:722,0
DA:723,0
DA:724,0
DA:728,0
DA:729,0
DA:730,0
DA:731,0
DA:732,0
DA:733,0
DA:734,0
DA:735,0
DA:739,0
DA:741,0
DA:742,0
DA:743,0
DA:744,0
DA:748,0
DA:751,0
DA:752,0
DA:753,0
DA:754,0
DA:757,0
DA:758,0
DA:759,0
DA:760,0
DA:761,0
DA:768,0
DA:769,0
DA:770,0
DA:771,0
DA:772,0
DA:777,0
DA:778,0
DA:779,0
DA:786,0
DA:787,0
DA:788,0
DA:789,0
DA:791,0
DA:793,0
DA:794,0
DA:795,0
DA:796,0
DA:801,0
DA:802,0
DA:803,0
DA:804,0
DA:806,0
DA:807,0
DA:809,0
DA:810,0
DA:811,0
DA:812,0
LF:413
LH:0
BRDA:19,0,0,0
BRDA:19,0,1,0
BRDA:41,1,0,0
BRDA:41,1,1,0
BRDA:53,2,0,0
BRDA:53,2,1,0
BRDA:57,3,0,0
BRDA:57,3,1,0
BRDA:59,4,0,0
BRDA:59,4,1,0
BRDA:70,5,0,0
BRDA:70,5,1,0
BRDA:73,6,0,0
BRDA:73,6,1,0
BRDA:75,7,0,0
BRDA:75,7,1,0
BRDA:81,8,0,0
BRDA:81,8,1,0
BRDA:88,9,0,0
BRDA:88,9,1,0
BRDA:89,10,0,0
BRDA:89,10,1,0
BRDA:95,11,0,0
BRDA:95,11,1,0
BRDA:108,12,0,0
BRDA:108,12,1,0
BRDA:121,13,0,0
BRDA:121,13,1,0
BRDA:126,14,0,0
BRDA:126,14,1,0
BRDA:147,15,0,0
BRDA:147,15,1,0
BRDA:162,16,0,0
BRDA:162,16,1,0
BRDA:167,17,0,0
BRDA:167,17,1,0
BRDA:184,18,0,0
BRDA:184,18,1,0
BRDA:189,19,0,0
BRDA:189,19,1,0
BRDA:196,20,0,0
BRDA:196,20,1,0
BRDA:203,21,0,0
BRDA:203,21,1,0
BRDA:210,22,0,0
BRDA:210,22,1,0
BRDA:217,23,0,0
BRDA:217,23,1,0
BRDA:226,24,0,0
BRDA:226,24,1,0
BRDA:226,25,0,0
BRDA:226,25,1,0
BRDA:233,26,0,0
BRDA:233,26,1,0
BRDA:237,27,0,0
BRDA:237,27,1,0
BRDA:260,28,0,0
BRDA:260,28,1,0
BRDA:263,29,0,0
BRDA:263,29,1,0
BRDA:263,30,0,0
BRDA:263,30,1,0
BRDA:263,30,2,0
BRDA:273,31,0,0
BRDA:273,31,1,0
BRDA:273,32,0,0
BRDA:273,32,1,0
BRDA:275,33,0,0
BRDA:275,33,1,0
BRDA:275,34,0,0
BRDA:275,34,1,0
BRDA:295,35,0,0
BRDA:295,35,1,0
BRDA:321,36,0,0
BRDA:321,36,1,0
BRDA:326,37,0,0
BRDA:326,37,1,0
BRDA:327,38,0,0
BRDA:327,38,1,0
BRDA:330,39,0,0
BRDA:330,39,1,0
BRDA:330,40,0,0
BRDA:330,40,1,0
BRDA:330,40,2,0
BRDA:332,41,0,0
BRDA:332,41,1,0
BRDA:344,42,0,0
BRDA:344,42,1,0
BRDA:344,43,0,0
BRDA:344,43,1,0
BRDA:345,44,0,0
BRDA:345,44,1,0
BRDA:350,45,0,0
BRDA:350,45,1,0
BRDA:350,46,0,0
BRDA:350,46,1,0
BRDA:350,46,2,0
BRDA:350,46,3,0
BRDA:357,47,0,0
BRDA:357,47,1,0
BRDA:367,48,0,0
BRDA:367,48,1,0
BRDA:367,49,0,0
BRDA:367,49,1,0
BRDA:384,50,0,0
BRDA:384,50,1,0
BRDA:388,51,0,0
BRDA:388,51,1,0
BRDA:400,52,0,0
BRDA:400,52,1,0
BRDA:417,53,0,0
BRDA:417,53,1,0
BRDA:417,54,0,0
BRDA:417,54,1,0
BRDA:417,54,2,0
BRDA:417,54,3,0
BRDA:418,55,0,0
BRDA:418,55,1,0
BRDA:424,56,0,0
BRDA:424,56,1,0
BRDA:464,57,0,0
BRDA:464,57,1,0
BRDA:474,58,0,0
BRDA:474,58,1,0
BRDA:479,59,0,0
BRDA:479,59,1,0
BRDA:480,60,0,0
BRDA:480,60,1,0
BRDA:483,61,0,0
BRDA:483,61,1,0
BRDA:483,62,0,0
BRDA:483,62,1,0
BRDA:483,62,2,0
BRDA:485,63,0,0
BRDA:485,63,1,0
BRDA:497,64,0,0
BRDA:497,64,1,0
BRDA:497,65,0,0
BRDA:497,65,1,0
BRDA:500,66,0,0
BRDA:500,66,1,0
BRDA:506,67,0,0
BRDA:506,67,1,0
BRDA:508,68,0,0
BRDA:508,68,1,0
BRDA:512,69,0,0
BRDA:512,69,1,0
BRDA:513,70,0,0
BRDA:513,70,1,0
BRDA:513,71,0,0
BRDA:513,71,1,0
BRDA:513,71,2,0
BRDA:513,71,3,0
BRDA:521,72,0,0
BRDA:521,72,1,0
BRDA:521,73,0,0
BRDA:521,73,1,0
BRDA:531,74,0,0
BRDA:531,74,1,0
BRDA:533,75,0,0
BRDA:533,75,1,0
BRDA:543,76,0,0
BRDA:543,76,1,0
BRDA:544,77,0,0
BRDA:544,77,1,0
BRDA:551,78,0,0
BRDA:551,78,1,0
BRDA:554,79,0,0
BRDA:554,79,1,0
BRDA:557,80,0,0
BRDA:557,80,1,0
BRDA:557,81,0,0
BRDA:557,81,1,0
BRDA:565,82,0,0
BRDA:565,82,1,0
BRDA:565,83,0,0
BRDA:565,83,1,0
BRDA:565,83,2,0
BRDA:567,84,0,0
BRDA:567,84,1,0
BRDA:584,85,0,0
BRDA:584,85,1,0
BRDA:590,86,0,0
BRDA:590,86,1,0
BRDA:604,87,0,0
BRDA:604,87,1,0
BRDA:609,88,0,0
BRDA:609,88,1,0
BRDA:609,89,0,0
BRDA:609,89,1,0
BRDA:631,90,0,0
BRDA:631,90,1,0
BRDA:631,91,0,0
BRDA:631,91,1,0
BRDA:639,92,0,0
BRDA:639,92,1,0
BRDA:650,93,0,0
BRDA:650,93,1,0
BRDA:656,94,0,0
BRDA:656,94,1,0
BRDA:672,95,0,0
BRDA:672,95,1,0
BRDA:675,96,0,0
BRDA:675,96,1,0
BRDA:692,97,0,0
BRDA:692,97,1,0
BRDA:692,98,0,0
BRDA:692,98,1,0
BRDA:694,99,0,0
BRDA:694,99,1,0
BRDA:707,100,0,0
BRDA:707,100,1,0
BRDA:711,101,0,0
BRDA:711,101,1,0
BRDA:715,102,0,0
BRDA:715,102,1,0
BRDA:715,103,0,0
BRDA:715,103,1,0
BRDA:721,104,0,0
BRDA:721,104,1,0
BRDA:722,105,0,0
BRDA:722,105,1,0
BRDA:728,106,0,0
BRDA:728,106,1,0
BRDA:730,107,0,0
BRDA:730,107,1,0
BRDA:732,108,0,0
BRDA:732,108,1,0
BRDA:732,109,0,0
BRDA:732,109,1,0
BRDA:739,110,0,0
BRDA:739,110,1,0
BRDA:741,111,0,0
BRDA:741,111,1,0
BRDA:748,112,0,0
BRDA:748,112,1,0
BRDA:748,113,0,0
BRDA:748,113,1,0
BRDA:748,113,2,0
BRDA:752,114,0,0
BRDA:752,114,1,0
BRDA:758,115,0,0
BRDA:758,115,1,0
BRDA:758,116,0,0
BRDA:758,116,1,0
BRDA:769,117,0,0
BRDA:769,117,1,0
BRDA:777,118,0,0
BRDA:777,118,1,0
BRDA:786,119,0,0
BRDA:786,119,1,0
BRDA:787,120,0,0
BRDA:787,120,1,0
BRDA:787,121,0,0
BRDA:787,121,1,0
BRDA:794,122,0,0
BRDA:794,122,1,0
BRDA:801,123,0,0
BRDA:801,123,1,0
BRDA:802,124,0,0
BRDA:802,124,1,0
BRDA:802,125,0,0
BRDA:802,125,1,0
BRDA:810,126,0,0
BRDA:810,126,1,0
BRF:265
BRH:0
end_of_record
TN:
SF:src/public/js/signupUtils.js
FN:2,fetchGoogleProfile
FN:24,handleFormSubmission
FN:59,getDashboardUrlByRole
FNF:3
FNH:2
FNDA:3,fetchGoogleProfile
FNDA:0,handleFormSubmission
FNDA:4,getDashboardUrlByRole
DA:3,3
DA:4,3
DA:5,3
DA:6,3
DA:9,3
DA:11,2
DA:12,1
DA:15,1
DA:16,1
DA:18,2
DA:19,2
DA:25,0
DA:26,0
DA:27,0
DA:28,0
DA:31,0
DA:32,0
DA:33,0
DA:34,0
DA:37,0
DA:45,0
DA:46,0
DA:47,0
DA:50,0
DA:51,0
DA:53,0
DA:54,0
DA:60,4
DA:61,4
DA:63,1
DA:65,1
DA:68,2
DA:72,1
LF:33
LH:17
BRDA:5,0,0,3
BRDA:5,0,1,0
BRDA:11,1,0,1
BRDA:11,1,1,1
BRDA:16,2,0,1
BRDA:16,2,1,0
BRDA:33,3,0,0
BRDA:33,3,1,0
BRDA:45,4,0,0
BRDA:45,4,1,0
BRDA:59,5,0,0
BRDA:61,6,0,1
BRDA:61,6,1,1
BRDA:61,6,2,1
BRDA:61,6,3,2
BRF:15
BRH:8
end_of_record
