TN:
SF:src/public/js/auth.js
FN:3,(anonymous_0)
FN:7,(anonymous_1)
FN:12,(anonymous_2)
FN:18,(anonymous_3)
FN:24,(anonymous_4)
FN:45,(anonymous_5)
FN:61,updateLoginUI
FN:72,(anonymous_7)
FN:82,(anonymous_8)
FN:89,(anonymous_9)
FN:99,updateRoleSpecificUI
FN:107,(anonymous_11)
FN:111,(anonymous_12)
FN:115,(anonymous_13)
FN:141,(anonymous_14)
FN:161,customizeDashboard
FNF:16
FNH:0
FNDA:0,(anonymous_0)
FNDA:0,(anonymous_1)
FNDA:0,(anonymous_2)
FNDA:0,(anonymous_3)
FNDA:0,(anonymous_4)
FNDA:0,(anonymous_5)
FNDA:0,updateLoginUI
FNDA:0,(anonymous_7)
FNDA:0,(anonymous_8)
FNDA:0,(anonymous_9)
FNDA:0,updateRoleSpecificUI
FNDA:0,(anonymous_11)
FNDA:0,(anonymous_12)
FNDA:0,(anonymous_13)
FNDA:0,(anonymous_14)
FNDA:0,customizeDashboard
DA:3,0
DA:5,0
DA:8,0
DA:13,0
DA:14,0
DA:19,0
DA:20,0
DA:25,0
DA:26,0
DA:33,0
DA:34,0
DA:37,0
DA:38,0
DA:42,0
DA:43,0
DA:45,0
DA:46,0
DA:49,0
DA:52,0
DA:53,0
DA:54,0
DA:62,0
DA:64,0
DA:65,0
DA:66,0
DA:67,0
DA:68,0
DA:70,0
DA:72,0
DA:73,0
DA:82,0
DA:83,0
DA:87,0
DA:89,0
DA:90,0
DA:100,0
DA:103,0
DA:104,0
DA:105,0
DA:107,0
DA:108,0
DA:111,0
DA:112,0
DA:115,0
DA:116,0
DA:121,0
DA:124,0
DA:125,0
DA:126,0
DA:127,0
DA:132,0
DA:133,0
DA:134,0
DA:138,0
DA:139,0
DA:140,0
DA:141,0
DA:142,0
DA:148,0
DA:149,0
DA:150,0
DA:151,0
DA:156,0
DA:157,0
DA:162,0
DA:164,0
DA:165,0
DA:166,0
DA:167,0
DA:168,0
DA:170,0
DA:172,0
DA:173,0
DA:176,0
DA:177,0
DA:182,0
LF:76
LH:0
BRDA:5,0,0,0
BRDA:5,0,1,0
BRDA:14,1,0,0
BRDA:14,1,1,0
BRDA:20,2,0,0
BRDA:20,2,1,0
BRDA:37,3,0,0
BRDA:37,3,1,0
BRDA:45,4,0,0
BRDA:45,4,1,0
BRDA:53,5,0,0
BRDA:53,5,1,0
BRDA:64,6,0,0
BRDA:64,6,1,0
BRDA:66,7,0,0
BRDA:66,7,1,0
BRDA:67,8,0,0
BRDA:67,8,1,0
BRDA:68,9,0,0
BRDA:68,9,1,0
BRDA:108,10,0,0
BRDA:108,10,1,0
BRDA:112,11,0,0
BRDA:112,11,1,0
BRDA:116,12,0,0
BRDA:116,12,1,0
BRDA:125,13,0,0
BRDA:125,13,1,0
BRDA:125,14,0,0
BRDA:125,14,1,0
BRDA:126,15,0,0
BRDA:126,15,1,0
BRDA:132,16,0,0
BRDA:132,16,1,0
BRDA:132,17,0,0
BRDA:132,17,1,0
BRDA:133,18,0,0
BRDA:133,18,1,0
BRDA:139,19,0,0
BRDA:139,19,1,0
BRDA:148,20,0,0
BRDA:148,20,1,0
BRDA:148,21,0,0
BRDA:148,21,1,0
BRDA:150,22,0,0
BRDA:150,22,1,0
BRDA:156,23,0,0
BRDA:156,23,1,0
BRDA:162,24,0,0
BRDA:162,24,1,0
BRDA:166,25,0,0
BRDA:166,25,1,0
BRDA:172,26,0,0
BRDA:172,26,1,0
BRDA:172,27,0,0
BRDA:172,27,1,0
BRDA:176,28,0,0
BRDA:176,28,1,0
BRDA:176,29,0,0
BRDA:176,29,1,0
BRF:60
BRH:0
end_of_record
TN:
SF:src/public/js/login.js
FN:10,(anonymous_0)
FN:31,(anonymous_1)
FN:40,(anonymous_2)
FN:54,createResendLink
FN:71,(anonymous_4)
FN:118,getDashboardUrlByRole
FN:136,(anonymous_6)
FN:229,(anonymous_7)
FNF:8
FNH:0
FNDA:0,(anonymous_0)
FNDA:0,(anonymous_1)
FNDA:0,(anonymous_2)
FNDA:0,createResendLink
FNDA:0,(anonymous_4)
FNDA:0,getDashboardUrlByRole
FNDA:0,(anonymous_6)
FNDA:0,(anonymous_7)
DA:2,0
DA:3,0
DA:4,0
DA:5,0
DA:6,0
DA:7,0
DA:10,0
DA:12,0
DA:14,0
DA:15,0
DA:16,0
DA:17,0
DA:22,0
DA:23,0
DA:24,0
DA:25,0
DA:29,0
DA:30,0
DA:31,0
DA:32,0
DA:39,0
DA:40,0
DA:41,0
DA:43,0
DA:44,0
DA:45,0
DA:47,0
DA:48,0
DA:56,0
DA:57,0
DA:61,0
DA:62,0
DA:63,0
DA:68,0
DA:71,0
DA:72,0
DA:74,0
DA:76,0
DA:78,0
DA:87,0
DA:88,0
DA:90,0
DA:93,0
DA:94,0
DA:97,0
DA:98,0
DA:101,0
DA:103,0
DA:104,0
DA:105,0
DA:108,0
DA:120,0
DA:122,0
DA:124,0
DA:126,0
DA:128,0
DA:130,0
DA:135,0
DA:136,0
DA:137,0
DA:140,0
DA:141,0
DA:142,0
DA:143,0
DA:147,0
DA:148,0
DA:149,0
DA:150,0
DA:151,0
DA:152,0
DA:155,0
DA:156,0
DA:157,0
DA:160,0
DA:162,0
DA:175,0
DA:177,0
DA:180,0
DA:182,0
DA:183,0
DA:184,0
DA:185,0
DA:186,0
DA:188,0
DA:189,0
DA:191,0
DA:196,0
DA:198,0
DA:200,0
DA:201,0
DA:205,0
DA:206,0
DA:207,0
DA:208,0
DA:210,0
DA:215,0
DA:218,0
DA:219,0
DA:223,0
DA:226,0
DA:229,0
DA:230,0
DA:234,0
DA:235,0
DA:236,0
DA:239,0
DA:240,0
LF:107
LH:0
BRDA:14,0,0,0
BRDA:14,0,1,0
BRDA:15,1,0,0
BRDA:15,1,1,0
BRDA:22,2,0,0
BRDA:22,2,1,0
BRDA:22,3,0,0
BRDA:22,3,1,0
BRDA:23,4,0,0
BRDA:23,4,1,0
BRDA:29,5,0,0
BRDA:29,5,1,0
BRDA:39,6,0,0
BRDA:39,6,1,0
BRDA:43,7,0,0
BRDA:43,7,1,0
BRDA:56,8,0,0
BRDA:56,8,1,0
BRDA:93,9,0,0
BRDA:93,9,1,0
BRDA:94,10,0,0
BRDA:94,10,1,0
BRDA:122,11,0,0
BRDA:122,11,1,0
BRDA:122,11,2,0
BRDA:122,11,3,0
BRDA:135,12,0,0
BRDA:135,12,1,0
BRDA:140,13,0,0
BRDA:140,13,1,0
BRDA:140,14,0,0
BRDA:140,14,1,0
BRDA:155,15,0,0
BRDA:155,15,1,0
BRDA:182,16,0,0
BRDA:182,16,1,0
BRDA:184,17,0,0
BRDA:184,17,1,0
BRDA:186,18,0,0
BRDA:186,18,1,0
BRDA:196,19,0,0
BRDA:196,19,1,0
BRDA:198,20,0,0
BRDA:198,20,1,0
BRDA:198,21,0,0
BRDA:198,21,1,0
BRDA:205,22,0,0
BRDA:205,22,1,0
BRDA:207,23,0,0
BRDA:207,23,1,0
BRDA:210,24,0,0
BRDA:210,24,1,0
BRDA:223,25,0,0
BRDA:223,25,1,0
BRDA:235,26,0,0
BRDA:235,26,1,0
BRF:56
BRH:0
end_of_record
TN:
SF:src/public/js/main.js
FN:2,(anonymous_0)
FN:6,(anonymous_1)
FN:16,(anonymous_2)
FN:17,(anonymous_3)
FN:26,(anonymous_4)
FN:29,(anonymous_5)
FN:36,(anonymous_6)
FN:45,(anonymous_7)
FN:63,(anonymous_8)
FN:73,(anonymous_9)
FN:83,(anonymous_10)
FN:84,(anonymous_11)
FN:92,checkMobileView
FNF:13
FNH:0
FNDA:0,(anonymous_0)
FNDA:0,(anonymous_1)
FNDA:0,(anonymous_2)
FNDA:0,(anonymous_3)
FNDA:0,(anonymous_4)
FNDA:0,(anonymous_5)
FNDA:0,(anonymous_6)
FNDA:0,(anonymous_7)
FNDA:0,(anonymous_8)
FNDA:0,(anonymous_9)
FNDA:0,(anonymous_10)
FNDA:0,(anonymous_11)
FNDA:0,checkMobileView
DA:2,0
DA:4,0
DA:5,0
DA:6,0
DA:7,0
DA:8,0
DA:13,0
DA:15,0
DA:16,0
DA:17,0
DA:18,0
DA:19,0
DA:20,0
DA:26,0
DA:27,0
DA:29,0
DA:30,0
DA:31,0
DA:36,0
DA:37,0
DA:39,0
DA:45,0
DA:46,0
DA:51,0
DA:52,0
DA:53,0
DA:56,0
DA:59,0
DA:62,0
DA:63,0
DA:64,0
DA:65,0
DA:66,0
DA:72,0
DA:73,0
DA:74,0
DA:75,0
DA:76,0
DA:82,0
DA:83,0
DA:84,0
DA:85,0
DA:86,0
DA:87,0
DA:93,0
DA:94,0
DA:96,0
DA:97,0
DA:98,0
DA:101,0
DA:102,0
DA:103,0
DA:104,0
DA:107,0
DA:108,0
DA:109,0
LF:56
LH:0
BRDA:5,0,0,0
BRDA:5,0,1,0
BRDA:15,1,0,0
BRDA:15,1,1,0
BRDA:18,2,0,0
BRDA:18,2,1,0
BRDA:27,3,0,0
BRDA:27,3,1,0
BRDA:62,4,0,0
BRDA:62,4,1,0
BRDA:64,5,0,0
BRDA:64,5,1,0
BRDA:72,6,0,0
BRDA:72,6,1,0
BRDA:74,7,0,0
BRDA:74,7,1,0
BRDA:85,8,0,0
BRDA:85,8,1,0
BRDA:94,9,0,0
BRDA:94,9,1,0
BRDA:101,10,0,0
BRDA:101,10,1,0
BRDA:103,11,0,0
BRDA:103,11,1,0
BRDA:104,12,0,0
BRDA:104,12,1,0
BRDA:108,13,0,0
BRDA:108,13,1,0
BRDA:109,14,0,0
BRDA:109,14,1,0
BRF:30
BRH:0
end_of_record
TN:
SF:src/public/js/signup-google.js
FN:2,(anonymous_0)
FN:21,getDashboardUrlByRole
FN:36,fetchGoogleProfile
FN:71,showStep
FN:72,(anonymous_4)
FN:80,(anonymous_5)
FN:85,(anonymous_6)
FN:90,(anonymous_7)
FN:108,(anonymous_8)
FN:115,(anonymous_9)
FN:119,(anonymous_10)
FN:126,(anonymous_11)
FN:181,(anonymous_12)
FN:209,(anonymous_13)
FNF:14
FNH:0
FNDA:0,(anonymous_0)
FNDA:0,getDashboardUrlByRole
FNDA:0,fetchGoogleProfile
FNDA:0,showStep
FNDA:0,(anonymous_4)
FNDA:0,(anonymous_5)
FNDA:0,(anonymous_6)
FNDA:0,(anonymous_7)
FNDA:0,(anonymous_8)
FNDA:0,(anonymous_9)
FNDA:0,(anonymous_10)
FNDA:0,(anonymous_11)
FNDA:0,(anonymous_12)
FNDA:0,(anonymous_13)
DA:2,0
DA:4,0
DA:5,0
DA:6,0
DA:7,0
DA:10,0
DA:11,0
DA:12,0
DA:14,0
DA:23,0
DA:25,0
DA:27,0
DA:29,0
DA:31,0
DA:37,0
DA:38,0
DA:39,0
DA:41,0
DA:42,0
DA:43,0
DA:47,0
DA:48,0
DA:65,0
DA:66,0
DA:72,0
DA:73,0
DA:75,0
DA:79,0
DA:80,0
DA:81,0
DA:82,0
DA:85,0
DA:86,0
DA:87,0
DA:88,0
DA:89,0
DA:90,0
DA:91,0
DA:92,0
DA:94,0
DA:98,0
DA:102,0
DA:107,0
DA:108,0
DA:109,0
DA:114,0
DA:115,0
DA:116,0
DA:119,0
DA:122,0
DA:123,0
DA:124,0
DA:126,0
DA:128,0
DA:129,0
DA:130,0
DA:131,0
DA:132,0
DA:133,0
DA:135,0
DA:141,0
DA:142,0
DA:143,0
DA:144,0
DA:145,0
DA:147,0
DA:150,0
DA:151,0
DA:152,0
DA:156,0
DA:159,0
DA:160,0
DA:162,0
DA:163,0
DA:166,0
DA:168,0
DA:176,0
DA:178,0
DA:180,0
DA:181,0
DA:182,0
DA:183,0
DA:184,0
DA:187,0
DA:189,0
DA:191,0
DA:195,0
DA:198,0
DA:199,0
DA:203,0
DA:206,0
DA:209,0
DA:210,0
DA:214,0
DA:215,0
DA:221,0
LF:96
LH:0
BRDA:25,0,0,0
BRDA:25,0,1,0
BRDA:25,0,2,0
BRDA:41,1,0,0
BRDA:41,1,1,0
BRDA:52,2,0,0
BRDA:52,2,1,0
BRDA:79,3,0,0
BRDA:79,3,1,0
BRDA:87,4,0,0
BRDA:87,4,1,0
BRDA:91,5,0,0
BRDA:91,5,1,0
BRDA:107,6,0,0
BRDA:107,6,1,0
BRDA:114,7,0,0
BRDA:114,7,1,0
BRDA:129,8,0,0
BRDA:129,8,1,0
BRDA:129,9,0,0
BRDA:129,9,1,0
BRDA:130,10,0,0
BRDA:130,10,1,0
BRDA:132,11,0,0
BRDA:132,11,1,0
BRDA:142,12,0,0
BRDA:142,12,1,0
BRDA:144,13,0,0
BRDA:144,13,1,0
BRDA:150,14,0,0
BRDA:150,14,1,0
BRDA:178,15,0,0
BRDA:178,15,1,0
BRDA:180,16,0,0
BRDA:180,16,1,0
BRDA:183,17,0,0
BRDA:183,17,1,0
BRDA:189,18,0,0
BRDA:189,18,1,0
BRDA:198,19,0,0
BRDA:198,19,1,0
BRDA:203,20,0,0
BRDA:203,20,1,0
BRDA:203,20,2,0
BRDA:210,21,0,0
BRDA:210,21,1,0
BRF:46
BRH:0
end_of_record
TN:
SF:src/public/js/signup.js
FN:1,(anonymous_0)
FN:13,(anonymous_1)
FN:14,(anonymous_2)
FN:30,(anonymous_3)
FN:31,(anonymous_4)
FN:49,(anonymous_5)
FN:68,validateSouthAfricanPhone
FN:109,(anonymous_7)
FN:114,(anonymous_8)
FN:120,validateWitsEmail
FN:136,isValidEmail
FN:142,(anonymous_11)
FN:143,(anonymous_12)
FN:166,(anonymous_13)
FN:208,(anonymous_14)
FN:212,updateResearchFields
FN:216,(anonymous_16)
FN:221,(anonymous_17)
FN:225,(anonymous_18)
FN:242,(anonymous_19)
FN:250,(anonymous_20)
FN:255,(anonymous_21)
FN:264,checkEmailExists
FN:274,(anonymous_23)
FN:275,(anonymous_24)
FN:282,(anonymous_25)
FN:285,(anonymous_26)
FN:291,(anonymous_27)
FN:292,(anonymous_28)
FN:301,(anonymous_29)
FN:362,(anonymous_30)
FN:363,(anonymous_31)
FN:379,(anonymous_32)
FN:414,proceedToNextStep
FN:426,(anonymous_34)
FN:427,(anonymous_35)
FN:446,(anonymous_36)
FN:454,(anonymous_37)
FN:511,(anonymous_38)
FN:523,(anonymous_39)
FN:563,checkEmailBeforeSubmit
FN:583,(anonymous_41)
FN:584,(anonymous_42)
FN:606,(anonymous_43)
FN:618,(anonymous_44)
FN:628,submitForm
FN:646,(anonymous_46)
FN:671,(anonymous_47)
FN:672,(anonymous_48)
FN:685,(anonymous_49)
FN:690,(anonymous_50)
FN:748,(anonymous_51)
FN:756,(anonymous_52)
FN:766,showError
FN:781,clearError
FNF:55
FNH:0
FNDA:0,(anonymous_0)
FNDA:0,(anonymous_1)
FNDA:0,(anonymous_2)
FNDA:0,(anonymous_3)
FNDA:0,(anonymous_4)
FNDA:0,(anonymous_5)
FNDA:0,validateSouthAfricanPhone
FNDA:0,(anonymous_7)
FNDA:0,(anonymous_8)
FNDA:0,validateWitsEmail
FNDA:0,isValidEmail
FNDA:0,(anonymous_11)
FNDA:0,(anonymous_12)
FNDA:0,(anonymous_13)
FNDA:0,(anonymous_14)
FNDA:0,updateResearchFields
FNDA:0,(anonymous_16)
FNDA:0,(anonymous_17)
FNDA:0,(anonymous_18)
FNDA:0,(anonymous_19)
FNDA:0,(anonymous_20)
FNDA:0,(anonymous_21)
FNDA:0,checkEmailExists
FNDA:0,(anonymous_23)
FNDA:0,(anonymous_24)
FNDA:0,(anonymous_25)
FNDA:0,(anonymous_26)
FNDA:0,(anonymous_27)
FNDA:0,(anonymous_28)
FNDA:0,(anonymous_29)
FNDA:0,(anonymous_30)
FNDA:0,(anonymous_31)
FNDA:0,(anonymous_32)
FNDA:0,proceedToNextStep
FNDA:0,(anonymous_34)
FNDA:0,(anonymous_35)
FNDA:0,(anonymous_36)
FNDA:0,(anonymous_37)
FNDA:0,(anonymous_38)
FNDA:0,(anonymous_39)
FNDA:0,checkEmailBeforeSubmit
FNDA:0,(anonymous_41)
FNDA:0,(anonymous_42)
FNDA:0,(anonymous_43)
FNDA:0,(anonymous_44)
FNDA:0,submitForm
FNDA:0,(anonymous_46)
FNDA:0,(anonymous_47)
FNDA:0,(anonymous_48)
FNDA:0,(anonymous_49)
FNDA:0,(anonymous_50)
FNDA:0,(anonymous_51)
FNDA:0,(anonymous_52)
FNDA:0,showError
FNDA:0,clearError
DA:1,0
DA:2,0
DA:3,0
DA:4,0
DA:5,0
DA:6,0
DA:7,0
DA:8,0
DA:9,0
DA:12,0
DA:13,0
DA:14,0
DA:16,0
DA:17,0
DA:19,0
DA:20,0
DA:21,0
DA:23,0
DA:29,0
DA:30,0
DA:31,0
DA:32,0
DA:35,0
DA:36,0
DA:39,0
DA:41,0
DA:42,0
DA:44,0
DA:49,0
DA:50,0
DA:51,0
DA:53,0
DA:54,0
DA:57,0
DA:58,0
DA:59,0
DA:61,0
DA:63,0
DA:70,0
DA:73,0
DA:75,0
DA:76,0
DA:80,0
DA:81,0
DA:82,0
DA:85,0
DA:88,0
DA:89,0
DA:90,0
DA:94,0
DA:95,0
DA:96,0
DA:99,0
DA:102,0
DA:107,0
DA:108,0
DA:109,0
DA:110,0
DA:111,0
DA:114,0
DA:115,0
DA:116,0
DA:121,0
DA:124,0
DA:126,0
DA:127,0
DA:128,0
DA:130,0
DA:131,0
DA:137,0
DA:138,0
DA:142,0
DA:143,0
DA:144,0
DA:145,0
DA:147,0
DA:148,0
DA:149,0
DA:151,0
DA:152,0
DA:158,0
DA:159,0
DA:160,0
DA:161,0
DA:162,0
DA:163,0
DA:165,0
DA:166,0
DA:167,0
DA:170,0
DA:171,0
DA:173,0
DA:177,0
DA:178,0
DA:180,0
DA:184,0
DA:185,0
DA:187,0
DA:191,0
DA:192,0
DA:194,0
DA:198,0
DA:199,0
DA:201,0
DA:207,0
DA:208,0
DA:209,0
DA:213,0
DA:214,0
DA:216,0
DA:217,0
DA:218,0
DA:219,0
DA:220,0
DA:221,0
DA:223,0
DA:224,0
DA:225,0
DA:226,0
DA:233,0
DA:238,0
DA:239,0
DA:241,0
DA:242,0
DA:243,0
DA:244,0
DA:245,0
DA:250,0
DA:251,0
DA:252,0
DA:254,0
DA:255,0
DA:256,0
DA:257,0
DA:265,0
DA:266,0
DA:268,0
DA:274,0
DA:276,0
DA:277,0
DA:279,0
DA:283,0
DA:286,0
DA:291,0
DA:292,0
DA:294,0
DA:295,0
DA:298,0
DA:299,0
DA:301,0
DA:302,0
DA:303,0
DA:304,0
DA:307,0
DA:308,0
DA:309,0
DA:311,0
DA:312,0
DA:313,0
DA:314,0
DA:315,0
DA:318,0
DA:324,0
DA:325,0
DA:326,0
DA:327,0
DA:330,0
DA:331,0
DA:335,0
DA:338,0
DA:340,0
DA:343,0
DA:344,0
DA:345,0
DA:347,0
DA:348,0
DA:349,0
DA:350,0
DA:352,0
DA:356,0
DA:362,0
DA:365,0
DA:366,0
DA:369,0
DA:370,0
DA:372,0
DA:373,0
DA:376,0
DA:381,0
DA:382,0
DA:385,0
DA:386,0
DA:389,0
DA:396,0
DA:397,0
DA:398,0
DA:399,0
DA:400,0
DA:401,0
DA:405,0
DA:406,0
DA:410,0
DA:416,0
DA:419,0
DA:420,0
DA:423,0
DA:426,0
DA:427,0
DA:429,0
DA:430,0
DA:433,0
DA:436,0
DA:437,0
DA:440,0
DA:445,0
DA:446,0
DA:447,0
DA:450,0
DA:451,0
DA:452,0
DA:454,0
DA:455,0
DA:456,0
DA:457,0
DA:460,0
DA:461,0
DA:462,0
DA:464,0
DA:465,0
DA:466,0
DA:467,0
DA:468,0
DA:471,0
DA:477,0
DA:478,0
DA:479,0
DA:480,0
DA:481,0
DA:482,0
DA:486,0
DA:487,0
DA:489,0
DA:490,0
DA:493,0
DA:494,0
DA:498,0
DA:502,0
DA:504,0
DA:505,0
DA:510,0
DA:511,0
DA:512,0
DA:513,0
DA:514,0
DA:515,0
DA:516,0
DA:522,0
DA:523,0
DA:524,0
DA:525,0
DA:526,0
DA:527,0
DA:532,0
DA:534,0
DA:535,0
DA:537,0
DA:538,0
DA:540,0
DA:541,0
DA:542,0
DA:546,0
DA:547,0
DA:548,0
DA:549,0
DA:552,0
DA:555,0
DA:559,0
DA:564,0
DA:565,0
DA:567,0
DA:570,0
DA:571,0
DA:572,0
DA:573,0
DA:574,0
DA:577,0
DA:583,0
DA:585,0
DA:586,0
DA:589,0
DA:590,0
DA:591,0
DA:592,0
DA:593,0
DA:597,0
DA:599,0
DA:600,0
DA:603,0
DA:607,0
DA:608,0
DA:611,0
DA:612,0
DA:613,0
DA:614,0
DA:615,0
DA:620,0
DA:621,0
DA:622,0
DA:623,0
DA:630,0
DA:631,0
DA:632,0
DA:633,0
DA:637,0
DA:638,0
DA:639,0
DA:640,0
DA:644,0
DA:645,0
DA:646,0
DA:647,0
DA:651,0
DA:652,0
DA:653,0
DA:654,0
DA:656,0
DA:657,0
DA:661,0
DA:664,0
DA:671,0
DA:673,0
DA:675,0
DA:676,0
DA:677,0
DA:678,0
DA:682,0
DA:685,0
DA:686,0
DA:688,0
DA:690,0
DA:691,0
DA:692,0
DA:693,0
DA:696,0
DA:697,0
DA:702,0
DA:703,0
DA:704,0
DA:705,0
DA:709,0
DA:710,0
DA:711,0
DA:712,0
DA:713,0
DA:714,0
DA:715,0
DA:716,0
DA:720,0
DA:722,0
DA:723,0
DA:724,0
DA:725,0
DA:729,0
DA:732,0
DA:733,0
DA:734,0
DA:735,0
DA:738,0
DA:739,0
DA:740,0
DA:741,0
DA:742,0
DA:749,0
DA:750,0
DA:751,0
DA:752,0
DA:753,0
DA:758,0
DA:759,0
DA:760,0
DA:767,0
DA:768,0
DA:769,0
DA:770,0
DA:772,0
DA:774,0
DA:775,0
DA:776,0
DA:777,0
DA:782,0
DA:783,0
DA:784,0
DA:785,0
DA:787,0
DA:788,0
DA:790,0
DA:791,0
DA:792,0
DA:793,0
LF:399
LH:0
BRDA:19,0,0,0
BRDA:19,0,1,0
BRDA:41,1,0,0
BRDA:41,1,1,0
BRDA:53,2,0,0
BRDA:53,2,1,0
BRDA:57,3,0,0
BRDA:57,3,1,0
BRDA:59,4,0,0
BRDA:59,4,1,0
BRDA:70,5,0,0
BRDA:70,5,1,0
BRDA:73,6,0,0
BRDA:73,6,1,0
BRDA:75,7,0,0
BRDA:75,7,1,0
BRDA:81,8,0,0
BRDA:81,8,1,0
BRDA:88,9,0,0
BRDA:88,9,1,0
BRDA:89,10,0,0
BRDA:89,10,1,0
BRDA:95,11,0,0
BRDA:95,11,1,0
BRDA:108,12,0,0
BRDA:108,12,1,0
BRDA:121,13,0,0
BRDA:121,13,1,0
BRDA:126,14,0,0
BRDA:126,14,1,0
BRDA:147,15,0,0
BRDA:147,15,1,0
BRDA:165,16,0,0
BRDA:165,16,1,0
BRDA:170,17,0,0
BRDA:170,17,1,0
BRDA:177,18,0,0
BRDA:177,18,1,0
BRDA:184,19,0,0
BRDA:184,19,1,0
BRDA:191,20,0,0
BRDA:191,20,1,0
BRDA:198,21,0,0
BRDA:198,21,1,0
BRDA:207,22,0,0
BRDA:207,22,1,0
BRDA:207,23,0,0
BRDA:207,23,1,0
BRDA:214,24,0,0
BRDA:214,24,1,0
BRDA:218,25,0,0
BRDA:218,25,1,0
BRDA:241,26,0,0
BRDA:241,26,1,0
BRDA:244,27,0,0
BRDA:244,27,1,0
BRDA:244,28,0,0
BRDA:244,28,1,0
BRDA:244,28,2,0
BRDA:254,29,0,0
BRDA:254,29,1,0
BRDA:254,30,0,0
BRDA:254,30,1,0
BRDA:256,31,0,0
BRDA:256,31,1,0
BRDA:256,32,0,0
BRDA:256,32,1,0
BRDA:276,33,0,0
BRDA:276,33,1,0
BRDA:302,34,0,0
BRDA:302,34,1,0
BRDA:307,35,0,0
BRDA:307,35,1,0
BRDA:308,36,0,0
BRDA:308,36,1,0
BRDA:311,37,0,0
BRDA:311,37,1,0
BRDA:311,38,0,0
BRDA:311,38,1,0
BRDA:311,38,2,0
BRDA:313,39,0,0
BRDA:313,39,1,0
BRDA:325,40,0,0
BRDA:325,40,1,0
BRDA:325,41,0,0
BRDA:325,41,1,0
BRDA:326,42,0,0
BRDA:326,42,1,0
BRDA:331,43,0,0
BRDA:331,43,1,0
BRDA:331,44,0,0
BRDA:331,44,1,0
BRDA:331,44,2,0
BRDA:331,44,3,0
BRDA:338,45,0,0
BRDA:338,45,1,0
BRDA:348,46,0,0
BRDA:348,46,1,0
BRDA:348,47,0,0
BRDA:348,47,1,0
BRDA:365,48,0,0
BRDA:365,48,1,0
BRDA:369,49,0,0
BRDA:369,49,1,0
BRDA:381,50,0,0
BRDA:381,50,1,0
BRDA:398,51,0,0
BRDA:398,51,1,0
BRDA:398,52,0,0
BRDA:398,52,1,0
BRDA:398,52,2,0
BRDA:398,52,3,0
BRDA:399,53,0,0
BRDA:399,53,1,0
BRDA:405,54,0,0
BRDA:405,54,1,0
BRDA:445,55,0,0
BRDA:445,55,1,0
BRDA:455,56,0,0
BRDA:455,56,1,0
BRDA:460,57,0,0
BRDA:460,57,1,0
BRDA:461,58,0,0
BRDA:461,58,1,0
BRDA:464,59,0,0
BRDA:464,59,1,0
BRDA:464,60,0,0
BRDA:464,60,1,0
BRDA:464,60,2,0
BRDA:466,61,0,0
BRDA:466,61,1,0
BRDA:478,62,0,0
BRDA:478,62,1,0
BRDA:478,63,0,0
BRDA:478,63,1,0
BRDA:481,64,0,0
BRDA:481,64,1,0
BRDA:487,65,0,0
BRDA:487,65,1,0
BRDA:489,66,0,0
BRDA:489,66,1,0
BRDA:493,67,0,0
BRDA:493,67,1,0
BRDA:494,68,0,0
BRDA:494,68,1,0
BRDA:494,69,0,0
BRDA:494,69,1,0
BRDA:494,69,2,0
BRDA:494,69,3,0
BRDA:502,70,0,0
BRDA:502,70,1,0
BRDA:502,71,0,0
BRDA:502,71,1,0
BRDA:512,72,0,0
BRDA:512,72,1,0
BRDA:514,73,0,0
BRDA:514,73,1,0
BRDA:524,74,0,0
BRDA:524,74,1,0
BRDA:525,75,0,0
BRDA:525,75,1,0
BRDA:532,76,0,0
BRDA:532,76,1,0
BRDA:535,77,0,0
BRDA:535,77,1,0
BRDA:538,78,0,0
BRDA:538,78,1,0
BRDA:538,79,0,0
BRDA:538,79,1,0
BRDA:546,80,0,0
BRDA:546,80,1,0
BRDA:546,81,0,0
BRDA:546,81,1,0
BRDA:546,81,2,0
BRDA:548,82,0,0
BRDA:548,82,1,0
BRDA:565,83,0,0
BRDA:565,83,1,0
BRDA:571,84,0,0
BRDA:571,84,1,0
BRDA:585,85,0,0
BRDA:585,85,1,0
BRDA:590,86,0,0
BRDA:590,86,1,0
BRDA:590,87,0,0
BRDA:590,87,1,0
BRDA:612,88,0,0
BRDA:612,88,1,0
BRDA:612,89,0,0
BRDA:612,89,1,0
BRDA:620,90,0,0
BRDA:620,90,1,0
BRDA:631,91,0,0
BRDA:631,91,1,0
BRDA:637,92,0,0
BRDA:637,92,1,0
BRDA:653,93,0,0
BRDA:653,93,1,0
BRDA:656,94,0,0
BRDA:656,94,1,0
BRDA:673,95,0,0
BRDA:673,95,1,0
BRDA:673,96,0,0
BRDA:673,96,1,0
BRDA:675,97,0,0
BRDA:675,97,1,0
BRDA:688,98,0,0
BRDA:688,98,1,0
BRDA:692,99,0,0
BRDA:692,99,1,0
BRDA:696,100,0,0
BRDA:696,100,1,0
BRDA:696,101,0,0
BRDA:696,101,1,0
BRDA:702,102,0,0
BRDA:702,102,1,0
BRDA:703,103,0,0
BRDA:703,103,1,0
BRDA:709,104,0,0
BRDA:709,104,1,0
BRDA:711,105,0,0
BRDA:711,105,1,0
BRDA:713,106,0,0
BRDA:713,106,1,0
BRDA:713,107,0,0
BRDA:713,107,1,0
BRDA:720,108,0,0
BRDA:720,108,1,0
BRDA:722,109,0,0
BRDA:722,109,1,0
BRDA:729,110,0,0
BRDA:729,110,1,0
BRDA:729,111,0,0
BRDA:729,111,1,0
BRDA:729,111,2,0
BRDA:733,112,0,0
BRDA:733,112,1,0
BRDA:739,113,0,0
BRDA:739,113,1,0
BRDA:739,114,0,0
BRDA:739,114,1,0
BRDA:750,115,0,0
BRDA:750,115,1,0
BRDA:758,116,0,0
BRDA:758,116,1,0
BRDA:767,117,0,0
BRDA:767,117,1,0
BRDA:768,118,0,0
BRDA:768,118,1,0
BRDA:768,119,0,0
BRDA:768,119,1,0
BRDA:775,120,0,0
BRDA:775,120,1,0
BRDA:782,121,0,0
BRDA:782,121,1,0
BRDA:783,122,0,0
BRDA:783,122,1,0
BRDA:783,123,0,0
BRDA:783,123,1,0
BRDA:791,124,0,0
BRDA:791,124,1,0
BRF:261
BRH:0
end_of_record
